#
# There is insufficient memory for the Java Runtime Environment to continue.
# Native memory allocation (malloc) failed to allocate 65552 bytes for Chunk::new
# Possible reasons:
#   The system is out of physical RAM or swap space
#   The process is running with CompressedOops enabled, and the Java Heap may be blocking the growth of the native heap
# Possible solutions:
#   Reduce memory load on the system
#   Increase physical memory or swap space
#   Check if swap backing store is full
#   Decrease Java heap size (-Xmx/-Xms)
#   Decrease number of Java threads
#   Decrease Java thread stack sizes (-Xss)
#   Set larger code cache with -XX:ReservedCodeCacheSize=
#   JVM is running with Unscaled Compressed Oops mode in which the Java heap is
#     placed in the first 4GB address space. The Java Heap base address is the
#     maximum limit for the native heap growth. Please use -XX:HeapBaseMinAddress
#     to set the Java Heap base and to place the Java Heap above 4GB virtual address.
# This output file may be truncated or incomplete.
#
#  Out of Memory Error (arena.cpp:168), pid=8456, tid=10512
#
# JRE version: Java(TM) SE Runtime Environment (21.0.11+9) (build 21.0.11+9-LTS-211)
# Java VM: Java HotSpot(TM) 64-Bit Server VM (21.0.11+9-LTS-211, mixed mode, sharing, tiered, compressed oops, compressed class ptrs, g1 gc, windows-amd64)
# No core dump will be written. Minidumps are not enabled by default on client versions of Windows
#

---------------  S U M M A R Y ------------

Command Line: C:\Users\4\AppData\Local\Temp\surefire9876276884185564600\surefirebooter-20260602211540558_3.jar C:\Users\4\AppData\Local\Temp\surefire9876276884185564600 2026-06-02T21-15-40_180-jvmRun1 surefire-20260602211540558_1tmp surefire_0-20260602211540558_2tmp

Host: Intel(R) Core(TM) i5-4300M CPU @ 2.60GHz, 4 cores, 3G,  Windows 10 , 64 bit Build 19041 (10.0.19041.7291)
Time: Tue Jun  2 21:15:45 2026 India Standard Time elapsed time: 4.687590 seconds (0d 0h 0m 4s)

---------------  T H R E A D  ---------------

Current thread (0x0000028379730750):  JavaThread "C2 CompilerThread0" daemon [_thread_in_native, id=10512, stack(0x000000bb6f800000,0x000000bb6f900000) (1024K)]


Current CompileTask:
C2:   4687 3598       4       java.lang.invoke.MethodType::makeImpl (109 bytes)

Stack: [0x000000bb6f800000,0x000000bb6f900000]
Native frames: (J=compiled Java code, j=interpreted, Vv=VM code, C=native code)
V  [jvm.dll+0x6d0ef9]
V  [jvm.dll+0x860126]
V  [jvm.dll+0x86261e]
V  [jvm.dll+0x862cf3]
V  [jvm.dll+0x282bc6]
V  [jvm.dll+0xc67ad]
V  [jvm.dll+0xc6cf1]
V  [jvm.dll+0xc68d5]
V  [jvm.dll+0x6ae2fc]
V  [jvm.dll+0x5e7eae]
V  [jvm.dll+0x5e7733]
V  [jvm.dll+0x5e7128]
V  [jvm.dll+0x5ea36b]
V  [jvm.dll+0x5e9cc9]
V  [jvm.dll+0x5e952e]
V  [jvm.dll+0x5e94f5]
V  [jvm.dll+0x5e9541]
V  [jvm.dll+0x5e9541]
V  [jvm.dll+0x5fb833]
V  [jvm.dll+0x254b87]
V  [jvm.dll+0x24d0eb]
V  [jvm.dll+0x24a9fe]
V  [jvm.dll+0x1cae7e]
V  [jvm.dll+0x25a7d9]
V  [jvm.dll+0x258d65]
V  [jvm.dll+0x3f50d1]
V  [jvm.dll+0x80ac0d]
V  [jvm.dll+0x6cf79d]
C  [ucrtbase.dll+0x21bb2]
C  [KERNEL32.DLL+0x17374]
C  [ntdll.dll+0x4cc91]


---------------  P R O C E S S  ---------------

Threads class SMR info:
_java_thread_list=0x0000028341772510, length=13, elements={
0x000002835c9b86f0, 0x000002837971f3e0, 0x00000283797202b0, 0x00000283797232d0,
0x0000028379723d30, 0x0000028379725290, 0x0000028379728c40, 0x0000028379730750,
0x0000028379731aa0, 0x0000028379727f20, 0x0000028379726b70, 0x00000283797292d0,
0x0000028379727200
}

Java Threads: ( => current thread )
  0x000002835c9b86f0 JavaThread "main"                              [_thread_in_Java, id=6600, stack(0x000000bb6ea00000,0x000000bb6eb00000) (1024K)]
  0x000002837971f3e0 JavaThread "Reference Handler"          daemon [_thread_blocked, id=12184, stack(0x000000bb6f200000,0x000000bb6f300000) (1024K)]
  0x00000283797202b0 JavaThread "Finalizer"                  daemon [_thread_blocked, id=5924, stack(0x000000bb6f300000,0x000000bb6f400000) (1024K)]
  0x00000283797232d0 JavaThread "Signal Dispatcher"          daemon [_thread_blocked, id=9016, stack(0x000000bb6f400000,0x000000bb6f500000) (1024K)]
  0x0000028379723d30 JavaThread "Attach Listener"            daemon [_thread_blocked, id=13856, stack(0x000000bb6f500000,0x000000bb6f600000) (1024K)]
  0x0000028379725290 JavaThread "Service Thread"             daemon [_thread_blocked, id=4484, stack(0x000000bb6f600000,0x000000bb6f700000) (1024K)]
  0x0000028379728c40 JavaThread "Monitor Deflation Thread"   daemon [_thread_blocked, id=7648, stack(0x000000bb6f700000,0x000000bb6f800000) (1024K)]
=>0x0000028379730750 JavaThread "C2 CompilerThread0"         daemon [_thread_in_native, id=10512, stack(0x000000bb6f800000,0x000000bb6f900000) (1024K)]
  0x0000028379731aa0 JavaThread "C1 CompilerThread0"         daemon [_thread_in_native, id=13472, stack(0x000000bb6f900000,0x000000bb6fa00000) (1024K)]
  0x0000028379727f20 JavaThread "Notification Thread"        daemon [_thread_blocked, id=9036, stack(0x000000bb6fa00000,0x000000bb6fb00000) (1024K)]
  0x0000028379726b70 JavaThread "Common-Cleaner"             daemon [_thread_blocked, id=11816, stack(0x000000bb6fb00000,0x000000bb6fc00000) (1024K)]
  0x00000283797292d0 JavaThread "surefire-forkedjvm-stream-flusher" daemon [_thread_blocked, id=7104, stack(0x000000bb6fc00000,0x000000bb6fd00000) (1024K)]
  0x0000028379727200 JavaThread "surefire-forkedjvm-command-thread" daemon [_thread_in_native, id=13508, stack(0x000000bb6ff00000,0x000000bb70000000) (1024K)]
Total: 13

Other Threads:
  0x000002835eb176b0 VMThread "VM Thread"                           [id=13952, stack(0x000000bb6f100000,0x000000bb6f200000) (1024K)]
  0x000002837971cb50 WatcherThread "VM Periodic Task Thread"        [id=9360, stack(0x000000bb6f000000,0x000000bb6f100000) (1024K)]
  0x000002835ea91620 WorkerThread "GC Thread#0"                     [id=2208, stack(0x000000bb6eb00000,0x000000bb6ec00000) (1024K)]
  0x000002837e5b27f0 WorkerThread "GC Thread#1"                     [id=2784, stack(0x000000bb6fd00000,0x000000bb6fe00000) (1024K)]
  0x000002837e5e2620 WorkerThread "GC Thread#2"                     [id=8484, stack(0x000000bb6fe00000,0x000000bb6ff00000) (1024K)]
  0x000002837e9d2080 WorkerThread "GC Thread#3"                     [id=10160, stack(0x000000bb70000000,0x000000bb70100000) (1024K)]
  0x000002835ea9a310 ConcurrentGCThread "G1 Main Marker"            [id=11332, stack(0x000000bb6ec00000,0x000000bb6ed00000) (1024K)]
  0x000002835ea9b3d0 WorkerThread "G1 Conc#0"                       [id=10660, stack(0x000000bb6ed00000,0x000000bb6ee00000) (1024K)]
  0x000002835eaf9830 ConcurrentGCThread "G1 Refine#0"               [id=13192, stack(0x000000bb6ee00000,0x000000bb6ef00000) (1024K)]
  0x000002835eafa1c0 ConcurrentGCThread "G1 Service"                [id=604, stack(0x000000bb6ef00000,0x000000bb6f000000) (1024K)]
Total: 10

Threads with active compile tasks:
C2 CompilerThread0     4716 3598       4       java.lang.invoke.MethodType::makeImpl (109 bytes)
C1 CompilerThread0     4716 3698       3       java.util.stream.AbstractPipeline::evaluate (44 bytes)
Total: 2

VM state: not at safepoint (normal execution)

VM Mutex/Monitor currently owned by a thread: None

Heap address: 0x00000000c1600000, size: 1002 MB, Compressed Oops mode: 32-bit

CDS archive(s) mapped at: [0x0000028300000000-0x0000028300c90000-0x0000028300c90000), size 13172736, SharedBaseAddress: 0x0000028300000000, ArchiveRelocationMode: 1.
Compressed class space mapped at: 0x0000028301000000-0x0000028341000000, reserved size: 1073741824
Narrow klass base: 0x0000028300000000, Narrow klass shift: 0, Narrow klass range: 0x100000000

GC Precious Log:
 CardTable entry size: 512
 Card Set container configuration: InlinePtr #cards 5 size 8 Array Of Cards #cards 12 size 40 Howl #buckets 4 coarsen threshold 1843 Howl Bitmap #cards 512 size 80 coarsen threshold 460 Card regions per heap region 1 cards per card region 2048
 CPUs: 4 total, 4 available
 Memory: 4001M
 Large Page Support: Disabled
 NUMA Support: Disabled
 Compressed Oops: Enabled (32-bit)
 Heap Region Size: 1M
 Heap Min Capacity: 8M
 Heap Initial Capacity: 64M
 Heap Max Capacity: 1002M
 Pre-touch: Disabled
 Parallel Workers: 4
 Concurrent Workers: 1
 Concurrent Refinement Workers: 4
 Periodic GC: Disabled

Heap:
 garbage-first heap   total 65536K, used 31107K [0x00000000c1600000, 0x0000000100000000)
  region size 1024K, 15 young (15360K), 4 survivors (4096K)
 Metaspace       used 27487K, committed 27904K, reserved 1114112K
  class space    used 3558K, committed 3712K, reserved 1048576K

Heap Regions: E=young(eden), S=young(survivor), O=old, HS=humongous(starts), HC=humongous(continues), CS=collection set, F=free, TAMS=top-at-mark-start, PB=parsable bottom
|   0|0x00000000c1600000, 0x00000000c1700000, 0x00000000c1700000|100%|HS|  |TAMS 0x00000000c1600000| PB 0x00000000c1600000| Complete 
|   1|0x00000000c1700000, 0x00000000c1800000, 0x00000000c1800000|100%|HS|  |TAMS 0x00000000c1700000| PB 0x00000000c1700000| Complete 
|   2|0x00000000c1800000, 0x00000000c1900000, 0x00000000c1900000|100%| O|  |TAMS 0x00000000c1800000| PB 0x00000000c1800000| Untracked 
|   3|0x00000000c1900000, 0x00000000c1a00000, 0x00000000c1a00000|100%| O|  |TAMS 0x00000000c1900000| PB 0x00000000c1900000| Untracked 
|   4|0x00000000c1a00000, 0x00000000c1b00000, 0x00000000c1b00000|100%| O|  |TAMS 0x00000000c1a00000| PB 0x00000000c1a00000| Untracked 
|   5|0x00000000c1b00000, 0x00000000c1c00000, 0x00000000c1c00000|100%| O|  |TAMS 0x00000000c1b00000| PB 0x00000000c1b00000| Untracked 
|   6|0x00000000c1c00000, 0x00000000c1d00000, 0x00000000c1d00000|100%| O|  |TAMS 0x00000000c1c00000| PB 0x00000000c1c00000| Untracked 
|   7|0x00000000c1d00000, 0x00000000c1e00000, 0x00000000c1e00000|100%| O|  |TAMS 0x00000000c1d00000| PB 0x00000000c1d00000| Untracked 
|   8|0x00000000c1e00000, 0x00000000c1f00000, 0x00000000c1f00000|100%| O|  |TAMS 0x00000000c1e00000| PB 0x00000000c1e00000| Untracked 
|   9|0x00000000c1f00000, 0x00000000c2000000, 0x00000000c2000000|100%| O|  |TAMS 0x00000000c1f00000| PB 0x00000000c1f00000| Untracked 
|  10|0x00000000c2000000, 0x00000000c2100000, 0x00000000c2100000|100%| O|  |TAMS 0x00000000c2000000| PB 0x00000000c2000000| Untracked 
|  11|0x00000000c2100000, 0x00000000c2200000, 0x00000000c2200000|100%| O|  |TAMS 0x00000000c2100000| PB 0x00000000c2100000| Untracked 
|  12|0x00000000c2200000, 0x00000000c2300000, 0x00000000c2300000|100%| O|Cm|TAMS 0x00000000c2200000| PB 0x00000000c2200000| Complete 
|  13|0x00000000c2300000, 0x00000000c2400000, 0x00000000c2400000|100%| O|  |TAMS 0x00000000c2300000| PB 0x00000000c2300000| Untracked 
|  14|0x00000000c2400000, 0x00000000c2500000, 0x00000000c2500000|100%| O|  |TAMS 0x00000000c2400000| PB 0x00000000c2400000| Untracked 
|  15|0x00000000c2500000, 0x00000000c2600000, 0x00000000c2600000|100%| O|  |TAMS 0x00000000c2500000| PB 0x00000000c2500000| Untracked 
|  16|0x00000000c2600000, 0x00000000c266ba08, 0x00000000c2700000| 42%| O|  |TAMS 0x00000000c2600000| PB 0x00000000c2600000| Untracked 
|  17|0x00000000c2700000, 0x00000000c2700000, 0x00000000c2800000|  0%| F|  |TAMS 0x00000000c2700000| PB 0x00000000c2700000| Untracked 
|  18|0x00000000c2800000, 0x00000000c2800000, 0x00000000c2900000|  0%| F|  |TAMS 0x00000000c2800000| PB 0x00000000c2800000| Untracked 
|  19|0x00000000c2900000, 0x00000000c2900000, 0x00000000c2a00000|  0%| F|  |TAMS 0x00000000c2900000| PB 0x00000000c2900000| Untracked 
|  20|0x00000000c2a00000, 0x00000000c2a00000, 0x00000000c2b00000|  0%| F|  |TAMS 0x00000000c2a00000| PB 0x00000000c2a00000| Untracked 
|  21|0x00000000c2b00000, 0x00000000c2b00000, 0x00000000c2c00000|  0%| F|  |TAMS 0x00000000c2b00000| PB 0x00000000c2b00000| Untracked 
|  22|0x00000000c2c00000, 0x00000000c2c00000, 0x00000000c2d00000|  0%| F|  |TAMS 0x00000000c2c00000| PB 0x00000000c2c00000| Untracked 
|  23|0x00000000c2d00000, 0x00000000c2d00000, 0x00000000c2e00000|  0%| F|  |TAMS 0x00000000c2d00000| PB 0x00000000c2d00000| Untracked 
|  24|0x00000000c2e00000, 0x00000000c2e00000, 0x00000000c2f00000|  0%| F|  |TAMS 0x00000000c2e00000| PB 0x00000000c2e00000| Untracked 
|  25|0x00000000c2f00000, 0x00000000c2ff5230, 0x00000000c3000000| 95%| S|CS|TAMS 0x00000000c2f00000| PB 0x00000000c2f00000| Complete 
|  26|0x00000000c3000000, 0x00000000c3100000, 0x00000000c3100000|100%| S|CS|TAMS 0x00000000c3000000| PB 0x00000000c3000000| Complete 
|  27|0x00000000c3100000, 0x00000000c3200000, 0x00000000c3200000|100%| S|CS|TAMS 0x00000000c3100000| PB 0x00000000c3100000| Complete 
|  28|0x00000000c3200000, 0x00000000c3300000, 0x00000000c3300000|100%| S|CS|TAMS 0x00000000c3200000| PB 0x00000000c3200000| Complete 
|  29|0x00000000c3300000, 0x00000000c3300000, 0x00000000c3400000|  0%| F|  |TAMS 0x00000000c3300000| PB 0x00000000c3300000| Untracked 
|  30|0x00000000c3400000, 0x00000000c3400000, 0x00000000c3500000|  0%| F|  |TAMS 0x00000000c3400000| PB 0x00000000c3400000| Untracked 
|  31|0x00000000c3500000, 0x00000000c3500000, 0x00000000c3600000|  0%| F|  |TAMS 0x00000000c3500000| PB 0x00000000c3500000| Untracked 
|  32|0x00000000c3600000, 0x00000000c3600000, 0x00000000c3700000|  0%| F|  |TAMS 0x00000000c3600000| PB 0x00000000c3600000| Untracked 
|  33|0x00000000c3700000, 0x00000000c3700000, 0x00000000c3800000|  0%| F|  |TAMS 0x00000000c3700000| PB 0x00000000c3700000| Untracked 
|  34|0x00000000c3800000, 0x00000000c3800000, 0x00000000c3900000|  0%| F|  |TAMS 0x00000000c3800000| PB 0x00000000c3800000| Untracked 
|  35|0x00000000c3900000, 0x00000000c3900000, 0x00000000c3a00000|  0%| F|  |TAMS 0x00000000c3900000| PB 0x00000000c3900000| Untracked 
|  36|0x00000000c3a00000, 0x00000000c3a00000, 0x00000000c3b00000|  0%| F|  |TAMS 0x00000000c3a00000| PB 0x00000000c3a00000| Untracked 
|  37|0x00000000c3b00000, 0x00000000c3b00000, 0x00000000c3c00000|  0%| F|  |TAMS 0x00000000c3b00000| PB 0x00000000c3b00000| Untracked 
|  38|0x00000000c3c00000, 0x00000000c3c00000, 0x00000000c3d00000|  0%| F|  |TAMS 0x00000000c3c00000| PB 0x00000000c3c00000| Untracked 
|  39|0x00000000c3d00000, 0x00000000c3d00000, 0x00000000c3e00000|  0%| F|  |TAMS 0x00000000c3d00000| PB 0x00000000c3d00000| Untracked 
|  40|0x00000000c3e00000, 0x00000000c3e00000, 0x00000000c3f00000|  0%| F|  |TAMS 0x00000000c3e00000| PB 0x00000000c3e00000| Untracked 
|  41|0x00000000c3f00000, 0x00000000c3f00000, 0x00000000c4000000|  0%| F|  |TAMS 0x00000000c3f00000| PB 0x00000000c3f00000| Untracked 
|  42|0x00000000c4000000, 0x00000000c4000000, 0x00000000c4100000|  0%| F|  |TAMS 0x00000000c4000000| PB 0x00000000c4000000| Untracked 
|  43|0x00000000c4100000, 0x00000000c4100000, 0x00000000c4200000|  0%| F|  |TAMS 0x00000000c4100000| PB 0x00000000c4100000| Untracked 
|  44|0x00000000c4200000, 0x00000000c4200000, 0x00000000c4300000|  0%| F|  |TAMS 0x00000000c4200000| PB 0x00000000c4200000| Untracked 
|  45|0x00000000c4300000, 0x00000000c4300000, 0x00000000c4400000|  0%| F|  |TAMS 0x00000000c4300000| PB 0x00000000c4300000| Untracked 
|  46|0x00000000c4400000, 0x00000000c4400000, 0x00000000c4500000|  0%| F|  |TAMS 0x00000000c4400000| PB 0x00000000c4400000| Untracked 
|  47|0x00000000c4500000, 0x00000000c4500000, 0x00000000c4600000|  0%| F|  |TAMS 0x00000000c4500000| PB 0x00000000c4500000| Untracked 
|  48|0x00000000c4600000, 0x00000000c4600000, 0x00000000c4700000|  0%| F|  |TAMS 0x00000000c4600000| PB 0x00000000c4600000| Untracked 
|  49|0x00000000c4700000, 0x00000000c4700000, 0x00000000c4800000|  0%| F|  |TAMS 0x00000000c4700000| PB 0x00000000c4700000| Untracked 
|  50|0x00000000c4800000, 0x00000000c4800000, 0x00000000c4900000|  0%| F|  |TAMS 0x00000000c4800000| PB 0x00000000c4800000| Untracked 
|  51|0x00000000c4900000, 0x00000000c4900000, 0x00000000c4a00000|  0%| F|  |TAMS 0x00000000c4900000| PB 0x00000000c4900000| Untracked 
|  52|0x00000000c4a00000, 0x00000000c4a00000, 0x00000000c4b00000|  0%| F|  |TAMS 0x00000000c4a00000| PB 0x00000000c4a00000| Untracked 
|  53|0x00000000c4b00000, 0x00000000c4bf12e8, 0x00000000c4c00000| 94%| E|  |TAMS 0x00000000c4b00000| PB 0x00000000c4b00000| Complete 
|  54|0x00000000c4c00000, 0x00000000c4d00000, 0x00000000c4d00000|100%| E|CS|TAMS 0x00000000c4c00000| PB 0x00000000c4c00000| Complete 
|  55|0x00000000c4d00000, 0x00000000c4e00000, 0x00000000c4e00000|100%| E|CS|TAMS 0x00000000c4d00000| PB 0x00000000c4d00000| Complete 
|  56|0x00000000c4e00000, 0x00000000c4f00000, 0x00000000c4f00000|100%| E|CS|TAMS 0x00000000c4e00000| PB 0x00000000c4e00000| Complete 
|  57|0x00000000c4f00000, 0x00000000c5000000, 0x00000000c5000000|100%| E|CS|TAMS 0x00000000c4f00000| PB 0x00000000c4f00000| Complete 
|  58|0x00000000c5000000, 0x00000000c5100000, 0x00000000c5100000|100%| E|CS|TAMS 0x00000000c5000000| PB 0x00000000c5000000| Complete 
|  59|0x00000000c5100000, 0x00000000c5200000, 0x00000000c5200000|100%| E|CS|TAMS 0x00000000c5100000| PB 0x00000000c5100000| Complete 
|  60|0x00000000c5200000, 0x00000000c5300000, 0x00000000c5300000|100%| E|CS|TAMS 0x00000000c5200000| PB 0x00000000c5200000| Complete 
|  61|0x00000000c5300000, 0x00000000c5400000, 0x00000000c5400000|100%| E|CS|TAMS 0x00000000c5300000| PB 0x00000000c5300000| Complete 
|  62|0x00000000c5400000, 0x00000000c5500000, 0x00000000c5500000|100%| E|CS|TAMS 0x00000000c5400000| PB 0x00000000c5400000| Complete 
|  63|0x00000000c5500000, 0x00000000c5600000, 0x00000000c5600000|100%| E|CS|TAMS 0x00000000c5500000| PB 0x00000000c5500000| Complete 

Card table byte_map: [0x0000028376120000,0x0000028376320000] _byte_map_base: 0x0000028375b15000

Marking Bits: (CMBitMap*) 0x000002835ea91b40
 Bits: [0x0000028376320000, 0x00000283772c8000)

Polling page: 0x000002835c900000

Metaspace:

Usage:
  Non-class:     23.37 MB used.
      Class:      3.47 MB used.
       Both:     26.85 MB used.

Virtual space:
  Non-class space:       64.00 MB reserved,      23.62 MB ( 37%) committed,  1 nodes.
      Class space:        1.00 GB reserved,       3.62 MB ( <1%) committed,  1 nodes.
             Both:        1.06 GB reserved,      27.25 MB (  3%) committed. 

Chunk freelists:
   Non-Class:  7.73 MB
       Class:  12.33 MB
        Both:  20.06 MB

MaxMetaspaceSize: unlimited
CompressedClassSpaceSize: 1.00 GB
Initial GC threshold: 21.00 MB
Current GC threshold: 35.12 MB
CDS: on
 - commit_granule_bytes: 65536.
 - commit_granule_words: 8192.
 - virtual_space_node_default_size: 8388608.
 - enlarge_chunks_in_place: 1.
 - use_allocation_guard: 0.


Internal statistics:

num_allocs_failed_limit: 3.
num_arena_births: 484.
num_arena_deaths: 0.
num_vsnodes_births: 2.
num_vsnodes_deaths: 0.
num_space_committed: 436.
num_space_uncommitted: 0.
num_chunks_returned_to_freelist: 3.
num_chunks_taken_from_freelist: 1519.
num_chunk_merges: 3.
num_chunk_splits: 989.
num_chunks_enlarged: 683.
num_inconsistent_stats: 0.

CodeHeap 'non-profiled nmethods': size=120000Kb used=1476Kb max_used=1476Kb free=118523Kb
 bounds [0x000002836e9f0000, 0x000002836ec60000, 0x0000028375f20000]
CodeHeap 'profiled nmethods': size=120000Kb used=7204Kb max_used=7204Kb free=112796Kb
 bounds [0x0000028366f20000, 0x0000028367630000, 0x000002836e450000]
CodeHeap 'non-nmethods': size=5760Kb used=1456Kb max_used=1504Kb free=4303Kb
 bounds [0x000002836e450000, 0x000002836e6c0000, 0x000002836e9f0000]
 total_blobs=4225 nmethods=3687 adapters=442
 compilation: enabled
              stopped_count=0, restarted_count=0
 full_count=0

Compilation events (20 events):
Event: 4.683 Thread 0x0000028379731aa0 3652       3       java.nio.Buffer::checkSession (14 bytes)
Event: 4.683 Thread 0x0000028379731aa0 nmethod 3652 0x000002836760fe90 code [0x0000028367610060, 0x0000028367610478]
Event: 4.683 Thread 0x0000028379731aa0 3653       3       jdk.internal.misc.Unsafe::pick (12 bytes)
Event: 4.683 Thread 0x0000028379731aa0 nmethod 3653 0x0000028367610590 code [0x0000028367610720, 0x0000028367610828]
Event: 4.683 Thread 0x0000028379731aa0 3654       3       java.nio.CharBuffer::hasArray (20 bytes)
Event: 4.683 Thread 0x0000028379731aa0 nmethod 3654 0x0000028367610890 code [0x0000028367610a40, 0x0000028367610be0]
Event: 4.683 Thread 0x0000028379731aa0 3655       3       java.nio.Buffer::remaining (20 bytes)
Event: 4.683 Thread 0x0000028379731aa0 nmethod 3655 0x0000028367610c90 code [0x0000028367610e40, 0x0000028367610fc8]
Event: 4.683 Thread 0x0000028379731aa0 3657       3       org.apache.maven.surefire.api.stream.AbstractStreamEncoder::nonNull (11 bytes)
Event: 4.683 Thread 0x0000028379731aa0 nmethod 3657 0x0000028367611090 code [0x0000028367611220, 0x0000028367611360]
Event: 4.683 Thread 0x0000028379731aa0 3658       3       java.nio.ByteBuffer::put (9 bytes)
Event: 4.683 Thread 0x0000028379731aa0 nmethod 3658 0x0000028367611410 code [0x00000283676115c0, 0x00000283676117a0]
Event: 4.683 Thread 0x0000028379731aa0 3659       3       java.nio.HeapByteBuffer::put (64 bytes)
Event: 4.684 Thread 0x0000028379731aa0 nmethod 3659 0x0000028367611890 code [0x0000028367611b00, 0x00000283676124b8]
Event: 4.684 Thread 0x0000028379731aa0 3656       1       java.nio.charset.CharsetEncoder::maxBytesPerChar (5 bytes)
Event: 4.684 Thread 0x0000028379731aa0 nmethod 3656 0x000002836eb60590 code [0x000002836eb60720, 0x000002836eb607e8]
Event: 4.684 Thread 0x0000028379731aa0 3660       1       org.apache.maven.surefire.api.report.RunMode::getRunmodeBinary (5 bytes)
Event: 4.684 Thread 0x0000028379731aa0 nmethod 3660 0x000002836eb60890 code [0x000002836eb60a20, 0x000002836eb60ae8]
Event: 4.685 Thread 0x0000028379731aa0 3661       3       org.junit.platform.commons.util.AnnotationUtils::findRepeatableAnnotations (135 bytes)
Event: 4.685 Thread 0x0000028379731aa0 nmethod 3661 0x0000028367612810 code [0x0000028367612a60, 0x0000028367613338]

GC Heap History (12 events):
Event: 0.314 GC heap before
{Heap before GC invocations=0 (full 0):
 garbage-first heap   total 65536K, used 14336K [0x00000000c1600000, 0x0000000100000000)
  region size 1024K, 13 young (13312K), 0 survivors (0K)
 Metaspace       used 1386K, committed 1472K, reserved 1114112K
  class space    used 124K, committed 192K, reserved 1048576K
}
Event: 0.320 GC heap after
{Heap after GC invocations=1 (full 0):
 garbage-first heap   total 65536K, used 10942K [0x00000000c1600000, 0x0000000100000000)
  region size 1024K, 2 young (2048K), 2 survivors (2048K)
 Metaspace       used 1386K, committed 1472K, reserved 1114112K
  class space    used 124K, committed 192K, reserved 1048576K
}
Event: 0.585 GC heap before
{Heap before GC invocations=1 (full 0):
 garbage-first heap   total 65536K, used 18110K [0x00000000c1600000, 0x0000000100000000)
  region size 1024K, 10 young (10240K), 2 survivors (2048K)
 Metaspace       used 3501K, committed 3712K, reserved 1114112K
  class space    used 341K, committed 448K, reserved 1048576K
}
Event: 0.589 GC heap after
{Heap after GC invocations=2 (full 0):
 garbage-first heap   total 65536K, used 12497K [0x00000000c1600000, 0x0000000100000000)
  region size 1024K, 2 young (2048K), 2 survivors (2048K)
 Metaspace       used 3501K, committed 3712K, reserved 1114112K
  class space    used 341K, committed 448K, reserved 1048576K
}
Event: 1.595 GC heap before
{Heap before GC invocations=2 (full 0):
 garbage-first heap   total 65536K, used 32977K [0x00000000c1600000, 0x0000000100000000)
  region size 1024K, 23 young (23552K), 2 survivors (2048K)
 Metaspace       used 9166K, committed 9408K, reserved 1114112K
  class space    used 1093K, committed 1216K, reserved 1048576K
}
Event: 1.601 GC heap after
{Heap after GC invocations=3 (full 0):
 garbage-first heap   total 65536K, used 14546K [0x00000000c1600000, 0x0000000100000000)
  region size 1024K, 2 young (2048K), 2 survivors (2048K)
 Metaspace       used 9166K, committed 9408K, reserved 1114112K
  class space    used 1093K, committed 1216K, reserved 1048576K
}
Event: 2.644 GC heap before
{Heap before GC invocations=3 (full 0):
 garbage-first heap   total 65536K, used 44242K [0x00000000c1600000, 0x0000000100000000)
  region size 1024K, 31 young (31744K), 2 survivors (2048K)
 Metaspace       used 16788K, committed 17216K, reserved 1114112K
  class space    used 2190K, committed 2368K, reserved 1048576K
}
Event: 2.651 GC heap after
{Heap after GC invocations=4 (full 0):
 garbage-first heap   total 65536K, used 16849K [0x00000000c1600000, 0x0000000100000000)
  region size 1024K, 4 young (4096K), 4 survivors (4096K)
 Metaspace       used 16788K, committed 17216K, reserved 1114112K
  class space    used 2190K, committed 2368K, reserved 1048576K
}
Event: 2.960 GC heap before
{Heap before GC invocations=4 (full 0):
 garbage-first heap   total 65536K, used 33233K [0x00000000c1600000, 0x0000000100000000)
  region size 1024K, 21 young (21504K), 4 survivors (4096K)
 Metaspace       used 21162K, committed 21504K, reserved 1114112K
  class space    used 2696K, committed 2880K, reserved 1048576K
}
Event: 2.967 GC heap after
{Heap after GC invocations=5 (full 0):
 garbage-first heap   total 65536K, used 17861K [0x00000000c1600000, 0x0000000100000000)
  region size 1024K, 4 young (4096K), 4 survivors (4096K)
 Metaspace       used 21162K, committed 21504K, reserved 1114112K
  class space    used 2696K, committed 2880K, reserved 1048576K
}
Event: 3.795 GC heap before
{Heap before GC invocations=6 (full 0):
 garbage-first heap   total 65536K, used 49605K [0x00000000c1600000, 0x0000000100000000)
  region size 1024K, 35 young (35840K), 4 survivors (4096K)
 Metaspace       used 25552K, committed 25984K, reserved 1114112K
  class space    used 3275K, committed 3456K, reserved 1048576K
}
Event: 3.807 GC heap after
{Heap after GC invocations=7 (full 0):
 garbage-first heap   total 65536K, used 20867K [0x00000000c1600000, 0x0000000100000000)
  region size 1024K, 4 young (4096K), 4 survivors (4096K)
 Metaspace       used 25552K, committed 25984K, reserved 1114112K
  class space    used 3275K, committed 3456K, reserved 1048576K
}

Dll operation events (9 events):
Event: 0.005 Loaded shared library C:\Program Files\Java\jdk-21.0.11\bin\java.dll
Event: 0.038 Loaded shared library C:\Program Files\Java\jdk-21.0.11\bin\jsvml.dll
Event: 0.057 Loaded shared library C:\Program Files\Java\jdk-21.0.11\bin\net.dll
Event: 0.059 Loaded shared library C:\Program Files\Java\jdk-21.0.11\bin\nio.dll
Event: 0.063 Loaded shared library C:\Program Files\Java\jdk-21.0.11\bin\zip.dll
Event: 0.125 Loaded shared library C:\Program Files\Java\jdk-21.0.11\bin\management.dll
Event: 0.134 Loaded shared library C:\Program Files\Java\jdk-21.0.11\bin\management_ext.dll
Event: 0.167 Loaded shared library C:\Program Files\Java\jdk-21.0.11\bin\jimage.dll
Event: 3.244 Loaded shared library C:\Program Files\Java\jdk-21.0.11\bin\sunmscapi.dll

Deoptimization events (20 events):
Event: 3.883 Thread 0x000002835c9b86f0 Uncommon trap: trap_request=0xffffff45 fr.pc=0x000002836eaa86c8 relative=0x0000000000000288
Event: 3.883 Thread 0x000002835c9b86f0 Uncommon trap: reason=unstable_if action=reinterpret pc=0x000002836eaa86c8 method=java.util.concurrent.ConcurrentHashMap.get(Ljava/lang/Object;)Ljava/lang/Object; @ 76 c2
Event: 3.883 Thread 0x000002835c9b86f0 DEOPT PACKING pc=0x000002836eaa86c8 sp=0x000000bb6eaf78b0
Event: 3.883 Thread 0x000002835c9b86f0 DEOPT UNPACKING pc=0x000002836e4a46a2 sp=0x000000bb6eaf7828 mode 2
Event: 4.257 Thread 0x000002835c9b86f0 Uncommon trap: trap_request=0xffffff45 fr.pc=0x000002836eadc80c relative=0x000000000000006c
Event: 4.257 Thread 0x000002835c9b86f0 Uncommon trap: reason=unstable_if action=reinterpret pc=0x000002836eadc80c method=org.springframework.util.ConcurrentReferenceHashMap$Segment.clear()V @ 7 c2
Event: 4.257 Thread 0x000002835c9b86f0 DEOPT PACKING pc=0x000002836eadc80c sp=0x000000bb6eafbd90
Event: 4.257 Thread 0x000002835c9b86f0 DEOPT UNPACKING pc=0x000002836e4a46a2 sp=0x000000bb6eafbd20 mode 2
Event: 4.269 Thread 0x000002835c9b86f0 Uncommon trap: trap_request=0xffffffcc fr.pc=0x000002836eb4ef8c relative=0x000000000000034c
Event: 4.269 Thread 0x000002835c9b86f0 Uncommon trap: reason=intrinsic_or_type_checked_inlining action=make_not_entrant pc=0x000002836eb4ef8c method=java.util.Arrays.copyOf([Ljava/lang/Object;ILjava/lang/Class;)[Ljava/lang/Object; @ 35 c2
Event: 4.269 Thread 0x000002835c9b86f0 DEOPT PACKING pc=0x000002836eb4ef8c sp=0x000000bb6eafb650
Event: 4.269 Thread 0x000002835c9b86f0 DEOPT UNPACKING pc=0x000002836e4a46a2 sp=0x000000bb6eafb5f8 mode 2
Event: 4.576 Thread 0x000002835c9b86f0 Uncommon trap: trap_request=0xffffff45 fr.pc=0x000002836ea2e14c relative=0x000000000000036c
Event: 4.576 Thread 0x000002835c9b86f0 Uncommon trap: reason=unstable_if action=reinterpret pc=0x000002836ea2e14c method=java.lang.AbstractStringBuilder.append(Ljava/lang/String;)Ljava/lang/AbstractStringBuilder; @ 1 c2
Event: 4.577 Thread 0x000002835c9b86f0 DEOPT PACKING pc=0x000002836ea2e14c sp=0x000000bb6eafb2e0
Event: 4.577 Thread 0x000002835c9b86f0 DEOPT UNPACKING pc=0x000002836e4a46a2 sp=0x000000bb6eafb250 mode 2
Event: 4.595 Thread 0x000002835c9b86f0 Uncommon trap: trap_request=0xffffff45 fr.pc=0x000002836ea3eecc relative=0x000000000000036c
Event: 4.595 Thread 0x000002835c9b86f0 Uncommon trap: reason=unstable_if action=reinterpret pc=0x000002836ea3eecc method=java.lang.AbstractStringBuilder.append(Ljava/lang/String;)Ljava/lang/AbstractStringBuilder; @ 1 c2
Event: 4.596 Thread 0x000002835c9b86f0 DEOPT PACKING pc=0x000002836ea3eecc sp=0x000000bb6eafba60
Event: 4.596 Thread 0x000002835c9b86f0 DEOPT UNPACKING pc=0x000002836e4a46a2 sp=0x000000bb6eafba28 mode 2

Classes loaded (20 events):
Event: 4.564 Loading class jdk/internal/loader/BootLoader$PackageHelper
Event: 4.566 Loading class jdk/internal/loader/BootLoader$PackageHelper done
Event: 4.567 Loading class java/lang/Class$Holder
Event: 4.568 Loading class java/lang/Class$Holder done
Event: 4.568 Loading class java/security/AllPermissionCollection
Event: 4.569 Loading class java/security/AllPermissionCollection done
Event: 4.601 Loading class java/util/regex/Pattern$BnM
Event: 4.603 Loading class java/util/regex/Pattern$BnM done
Event: 4.615 Loading class java/util/concurrent/ConcurrentHashMap$EntrySpliterator
Event: 4.619 Loading class java/util/concurrent/ConcurrentHashMap$EntrySpliterator done
Event: 4.664 Loading class java/io/PrintWriter
Event: 4.665 Loading class java/io/PrintWriter done
Event: 4.665 Loading class java/io/PrintWriter$1
Event: 4.665 Loading class jdk/internal/access/JavaIOPrintWriterAccess
Event: 4.665 Loading class jdk/internal/access/JavaIOPrintWriterAccess done
Event: 4.665 Loading class java/io/PrintWriter$1 done
Event: 4.665 Loading class java/lang/Throwable$WrappedPrintWriter
Event: 4.665 Loading class java/lang/Throwable$PrintStreamOrWriter
Event: 4.665 Loading class java/lang/Throwable$PrintStreamOrWriter done
Event: 4.665 Loading class java/lang/Throwable$WrappedPrintWriter done

Classes unloaded (0 events):
No events

Classes redefined (0 events):
No events

Internal exceptions (20 events):
Event: 2.578 Thread 0x000002835c9b86f0 Exception <a 'java/lang/NoSuchMethodError'{0x00000000c3a44278}: 'java.lang.Object java.lang.invoke.Invokers$Holder.invoke_MT(java.lang.Object, java.lang.Object, java.lang.Object, java.lang.Object, java.lang.Object, java.lang.Object, java.lang.Object, java.lang.Object, java.lang.Object)'> (0x00000000c3a44278) 
thrown [s\open\src\hotspot\share\interpreter\linkResolver.cpp, line 773]
Event: 2.579 Thread 0x0000028379727890 Exception <a 'java/lang/NoClassDefFoundError'{0x00000000c3a7f6a8}: jakarta/validation/Validation> (0x00000000c3a7f6a8) 
thrown [s\open\src\hotspot\share\classfile\systemDictionary.cpp, line 302]
Event: 2.582 Thread 0x000002835c9b86f0 Implicit null exception at 0x000002836eacd8c5 to 0x000002836eacdd0c
Event: 2.582 Thread 0x000002835c9b86f0 Exception <a 'java/lang/NoSuchMethodError'{0x00000000c3a9cfb8}: 'java.lang.reflect.Field[] java.lang.Class.getDeclaredFields(java.lang.Class)'> (0x00000000c3a9cfb8) 
thrown [s\open\src\hotspot\share\interpreter\linkResolver.cpp, line 773]
Event: 2.597 Thread 0x000002835c9b86f0 Exception <a 'java/lang/IncompatibleClassChangeError'{0x00000000c3ae3800}: Found class java.lang.Object, but interface was expected> (0x00000000c3ae3800) 
thrown [s\open\src\hotspot\share\interpreter\linkResolver.cpp, line 840]
Event: 3.087 Thread 0x0000028379727890 Exception <a 'java/lang/NoSuchMethodError'{0x00000000c500cc70}: 'long java.lang.invoke.DirectMethodHandle$Holder.invokeStatic(java.lang.Object, java.lang.Object)'> (0x00000000c500cc70) 
thrown [s\open\src\hotspot\share\interpreter\linkResolver.cpp, line 773]
Event: 3.088 Thread 0x0000028379727890 Exception <a 'java/lang/NoSuchMethodError'{0x00000000c500fd38}: 'long java.lang.invoke.DirectMethodHandle$Holder.invokeStaticInit(java.lang.Object, java.lang.Object)'> (0x00000000c500fd38) 
thrown [s\open\src\hotspot\share\interpreter\linkResolver.cpp, line 773]
Event: 3.090 Thread 0x0000028379727890 Exception <a 'java/lang/NoSuchMethodError'{0x00000000c501bb28}: 'long java.lang.invoke.DirectMethodHandle$Holder.invokeInterface(java.lang.Object, java.lang.Object)'> (0x00000000c501bb28) 
thrown [s\open\src\hotspot\share\interpreter\linkResolver.cpp, line 773]
Event: 3.090 Thread 0x0000028379727890 Exception <a 'java/lang/IncompatibleClassChangeError'{0x00000000c501eb38}: Found class java.lang.Object, but interface was expected> (0x00000000c501eb38) 
thrown [s\open\src\hotspot\share\interpreter\linkResolver.cpp, line 840]
Event: 3.097 Thread 0x0000028379727890 Exception <a 'java/lang/NoSuchMethodError'{0x00000000c5034c90}: 'java.lang.Object java.lang.invoke.DirectMethodHandle$Holder.invokeVirtual(java.lang.Object, java.lang.Object, java.lang.Object, java.lang.Object)'> (0x00000000c5034c90) 
thrown [s\open\src\hotspot\share\interpreter\linkResolver.cpp, line 773]
Event: 3.822 Thread 0x000002835c9b86f0 Implicit null exception at 0x000002836eae704c to 0x000002836eae711a
Event: 3.884 Thread 0x000002835c9b86f0 Exception <a 'java/lang/NoSuchMethodError'{0x00000000c520dd60}: method resolution failed> (0x00000000c520dd60) 
thrown [s\open\src\hotspot\share\prims\methodHandles.cpp, line 1136]
Event: 3.892 Thread 0x000002835c9b86f0 Exception <a 'java/lang/NoSuchMethodError'{0x00000000c5250128}: 'long java.lang.invoke.DelegatingMethodHandle$Holder.reinvoke_L(java.lang.Object, java.lang.Object)'> (0x00000000c5250128) 
thrown [s\open\src\hotspot\share\interpreter\linkResolver.cpp, line 773]
Event: 3.909 Thread 0x000002835c9b86f0 Exception <a 'java/lang/NoSuchMethodError'{0x00000000c5286ee0}: 'void java.lang.invoke.DirectMethodHandle$Holder.invokeStatic(java.lang.Object, long)'> (0x00000000c5286ee0) 
thrown [s\open\src\hotspot\share\interpreter\linkResolver.cpp, line 773]
Event: 4.230 Thread 0x000002835c9b86f0 Exception <a 'java/lang/NoSuchMethodError'{0x00000000c51a4c58}: method resolution failed> (0x00000000c51a4c58) 
thrown [s\open\src\hotspot\share\prims\methodHandles.cpp, line 1136]
Event: 4.391 Thread 0x000002835c9b86f0 Exception <a 'java/lang/NoClassDefFoundError'{0x00000000c4f70648}: jakarta/validation/ValidationException> (0x00000000c4f70648) 
thrown [s\open\src\hotspot\share\classfile\systemDictionary.cpp, line 302]
Event: 4.395 Thread 0x000002835c9b86f0 Exception <a 'java/lang/NoClassDefFoundError'{0x00000000c4f77d60}: liquibase/exception/ChangeLogParseException> (0x00000000c4f77d60) 
thrown [s\open\src\hotspot\share\classfile\systemDictionary.cpp, line 302]
Event: 4.576 Thread 0x000002835c9b86f0 Implicit null exception at 0x000002836ea2de22 to 0x000002836ea2e134
Event: 4.595 Thread 0x000002835c9b86f0 Implicit null exception at 0x000002836ea3eba2 to 0x000002836ea3eeb4
Event: 4.670 Thread 0x000002835c9b86f0 Exception <a 'java/lang/NoSuchMethodError'{0x00000000c4c8d9a0}: 'void java.lang.invoke.DirectMethodHandle$Holder.invokeSpecial(java.lang.Object, java.lang.Object, java.lang.Object, java.lang.Object, java.lang.Object, java.lang.Object, java.lang.Object)'> (0x00000000c4c8d9a0) 
thrown [s\open\src\hotspot\share\interpreter\linkResolver.cpp, line 773]

ZGC Phase Switch (0 events):
No events

VM Operations (20 events):
Event: 2.982 Executing VM operation: G1PauseRemark
Event: 2.985 Executing VM operation: G1PauseRemark done
Event: 2.991 Executing VM operation: G1PauseCleanup
Event: 2.991 Executing VM operation: G1PauseCleanup done
Event: 3.163 Executing VM operation: HandshakeAllThreads (Deoptimize)
Event: 3.163 Executing VM operation: HandshakeAllThreads (Deoptimize) done
Event: 3.220 Executing VM operation: HandshakeAllThreads (Deoptimize)
Event: 3.220 Executing VM operation: HandshakeAllThreads (Deoptimize) done
Event: 3.227 Executing VM operation: HandshakeAllThreads (Deoptimize)
Event: 3.227 Executing VM operation: HandshakeAllThreads (Deoptimize) done
Event: 3.369 Executing VM operation: ICBufferFull
Event: 3.369 Executing VM operation: ICBufferFull done
Event: 3.705 Executing VM operation: ICBufferFull
Event: 3.706 Executing VM operation: ICBufferFull done
Event: 3.795 Executing VM operation: G1CollectForAllocation (G1 Evacuation Pause)
Event: 3.807 Executing VM operation: G1CollectForAllocation (G1 Evacuation Pause) done
Event: 3.809 Executing VM operation: HandshakeAllThreads (Deoptimize)
Event: 3.809 Executing VM operation: HandshakeAllThreads (Deoptimize) done
Event: 3.810 Executing VM operation: HandshakeAllThreads (Deoptimize)
Event: 3.810 Executing VM operation: HandshakeAllThreads (Deoptimize) done

Events (17 events):
Event: 0.024 Thread 0x000002835c9b86f0 Thread added: 0x000002835c9b86f0
Event: 0.036 Thread 0x000002837971f3e0 Thread added: 0x000002837971f3e0
Event: 0.036 Thread 0x00000283797202b0 Thread added: 0x00000283797202b0
Event: 0.036 Thread 0x00000283797232d0 Thread added: 0x00000283797232d0
Event: 0.036 Thread 0x0000028379723d30 Thread added: 0x0000028379723d30
Event: 0.036 Thread 0x0000028379725290 Thread added: 0x0000028379725290
Event: 0.037 Thread 0x0000028379728c40 Thread added: 0x0000028379728c40
Event: 0.037 Thread 0x0000028379730750 Thread added: 0x0000028379730750
Event: 0.037 Thread 0x0000028379731aa0 Thread added: 0x0000028379731aa0
Event: 0.052 Thread 0x0000028379727f20 Thread added: 0x0000028379727f20
Event: 0.054 Thread 0x0000028379726b70 Thread added: 0x0000028379726b70
Event: 0.314 Thread 0x00000283797292d0 Thread added: 0x00000283797292d0
Event: 0.332 Thread 0x0000028379727200 Thread added: 0x0000028379727200
Event: 2.575 Thread 0x0000028379727890 Thread added: 0x0000028379727890
Event: 3.176 Thread 0x0000028379729960 Thread added: 0x0000028379729960
Event: 3.199 Thread 0x0000028379729960 Thread exited: 0x0000028379729960
Event: 3.267 Thread 0x0000028379727890 Thread exited: 0x0000028379727890


Dynamic libraries:
0x00007ff6b4c10000 - 0x00007ff6b4c20000 	C:\Program Files\Java\jdk-21.0.11\bin\java.exe
0x00007ffa38570000 - 0x00007ffa38769000 	C:\Windows\SYSTEM32\ntdll.dll
0x00007ffa36750000 - 0x00007ffa36812000 	C:\Windows\System32\KERNEL32.DLL
0x00007ffa36010000 - 0x00007ffa36307000 	C:\Windows\System32\KERNELBASE.dll
0x00007ffa36310000 - 0x00007ffa36410000 	C:\Windows\System32\ucrtbase.dll
0x00007ffa1be70000 - 0x00007ffa1be8e000 	C:\Program Files\Java\jdk-21.0.11\bin\VCRUNTIME140.dll
0x00007ffa1be90000 - 0x00007ffa1bea9000 	C:\Program Files\Java\jdk-21.0.11\bin\jli.dll
0x00007ffa38060000 - 0x00007ffa38111000 	C:\Windows\System32\ADVAPI32.dll
0x00007ffa36570000 - 0x00007ffa3660e000 	C:\Windows\System32\msvcrt.dll
0x00007ffa37b60000 - 0x00007ffa37bff000 	C:\Windows\System32\sechost.dll
0x00007ffa37cd0000 - 0x00007ffa37df6000 	C:\Windows\System32\RPCRT4.dll
0x00007ffa35cb0000 - 0x00007ffa35cd7000 	C:\Windows\System32\bcrypt.dll
0x00007ffa37e60000 - 0x00007ffa37ffd000 	C:\Windows\System32\USER32.dll
0x00007ffa35be0000 - 0x00007ffa35c02000 	C:\Windows\System32\win32u.dll
0x00007ffa256a0000 - 0x00007ffa2593b000 	C:\Windows\WinSxS\amd64_microsoft.windows.common-controls_6595b64144ccf1df_6.0.19041.6926_none_60b5a53971f8f7e6\COMCTL32.dll
0x00007ffa37310000 - 0x00007ffa3733b000 	C:\Windows\System32\GDI32.dll
0x00007ffa35ce0000 - 0x00007ffa35dfa000 	C:\Windows\System32\gdi32full.dll
0x00007ffa35c10000 - 0x00007ffa35cad000 	C:\Windows\System32\msvcp_win.dll
0x00007ffa2bc60000 - 0x00007ffa2bc6a000 	C:\Windows\SYSTEM32\VERSION.dll
0x00007ffa36820000 - 0x00007ffa3684f000 	C:\Windows\System32\IMM32.DLL
0x00007ffa1d200000 - 0x00007ffa1d20c000 	C:\Program Files\Java\jdk-21.0.11\bin\vcruntime140_1.dll
0x00007ffa1bd40000 - 0x00007ffa1bdcd000 	C:\Program Files\Java\jdk-21.0.11\bin\msvcp140.dll
0x00007ffa1b010000 - 0x00007ffa1bd38000 	C:\Program Files\Java\jdk-21.0.11\bin\server\jvm.dll
0x00007ffa37350000 - 0x00007ffa373bb000 	C:\Windows\System32\WS2_32.dll
0x00007ffa35140000 - 0x00007ffa3518b000 	C:\Windows\SYSTEM32\POWRPROF.dll
0x00007ffa24c50000 - 0x00007ffa24c77000 	C:\Windows\SYSTEM32\WINMM.dll
0x00007ffa34fe0000 - 0x00007ffa34ff2000 	C:\Windows\SYSTEM32\UMPDC.dll
0x00007ffa33a50000 - 0x00007ffa33a62000 	C:\Windows\SYSTEM32\kernel.appcore.dll
0x00007ffa1afc0000 - 0x00007ffa1afca000 	C:\Program Files\Java\jdk-21.0.11\bin\jimage.dll
0x00007ffa24d60000 - 0x00007ffa24f61000 	C:\Windows\SYSTEM32\DBGHELP.DLL
0x00007ffa21ec0000 - 0x00007ffa21ef4000 	C:\Windows\SYSTEM32\dbgcore.DLL
0x00007ffa36460000 - 0x00007ffa364e2000 	C:\Windows\System32\bcryptPrimitives.dll
0x00007ffa1ae60000 - 0x00007ffa1ae81000 	C:\Program Files\Java\jdk-21.0.11\bin\java.dll
0x00007ffa373e0000 - 0x00007ffa37b51000 	C:\Windows\System32\SHELL32.dll
0x00007ffa33c50000 - 0x00007ffa343f6000 	C:\Windows\SYSTEM32\windows.storage.dll
0x00007ffa381d0000 - 0x00007ffa38523000 	C:\Windows\System32\combase.dll
0x00007ffa35600000 - 0x00007ffa3562b000 	C:\Windows\SYSTEM32\Wldp.dll
0x00007ffa36670000 - 0x00007ffa36746000 	C:\Windows\System32\OLEAUT32.dll
0x00007ffa38120000 - 0x00007ffa381cd000 	C:\Windows\System32\SHCORE.dll
0x00007ffa36850000 - 0x00007ffa368ab000 	C:\Windows\System32\shlwapi.dll
0x00007ffa35b00000 - 0x00007ffa35b24000 	C:\Windows\SYSTEM32\profapi.dll
0x00007ffa1acf0000 - 0x00007ffa1adc7000 	C:\Program Files\Java\jdk-21.0.11\bin\jsvml.dll
0x00007ffa1acb0000 - 0x00007ffa1acc1000 	C:\Program Files\Java\jdk-21.0.11\bin\net.dll
0x00007ffa2ccf0000 - 0x00007ffa2cdfa000 	C:\Windows\SYSTEM32\WINHTTP.dll
0x00007ffa35330000 - 0x00007ffa3539a000 	C:\Windows\system32\mswsock.dll
0x00007ffa1ac90000 - 0x00007ffa1aca6000 	C:\Program Files\Java\jdk-21.0.11\bin\nio.dll
0x00007ffa1ac70000 - 0x00007ffa1ac88000 	C:\Program Files\Java\jdk-21.0.11\bin\zip.dll
0x00007ffa1abc0000 - 0x00007ffa1abca000 	C:\Program Files\Java\jdk-21.0.11\bin\management.dll
0x00007ffa1abb0000 - 0x00007ffa1abbc000 	C:\Program Files\Java\jdk-21.0.11\bin\management_ext.dll
0x00007ffa37c00000 - 0x00007ffa37c08000 	C:\Windows\System32\PSAPI.DLL
0x00007ffa1abd0000 - 0x00007ffa1abde000 	C:\Program Files\Java\jdk-21.0.11\bin\sunmscapi.dll
0x00007ffa35eb0000 - 0x00007ffa3600d000 	C:\Windows\System32\CRYPT32.dll
0x00007ffa35670000 - 0x00007ffa35697000 	C:\Windows\SYSTEM32\ncrypt.dll
0x00007ffa35630000 - 0x00007ffa3566b000 	C:\Windows\SYSTEM32\NTASN1.dll

dbghelp: loaded successfully - version: 4.0.5 - missing functions: none
symbol engine: initialized successfully - sym options: 0x614 - pdb path: .;C:\Program Files\Java\jdk-21.0.11\bin;C:\Windows\SYSTEM32;C:\Windows\WinSxS\amd64_microsoft.windows.common-controls_6595b64144ccf1df_6.0.19041.6926_none_60b5a53971f8f7e6;C:\Program Files\Java\jdk-21.0.11\bin\server

VM Arguments:
java_command: C:\Users\4\AppData\Local\Temp\surefire9876276884185564600\surefirebooter-20260602211540558_3.jar C:\Users\4\AppData\Local\Temp\surefire9876276884185564600 2026-06-02T21-15-40_180-jvmRun1 surefire-20260602211540558_1tmp surefire_0-20260602211540558_2tmp
java_class_path (initial): C:\Users\4\AppData\Local\Temp\surefire9876276884185564600\surefirebooter-20260602211540558_3.jar
Launcher Type: SUN_STANDARD

[Global flags]
     intx CICompilerCount                          = 3                                         {product} {ergonomic}
     uint ConcGCThreads                            = 1                                         {product} {ergonomic}
     uint G1ConcRefinementThreads                  = 4                                         {product} {ergonomic}
   size_t G1HeapRegionSize                         = 1048576                                   {product} {ergonomic}
    uintx GCDrainStackTargetSize                   = 64                                        {product} {ergonomic}
   size_t InitialHeapSize                          = 67108864                                  {product} {ergonomic}
   size_t MarkStackSize                            = 4194304                                   {product} {ergonomic}
   size_t MaxHeapSize                              = 1050673152                                {product} {ergonomic}
   size_t MaxNewSize                               = 630194176                                 {product} {ergonomic}
   size_t MinHeapDeltaBytes                        = 1048576                                   {product} {ergonomic}
   size_t MinHeapSize                              = 8388608                                   {product} {ergonomic}
    uintx NonNMethodCodeHeapSize                   = 5832780                                {pd product} {ergonomic}
    uintx NonProfiledCodeHeapSize                  = 122912730                              {pd product} {ergonomic}
    uintx ProfiledCodeHeapSize                     = 122912730                              {pd product} {ergonomic}
    uintx ReservedCodeCacheSize                    = 251658240                              {pd product} {ergonomic}
     bool SegmentedCodeCache                       = true                                      {product} {ergonomic}
   size_t SoftMaxHeapSize                          = 1050673152                             {manageable} {ergonomic}
     bool UseCompressedOops                        = true                           {product lp64_product} {ergonomic}
     bool UseG1GC                                  = true                                      {product} {ergonomic}
     bool UseLargePagesIndividualAllocation        = false                                  {pd product} {ergonomic}

Logging:
Log output configuration:
 #0: stdout all=warning uptime,level,tags foldmultilines=false
 #1: stderr all=off uptime,level,tags foldmultilines=false

Environment Variables:
JAVA_HOME=C:\Program Files\Java\jdk-21.0.11
PATH=C:\Windows\System32;C:\Windows;C:\Program Files\Java\jdk-21.0.11\bin;C:\Program Files\maven\apache-maven-3.9.15\bin
USERNAME=4
LANG=en_US.UTF-8
OS=Windows_NT
PROCESSOR_IDENTIFIER=Intel64 Family 6 Model 60 Stepping 3, GenuineIntel
TMP=C:\Users\4\AppData\Local\Temp
TEMP=C:\Users\4\AppData\Local\Temp




Periodic native trim disabled

---------------  S Y S T E M  ---------------

OS:
 Windows 10 , 64 bit Build 19041 (10.0.19041.7291)
OS uptime: 0 days 2:52 hours

CPU: total 4 (initial active 4) (2 cores per cpu, 2 threads per core) family 6 model 60 stepping 3 microcode 0x27, cx8, cmov, fxsr, ht, mmx, sse, sse2, sse3, ssse3, sse4.1, sse4.2, popcnt, lzcnt, tsc, tscinvbit, avx, avx2, aes, erms, clmul, bmi1, bmi2, fma, vzeroupper, clflush, rdtscp, f16c
Processor Information for all 4 processors :
  Max Mhz: 2601, Current Mhz: 2601, Mhz Limit: 2601

Memory: 4k page, system-wide physical 4001M (354M free)
TotalPageFile size 16289M (AvailPageFile size 0M)
current process WorkingSet (physical memory assigned to process): 168M, peak: 169M
current process commit charge ("private bytes"): 211M, peak: 212M

vm_info: Java HotSpot(TM) 64-Bit Server VM (21.0.11+9-LTS-211) for windows-amd64 JRE (21.0.11+9-LTS-211), built on 2026-03-11T00:23:15Z by "mach5run" with MS VC++ 17.13 (VS2022)

END.
