#
# There is insufficient memory for the Java Runtime Environment to continue.
# Native memory allocation (malloc) failed to allocate 1048576 bytes. Error detail: AllocateHeap
# Possible reasons:
#   The system is out of physical RAM or swap space
#   This process is running with CompressedOops enabled, and the Java Heap may be blocking the growth of the native heap
# Possible solutions:
#   Reduce memory load on the system
#   Increase physical memory or swap space
#   Check if swap backing store is full
#   Decrease Java heap size (-Xmx/-Xms)
#   Decrease number of Java threads
#   Decrease Java thread stack sizes (-Xss)
#   Set larger code cache with -XX:ReservedCodeCacheSize=
#   JVM is running with Unscaled Compressed Oops mode in which the Java heap is
#     placed in the first 4GB address space. The Java Heap base address is the
#     maximum limit for the native heap growth. Please use -XX:HeapBaseMinAddress
#     to set the Java Heap base and to place the Java Heap above 4GB virtual address.
# This output file may be truncated or incomplete.
#
#  Out of Memory Error (allocation.cpp:44), pid=14368, tid=9560
#
# JRE version: OpenJDK Runtime Environment Temurin-21.0.10+7 (21.0.10+7) (build 21.0.10+7-LTS)
# Java VM: OpenJDK 64-Bit Server VM Temurin-21.0.10+7 (21.0.10+7-LTS, mixed mode, sharing, tiered, compressed oops, compressed class ptrs, parallel gc, windows-amd64)
# No core dump will be written. Minidumps are not enabled by default on client versions of Windows
#

---------------  S U M M A R Y ------------

Command Line: --add-modules=ALL-SYSTEM --add-opens=java.base/java.util=ALL-UNNAMED --add-opens=java.base/java.lang=ALL-UNNAMED --add-opens=java.base/sun.nio.fs=ALL-UNNAMED -Declipse.application=org.eclipse.jdt.ls.core.id1 -Dosgi.bundles.defaultStartLevel=4 -Declipse.product=org.eclipse.jdt.ls.core.product -Djava.import.generatesMetadataFilesAtProjectRoot=false -DDetectVMInstallationsJob.disabled=true -Dfile.encoding=utf8 -XX:+UseParallelGC -XX:GCTimeRatio=4 -XX:AdaptiveSizePolicyWeight=90 -Dsun.zip.disableMemoryMapping=true -Xmx2G -Xms100m -Xlog:disable -javaagent:c:\Users\4\.vscode\extensions\redhat.java-1.54.0-win32-x64\lombok\lombok-1.18.39-4050.jar -XX:+HeapDumpOnOutOfMemoryError -XX:HeapDumpPath=c:\Users\4\AppData\Roaming\Code\User\workspaceStorage\ddc20687351c07bcddb01231c1307c42\redhat.java -Daether.dependencyCollector.impl=bf c:\Users\4\.vscode\extensions\redhat.java-1.54.0-win32-x64\server\plugins\org.eclipse.equinox.launcher_1.7.100.v20251111-0406.jar -configuration c:\Users\4\AppData\Roaming\Code\User\globalStorage\redhat.java\1.54.0\config_win -data c:\Users\4\AppData\Roaming\Code\User\workspaceStorage\ddc20687351c07bcddb01231c1307c42\redhat.java\jdt_ws --pipe=\\.\pipe\lsp-5ff66e775e60a2d6ebe561108bd42ba7-sock

Host: Intel(R) Core(TM) i5-4300M CPU @ 2.60GHz, 4 cores, 3G,  Windows 10 , 64 bit Build 19041 (10.0.19041.7291)
Time: Tue Jun  2 18:11:07 2026 India Standard Time elapsed time: 11464.203038 seconds (0d 3h 11m 4s)

---------------  T H R E A D  ---------------

Current thread (0x000002434f84dd40):  JavaThread "Attach Listener" daemon [_thread_in_vm, id=9560, stack(0x000000604b300000,0x000000604b400000) (1024K)]

Stack: [0x000000604b300000,0x000000604b400000]
Native frames: (J=compiled Java code, j=interpreted, Vv=VM code, C=native code)
V  [jvm.dll+0x6d7a39]
V  [jvm.dll+0x8b4b26]
V  [jvm.dll+0x8b70de]
V  [jvm.dll+0x8b77c3]
V  [jvm.dll+0x284346]
V  [jvm.dll+0xc1277]
V  [jvm.dll+0x6d82e9]
V  [jvm.dll+0x1334a6]
V  [jvm.dll+0x3f857e]
V  [jvm.dll+0x85f59d]
V  [jvm.dll+0x6d626d]
C  [ucrtbase.dll+0x21bb2]
C  [KERNEL32.DLL+0x17374]
C  [ntdll.dll+0x4cc91]


---------------  P R O C E S S  ---------------

Threads class SMR info:
_java_thread_list=0x000002436f2feb10, length=37, elements={
0x000002434f95e9f0, 0x000002434f847bf0, 0x000002434f84b360, 0x000002434f84ce20,
0x000002434f84dd40, 0x000002434f851a20, 0x000002434f852480, 0x000002434f8532c0,
0x000002434f8c7e30, 0x000002436b0feeb0, 0x000002436b2633b0, 0x000002436b5c2b10,
0x000002436b5e4000, 0x000002436b5d5810, 0x000002436b8a3e60, 0x000002436b539850,
0x000002436bd6c0a0, 0x000002436bf081b0, 0x000002436b94c5d0, 0x000002436b94bf40,
0x000002436d920de0, 0x000002436d920750, 0x000002436d921b00, 0x000002436d922820,
0x000002436d923540, 0x000002436d91e680, 0x000002436d923bd0, 0x000002436d922190,
0x000002436d9200c0, 0x00000243784a5800, 0x00000243784a4ae0, 0x00000243784a6520,
0x00000243784a5e90, 0x00000243784a1cf0, 0x00000243784a4450, 0x00000243784a30a0,
0x00000243784a7240
}
_to_delete_list=0x000002436c389040, length=36, elements={
0x000002434f95e9f0, 0x000002434f847bf0, 0x000002434f84b360, 0x000002434f84ce20,
0x000002434f84dd40, 0x000002434f851a20, 0x000002434f852480, 0x000002434f8532c0,
0x000002434f8c7e30, 0x000002436b0feeb0, 0x000002436b2633b0, 0x000002436b5c2b10,
0x000002436b5e4000, 0x000002436b5d5810, 0x000002436b8a3e60, 0x000002436b539850,
0x000002436bd6c0a0, 0x000002436bf081b0, 0x000002436b94c5d0, 0x000002436b94bf40,
0x000002436d920de0, 0x000002436d920750, 0x000002436d921b00, 0x000002436d922820,
0x000002436d923540, 0x000002436d91e680, 0x000002436d923bd0, 0x000002436d922190,
0x000002436d9200c0, 0x00000243784a5800, 0x00000243784a4ae0, 0x00000243784a6520,
0x00000243784a5e90, 0x00000243784a1cf0, 0x00000243784a4450, 0x00000243784a30a0
}

Java Threads: ( => current thread )
  0x000002434f95e9f0 JavaThread "main"                              [_thread_blocked, id=14576, stack(0x000000604ab00000,0x000000604ac00000) (1024K)]
  0x000002434f847bf0 JavaThread "Reference Handler"          daemon [_thread_blocked, id=3016, stack(0x000000604b000000,0x000000604b100000) (1024K)]
  0x000002434f84b360 JavaThread "Finalizer"                  daemon [_thread_blocked, id=768, stack(0x000000604b100000,0x000000604b200000) (1024K)]
  0x000002434f84ce20 JavaThread "Signal Dispatcher"          daemon [_thread_blocked, id=1700, stack(0x000000604b200000,0x000000604b300000) (1024K)]
=>0x000002434f84dd40 JavaThread "Attach Listener"            daemon [_thread_in_vm, id=9560, stack(0x000000604b300000,0x000000604b400000) (1024K)]
  0x000002434f851a20 JavaThread "Service Thread"             daemon [_thread_blocked, id=9912, stack(0x000000604b400000,0x000000604b500000) (1024K)]
  0x000002434f852480 JavaThread "Monitor Deflation Thread"   daemon [_thread_blocked, id=9728, stack(0x000000604b500000,0x000000604b600000) (1024K)]
  0x000002434f8532c0 JavaThread "C2 CompilerThread0"         daemon [_thread_blocked, id=12992, stack(0x000000604b600000,0x000000604b700000) (1024K)]
  0x000002434f8c7e30 JavaThread "C1 CompilerThread0"         daemon [_thread_blocked, id=9484, stack(0x000000604b700000,0x000000604b800000) (1024K)]
  0x000002436b0feeb0 JavaThread "Common-Cleaner"             daemon [_thread_blocked, id=2416, stack(0x000000604b800000,0x000000604b900000) (1024K)]
  0x000002436b2633b0 JavaThread "Notification Thread"        daemon [_thread_blocked, id=7432, stack(0x000000604b900000,0x000000604ba00000) (1024K)]
  0x000002436b5c2b10 JavaThread "Active Thread: Equinox Container: 2657b10e-1e07-4560-ac32-affbd1c1c086"        [_thread_blocked, id=2624, stack(0x000000604bd00000,0x000000604be00000) (1024K)]
  0x000002436b5e4000 JavaThread "Refresh Thread: Equinox Container: 2657b10e-1e07-4560-ac32-affbd1c1c086" daemon [_thread_blocked, id=2560, stack(0x000000604be00000,0x000000604bf00000) (1024K)]
  0x000002436b5d5810 JavaThread "Framework Event Dispatcher: Equinox Container: 2657b10e-1e07-4560-ac32-affbd1c1c086" daemon [_thread_blocked, id=9428, stack(0x000000604bf00000,0x000000604c000000) (1024K)]
  0x000002436b8a3e60 JavaThread "Start Level: Equinox Container: 2657b10e-1e07-4560-ac32-affbd1c1c086" daemon [_thread_blocked, id=10952, stack(0x000000604c000000,0x000000604c100000) (1024K)]
  0x000002436b539850 JavaThread "Bundle File Closer"         daemon [_thread_blocked, id=9516, stack(0x000000604c100000,0x000000604c200000) (1024K)]
  0x000002436bd6c0a0 JavaThread "SCR Component Actor"        daemon [_thread_blocked, id=972, stack(0x000000604c200000,0x000000604c300000) (1024K)]
  0x000002436bf081b0 JavaThread "Worker-JM"                         [_thread_blocked, id=15824, stack(0x000000604c300000,0x000000604c400000) (1024K)]
  0x000002436b94c5d0 JavaThread "JNA Cleaner"                daemon [_thread_blocked, id=6516, stack(0x000000604c400000,0x000000604c500000) (1024K)]
  0x000002436b94bf40 JavaThread "Java indexing"              daemon [_thread_blocked, id=7480, stack(0x000000604c800000,0x000000604c900000) (1024K)]
  0x000002436d920de0 JavaThread "Thread-1"                   daemon [_thread_in_native, id=10724, stack(0x000000604cd00000,0x000000604ce00000) (1024K)]
  0x000002436d920750 JavaThread "Thread-2"                   daemon [_thread_in_native, id=1520, stack(0x000000604ce00000,0x000000604cf00000) (1024K)]
  0x000002436d921b00 JavaThread "Thread-3"                   daemon [_thread_in_native, id=11124, stack(0x000000604cf00000,0x000000604d000000) (1024K)]
  0x000002436d922820 JavaThread "Thread-4"                   daemon [_thread_in_native, id=6332, stack(0x000000604d000000,0x000000604d100000) (1024K)]
  0x000002436d923540 JavaThread "Thread-5"                   daemon [_thread_in_native, id=10284, stack(0x000000604d100000,0x000000604d200000) (1024K)]
  0x000002436d91e680 JavaThread "pool-2-thread-1"                   [_thread_blocked, id=7656, stack(0x000000604d200000,0x000000604d300000) (1024K)]
  0x000002436d923bd0 JavaThread "WorkspaceEventsHandler"            [_thread_blocked, id=6888, stack(0x000000604d300000,0x000000604d400000) (1024K)]
  0x000002436d922190 JavaThread "pool-1-thread-1"                   [_thread_blocked, id=10032, stack(0x000000604d400000,0x000000604d500000) (1024K)]
  0x000002436d9200c0 JavaThread "Worker-8"                          [_thread_blocked, id=12984, stack(0x000000604c700000,0x000000604c800000) (1024K)]
  0x00000243784a5800 JavaThread "Cleaner-0"                  daemon [_thread_blocked, id=2548, stack(0x000000604cb00000,0x000000604cc00000) (1024K)]
  0x00000243784a4ae0 JavaThread "ForkJoinPool.commonPool-worker-9" daemon [_thread_blocked, id=916, stack(0x000000604aa00000,0x000000604ab00000) (1024K)]
  0x00000243784a6520 JavaThread "Worker-10"                         [_thread_blocked, id=2796, stack(0x000000604c900000,0x000000604ca00000) (1024K)]
  0x00000243784a5e90 JavaThread "ForkJoinPool.commonPool-worker-14" daemon [_thread_blocked, id=13424, stack(0x000000604ac00000,0x000000604ad00000) (1024K)]
  0x00000243784a1cf0 JavaThread "Worker-11"                         [_thread_blocked, id=16308, stack(0x000000604c500000,0x000000604c600000) (1024K)]
  0x00000243784a4450 JavaThread "Compiler Source File Reader" daemon [_thread_blocked, id=3460, stack(0x000000604c600000,0x000000604c700000) (1024K)]
  0x00000243784a30a0 JavaThread "Compiler Processing Task"   daemon [_thread_blocked, id=9284, stack(0x000000604ca00000,0x000000604cb00000) (1024K)]
  0x00000243784a7240 JavaThread "ForkJoinPool.commonPool-worker-15" daemon [_thread_blocked, id=780, stack(0x000000604cc00000,0x000000604cd00000) (1024K)]
Total: 37

Other Threads:
  0x000002434f82c130 VMThread "VM Thread"                           [id=8968, stack(0x000000604af00000,0x000000604b000000) (1024K)]
  0x000002434f7a1c40 WatcherThread "VM Periodic Task Thread"        [id=11464, stack(0x000000604ae00000,0x000000604af00000) (1024K)]
  0x000002434f97cc70 WorkerThread "GC Thread#0"                     [id=9356, stack(0x000000604ad00000,0x000000604ae00000) (1024K)]
  0x000002436b80bcc0 WorkerThread "GC Thread#1"                     [id=6740, stack(0x000000604ba00000,0x000000604bb00000) (1024K)]
  0x000002436b80c070 WorkerThread "GC Thread#2"                     [id=14064, stack(0x000000604bb00000,0x000000604bc00000) (1024K)]
  0x000002436b80c420 WorkerThread "GC Thread#3"                     [id=1020, stack(0x000000604bc00000,0x000000604bd00000) (1024K)]
Total: 6

Threads with active compile tasks:
Total: 0

VM state: not at safepoint (normal execution)

VM Mutex/Monitor currently owned by a thread: None

Heap address: 0x0000000080000000, size: 2048 MB, Compressed Oops mode: 32-bit

CDS archive(s) mapped at: [0x0000024300000000-0x0000024300ba0000-0x0000024300ba0000), size 12189696, SharedBaseAddress: 0x0000024300000000, ArchiveRelocationMode: 1.
Compressed class space mapped at: 0x0000024301000000-0x0000024341000000, reserved size: 1073741824
Narrow klass base: 0x0000024300000000, Narrow klass shift: 0, Narrow klass range: 0x100000000

GC Precious Log:
 CardTable entry size: 512
 CPUs: 4 total, 4 available
 Memory: 4001M
 Large Page Support: Disabled
 NUMA Support: Disabled
 Compressed Oops: Enabled (32-bit)
 Alignments: Space 512K, Generation 512K, Heap 2M
 Heap Min Capacity: 100M
 Heap Initial Capacity: 100M
 Heap Max Capacity: 2G
 Pre-touch: Disabled
 Parallel Workers: 4

Heap:
 PSYoungGen      total 3072K, used 1694K [0x00000000d5580000, 0x00000000d5a80000, 0x0000000100000000)
  eden space 2560K, 58% used [0x00000000d5580000,0x00000000d56f3aa8,0x00000000d5800000)
  from space 512K, 40% used [0x00000000d5a00000,0x00000000d5a34010,0x00000000d5a80000)
  to   space 512K, 0% used [0x00000000d5980000,0x00000000d5980000,0x00000000d5a00000)
 ParOldGen       total 124416K, used 99471K [0x0000000080000000, 0x0000000087980000, 0x00000000d5580000)
  object space 124416K, 79% used [0x0000000080000000,0x0000000086123d10,0x0000000087980000)
 Metaspace       used 76513K, committed 78912K, reserved 1179648K
  class space    used 7777K, committed 8704K, reserved 1048576K

Card table byte_map: [0x000002434f310000,0x000002434f720000] _byte_map_base: 0x000002434ef10000

Marking Bits: (ParMarkBitMap*) 0x00007ffd419c3450
 Begin Bits: [0x0000024361e20000, 0x0000024363e20000)
 End Bits:   [0x0000024363e20000, 0x0000024365e20000)

Polling page: 0x000002434d9b0000

Metaspace:

Usage:
  Non-class:     67.12 MB used.
      Class:      7.60 MB used.
       Both:     74.72 MB used.

Virtual space:
  Non-class space:      128.00 MB reserved,      68.56 MB ( 54%) committed,  2 nodes.
      Class space:        1.00 GB reserved,       8.50 MB ( <1%) committed,  1 nodes.
             Both:        1.12 GB reserved,      77.06 MB (  7%) committed. 

Chunk freelists:
   Non-Class:  11.60 MB
       Class:  7.80 MB
        Both:  19.39 MB

MaxMetaspaceSize: unlimited
CompressedClassSpaceSize: 1.00 GB
Initial GC threshold: 21.00 MB
Current GC threshold: 128.44 MB
CDS: on
 - commit_granule_bytes: 65536.
 - commit_granule_words: 8192.
 - virtual_space_node_default_size: 8388608.
 - enlarge_chunks_in_place: 1.
 - use_allocation_guard: 0.


Internal statistics:

num_allocs_failed_limit: 9.
num_arena_births: 1444.
num_arena_deaths: 450.
num_vsnodes_births: 3.
num_vsnodes_deaths: 0.
num_space_committed: 1235.
num_space_uncommitted: 2.
num_chunks_returned_to_freelist: 575.
num_chunks_taken_from_freelist: 5245.
num_chunk_merges: 172.
num_chunk_splits: 3209.
num_chunks_enlarged: 1802.
num_inconsistent_stats: 0.

CodeHeap 'non-profiled nmethods': size=120000Kb used=14197Kb max_used=14775Kb free=105802Kb
 bounds [0x000002435a640000, 0x000002435b4b0000, 0x0000024361b70000]
CodeHeap 'profiled nmethods': size=120000Kb used=35628Kb max_used=38112Kb free=84371Kb
 bounds [0x0000024352b70000, 0x00000243550b0000, 0x000002435a0a0000]
CodeHeap 'non-nmethods': size=5760Kb used=1468Kb max_used=1549Kb free=4291Kb
 bounds [0x000002435a0a0000, 0x000002435a310000, 0x000002435a640000]
CodeCache: size=245760Kb, used=51293Kb, max_used=54436Kb, free=194464Kb
 total_blobs=15722, nmethods=14930, adapters=694, full_count=0
Compilation: enabled, stopped_count=0, restarted_count=0

Compilation events (20 events):
Event: 11463.547 Thread 0x000002434f8c7e30 16657       1       org.eclipse.jface.text.templates.Template::getPattern (5 bytes)
Event: 11463.547 Thread 0x000002434f8c7e30 nmethod 16657 0x000002435a6e1410 code [0x000002435a6e15a0, 0x000002435a6e1668]
Event: 11463.547 Thread 0x000002434f8c7e30 16658       1       org.eclipse.jface.text.templates.Template::getName (5 bytes)
Event: 11463.547 Thread 0x000002434f8c7e30 nmethod 16658 0x000002435a6e0f10 code [0x000002435a6e10a0, 0x000002435a6e1168]
Event: 11463.547 Thread 0x000002434f8c7e30 16659       1       org.eclipse.jface.text.templates.Template::isAutoInsertable (5 bytes)
Event: 11463.547 Thread 0x000002434f8c7e30 nmethod 16659 0x000002435a76dc90 code [0x000002435a76de20, 0x000002435a76def0]
Event: 11463.547 Thread 0x000002434f8c7e30 16660       1       org.eclipse.text.templates.TemplatePersistenceData::setDeleted (6 bytes)
Event: 11463.547 Thread 0x000002434f8c7e30 nmethod 16660 0x000002435a76d790 code [0x000002435a76d920, 0x000002435a76d9f0]
Event: 11463.548 Thread 0x000002434f8c7e30 16661       3       org.eclipse.jdt.internal.core.SourceType::isRecord (23 bytes)
Event: 11463.549 Thread 0x000002434f8c7e30 nmethod 16661 0x0000024352e65010 code [0x0000024352e65220, 0x0000024352e65858]
Event: 11464.158 Thread 0x000002434f8c7e30 16662       1       org.eclipse.jdt.core.dom.ASTVisitor::visit (2 bytes)
Event: 11464.158 Thread 0x000002434f8c7e30 nmethod 16662 0x000002435a776790 code [0x000002435a776920, 0x000002435a7769e8]
Event: 11464.158 Thread 0x000002434f8c7e30 16663       3       org.eclipse.jdt.internal.core.Openable::getResource (37 bytes)
Event: 11464.159 Thread 0x000002434f8c7e30 nmethod 16663 0x0000024352dde910 code [0x0000024352ddeb20, 0x0000024352ddf2e0]
Event: 11464.164 Thread 0x000002434f8c7e30 16664       1       org.eclipse.lsp4j.Position::getLine (5 bytes)
Event: 11464.164 Thread 0x000002434f8c7e30 nmethod 16664 0x000002435a776290 code [0x000002435a776420, 0x000002435a7764e8]
Event: 11464.164 Thread 0x000002434f8c7e30 16665       1       org.eclipse.lsp4j.Position::getCharacter (5 bytes)
Event: 11464.164 Thread 0x000002434f8c7e30 nmethod 16665 0x000002435aa15d10 code [0x000002435aa15ea0, 0x000002435aa15f68]
Event: 11464.165 Thread 0x000002434f8c7e30 16666       1       org.eclipse.jdt.core.dom.CompilationUnit::getTypeRoot (5 bytes)
Event: 11464.165 Thread 0x000002434f8c7e30 nmethod 16666 0x000002435aa15810 code [0x000002435aa159a0, 0x000002435aa15a68]

GC Heap History (20 events):
Event: 11456.293 GC heap before
{Heap before GC invocations=1090 (full 4):
 PSYoungGen      total 3072K, used 2688K [0x00000000d5580000, 0x00000000d5a80000, 0x0000000100000000)
  eden space 2560K, 100% used [0x00000000d5580000,0x00000000d5800000,0x00000000d5800000)
  from space 512K, 25% used [0x00000000d5a00000,0x00000000d5a20000,0x00000000d5a80000)
  to   space 512K, 0% used [0x00000000d5980000,0x00000000d5980000,0x00000000d5a00000)
 ParOldGen       total 124416K, used 98751K [0x0000000080000000, 0x0000000087980000, 0x00000000d5580000)
  object space 124416K, 79% used [0x0000000080000000,0x000000008606fd10,0x0000000087980000)
 Metaspace       used 76503K, committed 78912K, reserved 1179648K
  class space    used 7777K, committed 8704K, reserved 1048576K
}
Event: 11456.294 GC heap after
{Heap after GC invocations=1090 (full 4):
 PSYoungGen      total 3072K, used 96K [0x00000000d5580000, 0x00000000d5a80000, 0x0000000100000000)
  eden space 2560K, 0% used [0x00000000d5580000,0x00000000d5580000,0x00000000d5800000)
  from space 512K, 18% used [0x00000000d5980000,0x00000000d5998000,0x00000000d5a00000)
  to   space 512K, 0% used [0x00000000d5a00000,0x00000000d5a00000,0x00000000d5a80000)
 ParOldGen       total 124416K, used 98791K [0x0000000080000000, 0x0000000087980000, 0x00000000d5580000)
  object space 124416K, 79% used [0x0000000080000000,0x0000000086079d10,0x0000000087980000)
 Metaspace       used 76503K, committed 78912K, reserved 1179648K
  class space    used 7777K, committed 8704K, reserved 1048576K
}
Event: 11456.305 GC heap before
{Heap before GC invocations=1091 (full 4):
 PSYoungGen      total 3072K, used 2656K [0x00000000d5580000, 0x00000000d5a80000, 0x0000000100000000)
  eden space 2560K, 100% used [0x00000000d5580000,0x00000000d5800000,0x00000000d5800000)
  from space 512K, 18% used [0x00000000d5980000,0x00000000d5998000,0x00000000d5a00000)
  to   space 512K, 0% used [0x00000000d5a00000,0x00000000d5a00000,0x00000000d5a80000)
 ParOldGen       total 124416K, used 98791K [0x0000000080000000, 0x0000000087980000, 0x00000000d5580000)
  object space 124416K, 79% used [0x0000000080000000,0x0000000086079d10,0x0000000087980000)
 Metaspace       used 76503K, committed 78912K, reserved 1179648K
  class space    used 7777K, committed 8704K, reserved 1048576K
}
Event: 11456.308 GC heap after
{Heap after GC invocations=1091 (full 4):
 PSYoungGen      total 3072K, used 497K [0x00000000d5580000, 0x00000000d5a80000, 0x0000000100000000)
  eden space 2560K, 0% used [0x00000000d5580000,0x00000000d5580000,0x00000000d5800000)
  from space 512K, 97% used [0x00000000d5a00000,0x00000000d5a7c5b0,0x00000000d5a80000)
  to   space 1024K, 0% used [0x00000000d5880000,0x00000000d5880000,0x00000000d5980000)
 ParOldGen       total 124416K, used 99103K [0x0000000080000000, 0x0000000087980000, 0x00000000d5580000)
  object space 124416K, 79% used [0x0000000080000000,0x00000000860c7d10,0x0000000087980000)
 Metaspace       used 76503K, committed 78912K, reserved 1179648K
  class space    used 7777K, committed 8704K, reserved 1048576K
}
Event: 11456.326 GC heap before
{Heap before GC invocations=1092 (full 4):
 PSYoungGen      total 3072K, used 3057K [0x00000000d5580000, 0x00000000d5a80000, 0x0000000100000000)
  eden space 2560K, 100% used [0x00000000d5580000,0x00000000d5800000,0x00000000d5800000)
  from space 512K, 97% used [0x00000000d5a00000,0x00000000d5a7c5b0,0x00000000d5a80000)
  to   space 1024K, 0% used [0x00000000d5880000,0x00000000d5880000,0x00000000d5980000)
 ParOldGen       total 124416K, used 99103K [0x0000000080000000, 0x0000000087980000, 0x00000000d5580000)
  object space 124416K, 79% used [0x0000000080000000,0x00000000860c7d10,0x0000000087980000)
 Metaspace       used 76503K, committed 78912K, reserved 1179648K
  class space    used 7777K, committed 8704K, reserved 1048576K
}
Event: 11456.328 GC heap after
{Heap after GC invocations=1092 (full 4):
 PSYoungGen      total 3584K, used 128K [0x00000000d5580000, 0x00000000d5a80000, 0x0000000100000000)
  eden space 2560K, 0% used [0x00000000d5580000,0x00000000d5580000,0x00000000d5800000)
  from space 1024K, 12% used [0x00000000d5880000,0x00000000d58a0000,0x00000000d5980000)
  to   space 512K, 0% used [0x00000000d5a00000,0x00000000d5a00000,0x00000000d5a80000)
 ParOldGen       total 124416K, used 99127K [0x0000000080000000, 0x0000000087980000, 0x00000000d5580000)
  object space 124416K, 79% used [0x0000000080000000,0x00000000860cdd10,0x0000000087980000)
 Metaspace       used 76503K, committed 78912K, reserved 1179648K
  class space    used 7777K, committed 8704K, reserved 1048576K
}
Event: 11456.478 GC heap before
{Heap before GC invocations=1093 (full 4):
 PSYoungGen      total 3584K, used 2688K [0x00000000d5580000, 0x00000000d5a80000, 0x0000000100000000)
  eden space 2560K, 100% used [0x00000000d5580000,0x00000000d5800000,0x00000000d5800000)
  from space 1024K, 12% used [0x00000000d5880000,0x00000000d58a0000,0x00000000d5980000)
  to   space 512K, 0% used [0x00000000d5a00000,0x00000000d5a00000,0x00000000d5a80000)
 ParOldGen       total 124416K, used 99127K [0x0000000080000000, 0x0000000087980000, 0x00000000d5580000)
  object space 124416K, 79% used [0x0000000080000000,0x00000000860cdd10,0x0000000087980000)
 Metaspace       used 76503K, committed 78912K, reserved 1179648K
  class space    used 7777K, committed 8704K, reserved 1048576K
}
Event: 11456.480 GC heap after
{Heap after GC invocations=1093 (full 4):
 PSYoungGen      total 3072K, used 264K [0x00000000d5580000, 0x00000000d5a80000, 0x0000000100000000)
  eden space 2560K, 0% used [0x00000000d5580000,0x00000000d5580000,0x00000000d5800000)
  from space 512K, 51% used [0x00000000d5a00000,0x00000000d5a42148,0x00000000d5a80000)
  to   space 512K, 0% used [0x00000000d5980000,0x00000000d5980000,0x00000000d5a00000)
 ParOldGen       total 124416K, used 99199K [0x0000000080000000, 0x0000000087980000, 0x00000000d5580000)
  object space 124416K, 79% used [0x0000000080000000,0x00000000860dfd10,0x0000000087980000)
 Metaspace       used 76503K, committed 78912K, reserved 1179648K
  class space    used 7777K, committed 8704K, reserved 1048576K
}
Event: 11456.685 GC heap before
{Heap before GC invocations=1094 (full 4):
 PSYoungGen      total 3072K, used 2822K [0x00000000d5580000, 0x00000000d5a80000, 0x0000000100000000)
  eden space 2560K, 99% used [0x00000000d5580000,0x00000000d57ff910,0x00000000d5800000)
  from space 512K, 51% used [0x00000000d5a00000,0x00000000d5a42148,0x00000000d5a80000)
  to   space 512K, 0% used [0x00000000d5980000,0x00000000d5980000,0x00000000d5a00000)
 ParOldGen       total 124416K, used 99199K [0x0000000080000000, 0x0000000087980000, 0x00000000d5580000)
  object space 124416K, 79% used [0x0000000080000000,0x00000000860dfd10,0x0000000087980000)
 Metaspace       used 76503K, committed 78912K, reserved 1179648K
  class space    used 7777K, committed 8704K, reserved 1048576K
}
Event: 11456.688 GC heap after
{Heap after GC invocations=1094 (full 4):
 PSYoungGen      total 3072K, used 265K [0x00000000d5580000, 0x00000000d5a80000, 0x0000000100000000)
  eden space 2560K, 0% used [0x00000000d5580000,0x00000000d5580000,0x00000000d5800000)
  from space 512K, 51% used [0x00000000d5980000,0x00000000d59c2400,0x00000000d5a00000)
  to   space 512K, 0% used [0x00000000d5a00000,0x00000000d5a00000,0x00000000d5a80000)
 ParOldGen       total 124416K, used 99223K [0x0000000080000000, 0x0000000087980000, 0x00000000d5580000)
  object space 124416K, 79% used [0x0000000080000000,0x00000000860e5d10,0x0000000087980000)
 Metaspace       used 76503K, committed 78912K, reserved 1179648K
  class space    used 7777K, committed 8704K, reserved 1048576K
}
Event: 11456.704 GC heap before
{Heap before GC invocations=1095 (full 4):
 PSYoungGen      total 3072K, used 2825K [0x00000000d5580000, 0x00000000d5a80000, 0x0000000100000000)
  eden space 2560K, 100% used [0x00000000d5580000,0x00000000d5800000,0x00000000d5800000)
  from space 512K, 51% used [0x00000000d5980000,0x00000000d59c2400,0x00000000d5a00000)
  to   space 512K, 0% used [0x00000000d5a00000,0x00000000d5a00000,0x00000000d5a80000)
 ParOldGen       total 124416K, used 99223K [0x0000000080000000, 0x0000000087980000, 0x00000000d5580000)
  object space 124416K, 79% used [0x0000000080000000,0x00000000860e5d10,0x0000000087980000)
 Metaspace       used 76505K, committed 78912K, reserved 1179648K
  class space    used 7777K, committed 8704K, reserved 1048576K
}
Event: 11456.706 GC heap after
{Heap after GC invocations=1095 (full 4):
 PSYoungGen      total 3072K, used 297K [0x00000000d5580000, 0x00000000d5a80000, 0x0000000100000000)
  eden space 2560K, 0% used [0x00000000d5580000,0x00000000d5580000,0x00000000d5800000)
  from space 512K, 58% used [0x00000000d5a00000,0x00000000d5a4a400,0x00000000d5a80000)
  to   space 512K, 0% used [0x00000000d5980000,0x00000000d5980000,0x00000000d5a00000)
 ParOldGen       total 124416K, used 99247K [0x0000000080000000, 0x0000000087980000, 0x00000000d5580000)
  object space 124416K, 79% used [0x0000000080000000,0x00000000860ebd10,0x0000000087980000)
 Metaspace       used 76505K, committed 78912K, reserved 1179648K
  class space    used 7777K, committed 8704K, reserved 1048576K
}
Event: 11456.764 GC heap before
{Heap before GC invocations=1096 (full 4):
 PSYoungGen      total 3072K, used 2857K [0x00000000d5580000, 0x00000000d5a80000, 0x0000000100000000)
  eden space 2560K, 100% used [0x00000000d5580000,0x00000000d5800000,0x00000000d5800000)
  from space 512K, 58% used [0x00000000d5a00000,0x00000000d5a4a400,0x00000000d5a80000)
  to   space 512K, 0% used [0x00000000d5980000,0x00000000d5980000,0x00000000d5a00000)
 ParOldGen       total 124416K, used 99247K [0x0000000080000000, 0x0000000087980000, 0x00000000d5580000)
  object space 124416K, 79% used [0x0000000080000000,0x00000000860ebd10,0x0000000087980000)
 Metaspace       used 76506K, committed 78912K, reserved 1179648K
  class space    used 7777K, committed 8704K, reserved 1048576K
}
Event: 11456.765 GC heap after
{Heap after GC invocations=1096 (full 4):
 PSYoungGen      total 3072K, used 256K [0x00000000d5580000, 0x00000000d5a80000, 0x0000000100000000)
  eden space 2560K, 0% used [0x00000000d5580000,0x00000000d5580000,0x00000000d5800000)
  from space 512K, 50% used [0x00000000d5980000,0x00000000d59c0000,0x00000000d5a00000)
  to   space 512K, 0% used [0x00000000d5a00000,0x00000000d5a00000,0x00000000d5a80000)
 ParOldGen       total 124416K, used 99247K [0x0000000080000000, 0x0000000087980000, 0x00000000d5580000)
  object space 124416K, 79% used [0x0000000080000000,0x00000000860ebd10,0x0000000087980000)
 Metaspace       used 76506K, committed 78912K, reserved 1179648K
  class space    used 7777K, committed 8704K, reserved 1048576K
}
Event: 11456.775 GC heap before
{Heap before GC invocations=1097 (full 4):
 PSYoungGen      total 3072K, used 2816K [0x00000000d5580000, 0x00000000d5a80000, 0x0000000100000000)
  eden space 2560K, 100% used [0x00000000d5580000,0x00000000d5800000,0x00000000d5800000)
  from space 512K, 50% used [0x00000000d5980000,0x00000000d59c0000,0x00000000d5a00000)
  to   space 512K, 0% used [0x00000000d5a00000,0x00000000d5a00000,0x00000000d5a80000)
 ParOldGen       total 124416K, used 99247K [0x0000000080000000, 0x0000000087980000, 0x00000000d5580000)
  object space 124416K, 79% used [0x0000000080000000,0x00000000860ebd10,0x0000000087980000)
 Metaspace       used 76506K, committed 78912K, reserved 1179648K
  class space    used 7777K, committed 8704K, reserved 1048576K
}
Event: 11456.777 GC heap after
{Heap after GC invocations=1097 (full 4):
 PSYoungGen      total 3072K, used 473K [0x00000000d5580000, 0x00000000d5a80000, 0x0000000100000000)
  eden space 2560K, 0% used [0x00000000d5580000,0x00000000d5580000,0x00000000d5800000)
  from space 512K, 92% used [0x00000000d5a00000,0x00000000d5a76410,0x00000000d5a80000)
  to   space 512K, 0% used [0x00000000d5980000,0x00000000d5980000,0x00000000d5a00000)
 ParOldGen       total 124416K, used 99327K [0x0000000080000000, 0x0000000087980000, 0x00000000d5580000)
  object space 124416K, 79% used [0x0000000080000000,0x00000000860ffd10,0x0000000087980000)
 Metaspace       used 76506K, committed 78912K, reserved 1179648K
  class space    used 7777K, committed 8704K, reserved 1048576K
}
Event: 11456.796 GC heap before
{Heap before GC invocations=1098 (full 4):
 PSYoungGen      total 3072K, used 3033K [0x00000000d5580000, 0x00000000d5a80000, 0x0000000100000000)
  eden space 2560K, 100% used [0x00000000d5580000,0x00000000d5800000,0x00000000d5800000)
  from space 512K, 92% used [0x00000000d5a00000,0x00000000d5a76410,0x00000000d5a80000)
  to   space 512K, 0% used [0x00000000d5980000,0x00000000d5980000,0x00000000d5a00000)
 ParOldGen       total 124416K, used 99327K [0x0000000080000000, 0x0000000087980000, 0x00000000d5580000)
  object space 124416K, 79% used [0x0000000080000000,0x00000000860ffd10,0x0000000087980000)
 Metaspace       used 76510K, committed 78912K, reserved 1179648K
  class space    used 7777K, committed 8704K, reserved 1048576K
}
Event: 11456.797 GC heap after
{Heap after GC invocations=1098 (full 4):
 PSYoungGen      total 3072K, used 457K [0x00000000d5580000, 0x00000000d5a80000, 0x0000000100000000)
  eden space 2560K, 0% used [0x00000000d5580000,0x00000000d5580000,0x00000000d5800000)
  from space 512K, 89% used [0x00000000d5980000,0x00000000d59f2400,0x00000000d5a00000)
  to   space 512K, 0% used [0x00000000d5a00000,0x00000000d5a00000,0x00000000d5a80000)
 ParOldGen       total 124416K, used 99343K [0x0000000080000000, 0x0000000087980000, 0x00000000d5580000)
  object space 124416K, 79% used [0x0000000080000000,0x0000000086103d10,0x0000000087980000)
 Metaspace       used 76510K, committed 78912K, reserved 1179648K
  class space    used 7777K, committed 8704K, reserved 1048576K
}
Event: 11456.810 GC heap before
{Heap before GC invocations=1099 (full 4):
 PSYoungGen      total 3072K, used 3017K [0x00000000d5580000, 0x00000000d5a80000, 0x0000000100000000)
  eden space 2560K, 100% used [0x00000000d5580000,0x00000000d5800000,0x00000000d5800000)
  from space 512K, 89% used [0x00000000d5980000,0x00000000d59f2400,0x00000000d5a00000)
  to   space 512K, 0% used [0x00000000d5a00000,0x00000000d5a00000,0x00000000d5a80000)
 ParOldGen       total 124416K, used 99343K [0x0000000080000000, 0x0000000087980000, 0x00000000d5580000)
  object space 124416K, 79% used [0x0000000080000000,0x0000000086103d10,0x0000000087980000)
 Metaspace       used 76510K, committed 78912K, reserved 1179648K
  class space    used 7777K, committed 8704K, reserved 1048576K
}
Event: 11456.811 GC heap after
{Heap after GC invocations=1099 (full 4):
 PSYoungGen      total 3072K, used 208K [0x00000000d5580000, 0x00000000d5a80000, 0x0000000100000000)
  eden space 2560K, 0% used [0x00000000d5580000,0x00000000d5580000,0x00000000d5800000)
  from space 512K, 40% used [0x00000000d5a00000,0x00000000d5a34010,0x00000000d5a80000)
  to   space 512K, 0% used [0x00000000d5980000,0x00000000d5980000,0x00000000d5a00000)
 ParOldGen       total 124416K, used 99471K [0x0000000080000000, 0x0000000087980000, 0x00000000d5580000)
  object space 124416K, 79% used [0x0000000080000000,0x0000000086123d10,0x0000000087980000)
 Metaspace       used 76510K, committed 78912K, reserved 1179648K
  class space    used 7777K, committed 8704K, reserved 1048576K
}

Dll operation events (10 events):
Event: 0.029 Loaded shared library c:\Users\4\.vscode\extensions\redhat.java-1.54.0-win32-x64\jre\21.0.10-win32-x86_64\bin\java.dll
Event: 0.323 Loaded shared library c:\Users\4\.vscode\extensions\redhat.java-1.54.0-win32-x64\jre\21.0.10-win32-x86_64\bin\zip.dll
Event: 0.401 Loaded shared library C:\Users\4\.vscode\extensions\redhat.java-1.54.0-win32-x64\jre\21.0.10-win32-x86_64\bin\instrument.dll
Event: 0.408 Loaded shared library C:\Users\4\.vscode\extensions\redhat.java-1.54.0-win32-x64\jre\21.0.10-win32-x86_64\bin\net.dll
Event: 0.523 Loaded shared library C:\Users\4\.vscode\extensions\redhat.java-1.54.0-win32-x64\jre\21.0.10-win32-x86_64\bin\nio.dll
Event: 0.537 Loaded shared library C:\Users\4\.vscode\extensions\redhat.java-1.54.0-win32-x64\jre\21.0.10-win32-x86_64\bin\zip.dll
Event: 0.670 Loaded shared library C:\Users\4\.vscode\extensions\redhat.java-1.54.0-win32-x64\jre\21.0.10-win32-x86_64\bin\jimage.dll
Event: 1.133 Loaded shared library c:\Users\4\.vscode\extensions\redhat.java-1.54.0-win32-x64\jre\21.0.10-win32-x86_64\bin\verify.dll
Event: 6.252 Loaded shared library C:\Users\4\AppData\Roaming\Code\User\globalStorage\redhat.java\1.54.0\config_win\org.eclipse.equinox.launcher\org.eclipse.equinox.launcher.win32.win32.x86_64_1.3.0.v20260203-2149\eclipse_11919.dll
Event: 12.211 Loaded shared library C:\Users\4\AppData\Local\Temp\jna-52\jna13236523153685875329.dll

Deoptimization events (20 events):
Event: 11453.849 Thread 0x00000243784a4ae0 DEOPT PACKING pc=0x000002435ad724e4 sp=0x000000604aafed50
Event: 11453.849 Thread 0x00000243784a4ae0 DEOPT UNPACKING pc=0x000002435a0f3aa2 sp=0x000000604aafec78 mode 2
Event: 11454.367 Thread 0x000002436d922190 Uncommon trap: trap_request=0xffffff45 fr.pc=0x000002435b4a8270 relative=0x00000000000001b0
Event: 11454.367 Thread 0x000002436d922190 Uncommon trap: reason=unstable_if action=reinterpret pc=0x000002435b4a8270 method=org.eclipse.jface.text.DefaultLineTracker.nextDelimiterInfo(Ljava/lang/String;I)Lorg/eclipse/jface/text/AbstractLineTracker$DelimiterInfo; @ 22 c2
Event: 11454.367 Thread 0x000002436d922190 DEOPT PACKING pc=0x000002435b4a8270 sp=0x000000604d4fe010
Event: 11454.368 Thread 0x000002436d922190 DEOPT UNPACKING pc=0x000002435a0f3aa2 sp=0x000000604d4fdfa0 mode 2
Event: 11454.668 Thread 0x00000243784a6520 Uncommon trap: trap_request=0xffffff45 fr.pc=0x000002435b4087d4 relative=0x00000000000004f4
Event: 11454.668 Thread 0x00000243784a6520 Uncommon trap: reason=unstable_if action=reinterpret pc=0x000002435b4087d4 method=org.eclipse.jdt.internal.compiler.parser.Scanner.getNextToken0()Lorg/eclipse/jdt/internal/compiler/parser/TerminalToken; @ 331 c2
Event: 11454.668 Thread 0x00000243784a6520 DEOPT PACKING pc=0x000002435b4087d4 sp=0x000000604c9fe7f0
Event: 11454.668 Thread 0x00000243784a6520 DEOPT UNPACKING pc=0x000002435a0f3aa2 sp=0x000000604c9fe730 mode 2
Event: 11454.668 Thread 0x00000243784a6520 Uncommon trap: trap_request=0xffffff45 fr.pc=0x000002435b325e10 relative=0x00000000000002d0
Event: 11454.668 Thread 0x00000243784a6520 Uncommon trap: reason=unstable_if action=reinterpret pc=0x000002435b325e10 method=org.eclipse.jdt.internal.compiler.parser.Scanner.pushLineSeparator()V @ 10 c2
Event: 11454.668 Thread 0x00000243784a6520 DEOPT PACKING pc=0x000002435b325e10 sp=0x000000604c9fe700
Event: 11454.669 Thread 0x00000243784a6520 DEOPT UNPACKING pc=0x000002435a0f3aa2 sp=0x000000604c9fe6a8 mode 2
Event: 11456.746 Thread 0x00000243784a4ae0 Uncommon trap: trap_request=0xffffff45 fr.pc=0x000002435b0aaa48 relative=0x00000000000000a8
Event: 11456.746 Thread 0x00000243784a4ae0 Uncommon trap: reason=unstable_if action=reinterpret pc=0x000002435b0aaa48 method=org.eclipse.core.internal.jobs.InternalJob.getState()I @ 10 c2
Event: 11456.746 Thread 0x00000243784a4ae0 DEOPT PACKING pc=0x000002435b0aaa48 sp=0x000000604aafe860
Event: 11456.746 Thread 0x00000243784a4ae0 DEOPT UNPACKING pc=0x000002435a0f3aa2 sp=0x000000604aafe798 mode 2
Event: 11464.158 Thread 0x00000243784a5e90 DEOPT PACKING pc=0x0000024353cecca4 sp=0x000000604acfe6d0
Event: 11464.159 Thread 0x00000243784a5e90 DEOPT UNPACKING pc=0x000002435a0f4242 sp=0x000000604acfdaf8 mode 0

Classes loaded (20 events):
Event: 1141.336 Loading class java/util/ArrayDeque$DeqSpliterator
Event: 1141.337 Loading class java/util/ArrayDeque$DeqSpliterator done
Event: 1145.067 Loading class jdk/internal/module/IllegalAccessLogger
Event: 1145.068 Loading class jdk/internal/module/IllegalAccessLogger done
Event: 1146.317 Loading class jdk/internal/module/IllegalAccessLogger
Event: 1146.317 Loading class jdk/internal/module/IllegalAccessLogger done
Event: 1340.980 Loading class javax/xml/transform/TransformerConfigurationException
Event: 1340.982 Loading class javax/xml/transform/TransformerConfigurationException done
Event: 1341.688 Loading class java/lang/UnsupportedClassVersionError
Event: 1341.691 Loading class java/lang/UnsupportedClassVersionError done
Event: 1343.761 Loading class jdk/internal/ref/CleanerImpl$InnocuousThreadFactory
Event: 1343.767 Loading class jdk/internal/ref/CleanerImpl$InnocuousThreadFactory done
Event: 1343.862 Loading class java/util/LinkedList$LLSpliterator
Event: 1343.869 Loading class java/util/LinkedList$LLSpliterator done
Event: 11409.200 Loading class java/util/function/IntPredicate
Event: 11409.202 Loading class java/util/function/IntPredicate done
Event: 11409.230 Loading class java/util/regex/Pattern$Bound
Event: 11409.231 Loading class java/util/regex/Pattern$Bound done
Event: 11450.520 Loading class jdk/internal/module/IllegalAccessLogger
Event: 11450.520 Loading class jdk/internal/module/IllegalAccessLogger done

Classes unloaded (20 events):
Event: 11451.898 Thread 0x000002434f82c130 Unloading class 0x0000024301017400 'java/lang/invoke/LambdaForm$MH+0x0000024301017400'
Event: 11451.898 Thread 0x000002434f82c130 Unloading class 0x0000024301016400 'java/lang/invoke/LambdaForm$MH+0x0000024301016400'
Event: 11451.898 Thread 0x000002434f82c130 Unloading class 0x000002430100d800 'java/lang/invoke/LambdaForm$MH+0x000002430100d800'
Event: 11451.898 Thread 0x000002434f82c130 Unloading class 0x000002430100d400 'java/lang/invoke/LambdaForm$MH+0x000002430100d400'
Event: 11451.898 Thread 0x000002434f82c130 Unloading class 0x000002430100d000 'java/lang/invoke/LambdaForm$MH+0x000002430100d000'
Event: 11451.898 Thread 0x000002434f82c130 Unloading class 0x000002430100cc00 'java/lang/invoke/LambdaForm$MH+0x000002430100cc00'
Event: 11451.898 Thread 0x000002434f82c130 Unloading class 0x000002430100c800 'java/lang/invoke/LambdaForm$BMH+0x000002430100c800'
Event: 11451.898 Thread 0x000002434f82c130 Unloading class 0x000002430100c000 'java/lang/invoke/LambdaForm$DMH+0x000002430100c000'
Event: 11451.898 Thread 0x000002434f82c130 Unloading class 0x0000024301008c00 'java/lang/invoke/LambdaForm$MH+0x0000024301008c00'
Event: 11451.898 Thread 0x000002434f82c130 Unloading class 0x0000024301008800 'java/lang/invoke/LambdaForm$MH+0x0000024301008800'
Event: 11451.898 Thread 0x000002434f82c130 Unloading class 0x0000024301008400 'java/lang/invoke/LambdaForm$MH+0x0000024301008400'
Event: 11451.899 Thread 0x000002434f82c130 Unloading class 0x0000024301007000 'java/lang/invoke/LambdaForm$MH+0x0000024301007000'
Event: 11451.899 Thread 0x000002434f82c130 Unloading class 0x0000024301006800 'java/lang/invoke/LambdaForm$MH+0x0000024301006800'
Event: 11451.899 Thread 0x000002434f82c130 Unloading class 0x0000024301006400 'java/lang/invoke/LambdaForm$MH+0x0000024301006400'
Event: 11451.899 Thread 0x000002434f82c130 Unloading class 0x0000024301006000 'java/lang/invoke/LambdaForm$MH+0x0000024301006000'
Event: 11451.899 Thread 0x000002434f82c130 Unloading class 0x0000024301005c00 'java/lang/invoke/LambdaForm$BMH+0x0000024301005c00'
Event: 11451.899 Thread 0x000002434f82c130 Unloading class 0x0000024301004800 'java/lang/invoke/LambdaForm$DMH+0x0000024301004800'
Event: 11451.899 Thread 0x000002434f82c130 Unloading class 0x0000024301002400 'java/lang/invoke/LambdaForm$MH+0x0000024301002400'
Event: 11451.899 Thread 0x000002434f82c130 Unloading class 0x0000024301002000 'java/lang/invoke/LambdaForm$MH+0x0000024301002000'
Event: 11451.899 Thread 0x000002434f82c130 Unloading class 0x0000024301001800 'java/lang/invoke/LambdaForm$MH+0x0000024301001800'

Classes redefined (0 events):
No events

Internal exceptions (20 events):
Event: 11453.790 Thread 0x000002436b94bf40 Implicit null exception at 0x000002435a6a040e to 0x000002435a6a04b5
Event: 11453.969 Thread 0x00000243784a5e90 Exception <a 'sun/nio/fs/WindowsException'{0x00000000d57dce18}> (0x00000000d57dce18) 
thrown [s\src\hotspot\share\prims\jni.cpp, line 520]
Event: 11453.969 Thread 0x00000243784a5e90 Exception <a 'sun/nio/fs/WindowsException'{0x00000000d57dd7f8}> (0x00000000d57dd7f8) 
thrown [s\src\hotspot\share\prims\jni.cpp, line 520]
Event: 11453.970 Thread 0x00000243784a5e90 Exception <a 'sun/nio/fs/WindowsException'{0x00000000d57dea30}> (0x00000000d57dea30) 
thrown [s\src\hotspot\share\prims\jni.cpp, line 520]
Event: 11453.970 Thread 0x00000243784a5e90 Exception <a 'sun/nio/fs/WindowsException'{0x00000000d57df3f0}> (0x00000000d57df3f0) 
thrown [s\src\hotspot\share\prims\jni.cpp, line 520]
Event: 11453.973 Thread 0x00000243784a5e90 Exception <a 'sun/nio/fs/WindowsException'{0x00000000d57e10e8}> (0x00000000d57e10e8) 
thrown [s\src\hotspot\share\prims\jni.cpp, line 520]
Event: 11453.974 Thread 0x00000243784a5e90 Exception <a 'sun/nio/fs/WindowsException'{0x00000000d57e1aa8}> (0x00000000d57e1aa8) 
thrown [s\src\hotspot\share\prims\jni.cpp, line 520]
Event: 11453.983 Thread 0x00000243784a5e90 Exception <a 'sun/nio/fs/WindowsException'{0x00000000d55812c0}> (0x00000000d55812c0) 
thrown [s\src\hotspot\share\prims\jni.cpp, line 520]
Event: 11453.984 Thread 0x00000243784a5e90 Exception <a 'sun/nio/fs/WindowsException'{0x00000000d5581c80}> (0x00000000d5581c80) 
thrown [s\src\hotspot\share\prims\jni.cpp, line 520]
Event: 11455.080 Thread 0x00000243784a7240 Exception <a 'java/lang/NoSuchMethodError'{0x00000000d55cdf48}: 'java.lang.Object java.lang.invoke.DirectMethodHandle$Holder.invokeStatic(java.lang.Object, int, java.lang.Object, java.lang.Object, java.lang.Object, java.lang.Object)'> (0x00000000d55cdf48) 
thrown [s\src\hotspot\share\interpreter\linkResolver.cpp, line 773]
Event: 11455.083 Thread 0x00000243784a7240 Exception <a 'java/lang/NoSuchMethodError'{0x00000000d55dc478}: 'java.lang.Object java.lang.invoke.DirectMethodHandle$Holder.newInvokeSpecial(java.lang.Object, int, java.lang.Object, java.lang.Object, java.lang.Object)'> (0x00000000d55dc478) 
thrown [s\src\hotspot\share\interpreter\linkResolver.cpp, line 773]
Event: 11455.136 Thread 0x00000243784a7240 Exception <a 'java/lang/ArrayIndexOutOfBoundsException'{0x00000000d566c540}: Index 82 out of bounds for length 81> (0x00000000d566c540) 
thrown [s\src\hotspot\share\interpreter\interpreterRuntime.cpp, line 439]
Event: 11456.212 Thread 0x00000243784a4ae0 Exception <a 'sun/nio/fs/WindowsException'{0x00000000d56c1918}> (0x00000000d56c1918) 
thrown [s\src\hotspot\share\prims\jni.cpp, line 520]
Event: 11456.212 Thread 0x00000243784a4ae0 Exception <a 'sun/nio/fs/WindowsException'{0x00000000d56c22d8}> (0x00000000d56c22d8) 
thrown [s\src\hotspot\share\prims\jni.cpp, line 520]
Event: 11456.213 Thread 0x00000243784a4ae0 Exception <a 'sun/nio/fs/WindowsException'{0x00000000d56dbbe8}> (0x00000000d56dbbe8) 
thrown [s\src\hotspot\share\prims\jni.cpp, line 520]
Event: 11456.213 Thread 0x00000243784a4ae0 Exception <a 'sun/nio/fs/WindowsException'{0x00000000d56dc5a8}> (0x00000000d56dc5a8) 
thrown [s\src\hotspot\share\prims\jni.cpp, line 520]
Event: 11456.214 Thread 0x00000243784a4ae0 Exception <a 'sun/nio/fs/WindowsException'{0x00000000d56dec58}> (0x00000000d56dec58) 
thrown [s\src\hotspot\share\prims\jni.cpp, line 520]
Event: 11456.214 Thread 0x00000243784a4ae0 Exception <a 'sun/nio/fs/WindowsException'{0x00000000d56df870}> (0x00000000d56df870) 
thrown [s\src\hotspot\share\prims\jni.cpp, line 520]
Event: 11456.218 Thread 0x00000243784a4ae0 Exception <a 'sun/nio/fs/WindowsException'{0x00000000d56fd760}> (0x00000000d56fd760) 
thrown [s\src\hotspot\share\prims\jni.cpp, line 520]
Event: 11456.218 Thread 0x00000243784a4ae0 Exception <a 'sun/nio/fs/WindowsException'{0x00000000d56fe360}> (0x00000000d56fe360) 
thrown [s\src\hotspot\share\prims\jni.cpp, line 520]

ZGC Phase Switch (0 events):
No events

VM Operations (20 events):
Event: 11456.293 Executing safepoint VM operation: ParallelGCFailedAllocation (Allocation Failure)
Event: 11456.294 Executing safepoint VM operation: ParallelGCFailedAllocation (Allocation Failure) done
Event: 11456.305 Executing safepoint VM operation: ParallelGCFailedAllocation (Allocation Failure)
Event: 11456.308 Executing safepoint VM operation: ParallelGCFailedAllocation (Allocation Failure) done
Event: 11456.326 Executing safepoint VM operation: ParallelGCFailedAllocation (Allocation Failure)
Event: 11456.328 Executing safepoint VM operation: ParallelGCFailedAllocation (Allocation Failure) done
Event: 11456.478 Executing safepoint VM operation: ParallelGCFailedAllocation (Allocation Failure)
Event: 11456.480 Executing safepoint VM operation: ParallelGCFailedAllocation (Allocation Failure) done
Event: 11456.685 Executing safepoint VM operation: ParallelGCFailedAllocation (Allocation Failure)
Event: 11456.688 Executing safepoint VM operation: ParallelGCFailedAllocation (Allocation Failure) done
Event: 11456.704 Executing safepoint VM operation: ParallelGCFailedAllocation (Allocation Failure)
Event: 11456.707 Executing safepoint VM operation: ParallelGCFailedAllocation (Allocation Failure) done
Event: 11456.764 Executing safepoint VM operation: ParallelGCFailedAllocation (Allocation Failure)
Event: 11456.765 Executing safepoint VM operation: ParallelGCFailedAllocation (Allocation Failure) done
Event: 11456.775 Executing safepoint VM operation: ParallelGCFailedAllocation (Allocation Failure)
Event: 11456.777 Executing safepoint VM operation: ParallelGCFailedAllocation (Allocation Failure) done
Event: 11456.795 Executing safepoint VM operation: ParallelGCFailedAllocation (Allocation Failure)
Event: 11456.797 Executing safepoint VM operation: ParallelGCFailedAllocation (Allocation Failure) done
Event: 11456.810 Executing safepoint VM operation: ParallelGCFailedAllocation (Allocation Failure)
Event: 11456.811 Executing safepoint VM operation: ParallelGCFailedAllocation (Allocation Failure) done

Memory protections (0 events):
No events

Nmethod flushes (20 events):
Event: 11452.760 Thread 0x000002434f82c130 flushing  nmethod 0x0000024353d46910
Event: 11452.760 Thread 0x000002434f82c130 flushing  nmethod 0x0000024353d46d90
Event: 11452.761 Thread 0x000002434f82c130 flushing  nmethod 0x0000024353d80590
Event: 11452.761 Thread 0x000002434f82c130 flushing  nmethod 0x0000024353db1c90
Event: 11452.761 Thread 0x000002434f82c130 flushing  nmethod 0x0000024353df5c90
Event: 11452.761 Thread 0x000002434f82c130 flushing  nmethod 0x0000024353e05210
Event: 11452.761 Thread 0x000002434f82c130 flushing  nmethod 0x0000024353e06b10
Event: 11452.761 Thread 0x000002434f82c130 flushing  nmethod 0x0000024353e1c610
Event: 11452.761 Thread 0x000002434f82c130 flushing  nmethod 0x0000024353e53a10
Event: 11452.761 Thread 0x000002434f82c130 flushing osr nmethod 0x0000024353e5b490
Event: 11452.761 Thread 0x000002434f82c130 flushing osr nmethod 0x0000024353e61d10
Event: 11452.761 Thread 0x000002434f82c130 flushing  nmethod 0x0000024353e66910
Event: 11452.761 Thread 0x000002434f82c130 flushing  nmethod 0x0000024353eb6910
Event: 11452.761 Thread 0x000002434f82c130 flushing  nmethod 0x000002435434c590
Event: 11452.761 Thread 0x000002434f82c130 flushing  nmethod 0x000002435434e010
Event: 11452.761 Thread 0x000002434f82c130 flushing  nmethod 0x0000024354472390
Event: 11452.761 Thread 0x000002434f82c130 flushing  nmethod 0x00000243544a7d10
Event: 11452.761 Thread 0x000002434f82c130 flushing  nmethod 0x00000243544ab590
Event: 11452.761 Thread 0x000002434f82c130 flushing  nmethod 0x0000024354ced010
Event: 11452.761 Thread 0x000002434f82c130 flushing  nmethod 0x0000024354ceeb10

Events (20 events):
Event: 11248.797 Thread 0x0000024379324010 Thread exited: 0x0000024379324010
Event: 11248.923 Thread 0x000002434f8c7e30 Thread added: 0x0000024379324010
Event: 11250.531 Thread 0x0000024379324010 Thread exited: 0x0000024379324010
Event: 11250.772 Thread 0x000002434f8c7e30 Thread added: 0x0000024379324010
Event: 11255.966 Thread 0x0000024379324010 Thread exited: 0x0000024379324010
Event: 11263.020 Thread 0x000002434f8c7e30 Thread added: 0x0000024379324010
Event: 11263.265 Thread 0x0000024379324010 Thread exited: 0x0000024379324010
Event: 11272.371 Thread 0x000002434f8c7e30 Thread added: 0x000002436f9a4840
Event: 11273.025 Thread 0x000002436f9a4840 Thread exited: 0x000002436f9a4840
Event: 11274.525 Thread 0x000002434f8c7e30 Thread added: 0x000002436eb84b60
Event: 11279.602 Thread 0x000002436eb84b60 Thread exited: 0x000002436eb84b60
Event: 11334.418 Thread 0x00000243784a6bb0 Thread exited: 0x00000243784a6bb0
Event: 11394.421 Thread 0x00000243784a2380 Thread exited: 0x00000243784a2380
Event: 11396.627 Thread 0x00000243784a4ae0 Thread added: 0x00000243784a5e90
Event: 11450.209 Thread 0x00000243784a6520 Thread added: 0x00000243784a1cf0
Event: 11450.428 Thread 0x00000243784a6520 Thread added: 0x00000243784a4450
Event: 11450.527 Thread 0x00000243784a6520 Thread added: 0x00000243784a30a0
Event: 11453.381 Thread 0x000002434f8532c0 Thread added: 0x000002436d654bd0
Event: 11453.878 Thread 0x000002436d654bd0 Thread exited: 0x000002436d654bd0
Event: 11453.895 Thread 0x000002436d922190 Thread added: 0x00000243784a7240


Dynamic libraries:
0x00007ff654580000 - 0x00007ff65458e000 	c:\Users\4\.vscode\extensions\redhat.java-1.54.0-win32-x64\jre\21.0.10-win32-x86_64\bin\java.exe
0x00007ffd91490000 - 0x00007ffd91689000 	C:\Windows\SYSTEM32\ntdll.dll
0x00007ffd8feb0000 - 0x00007ffd8ff72000 	C:\Windows\System32\KERNEL32.DLL
0x00007ffd8eea0000 - 0x00007ffd8f197000 	C:\Windows\System32\KERNELBASE.dll
0x00007ffd8eda0000 - 0x00007ffd8eea0000 	C:\Windows\System32\ucrtbase.dll
0x00007ffd86250000 - 0x00007ffd86268000 	c:\Users\4\.vscode\extensions\redhat.java-1.54.0-win32-x64\jre\21.0.10-win32-x86_64\bin\jli.dll
0x00007ffd8fc60000 - 0x00007ffd8fdfd000 	C:\Windows\System32\USER32.dll
0x00007ffd8f2c0000 - 0x00007ffd8f2e2000 	C:\Windows\System32\win32u.dll
0x00007ffd8ff90000 - 0x00007ffd8ffbb000 	C:\Windows\System32\GDI32.dll
0x00007ffd8f1a0000 - 0x00007ffd8f2ba000 	C:\Windows\System32\gdi32full.dll
0x00007ffd8f3f0000 - 0x00007ffd8f48d000 	C:\Windows\System32\msvcp_win.dll
0x00007ffd85f40000 - 0x00007ffd85f5e000 	c:\Users\4\.vscode\extensions\redhat.java-1.54.0-win32-x64\jre\21.0.10-win32-x86_64\bin\VCRUNTIME140.dll
0x00007ffd8a320000 - 0x00007ffd8a5bb000 	C:\Windows\WinSxS\amd64_microsoft.windows.common-controls_6595b64144ccf1df_6.0.19041.6926_none_60b5a53971f8f7e6\COMCTL32.dll
0x00007ffd90ea0000 - 0x00007ffd90f3e000 	C:\Windows\System32\msvcrt.dll
0x00007ffd90e70000 - 0x00007ffd90e9f000 	C:\Windows\System32\IMM32.DLL
0x00007ffd8be40000 - 0x00007ffd8be4c000 	c:\Users\4\.vscode\extensions\redhat.java-1.54.0-win32-x64\jre\21.0.10-win32-x86_64\bin\vcruntime140_1.dll
0x00007ffd688b0000 - 0x00007ffd6893d000 	c:\Users\4\.vscode\extensions\redhat.java-1.54.0-win32-x64\jre\21.0.10-win32-x86_64\bin\msvcp140.dll
0x00007ffd40d00000 - 0x00007ffd41aa1000 	c:\Users\4\.vscode\extensions\redhat.java-1.54.0-win32-x64\jre\21.0.10-win32-x86_64\bin\server\jvm.dll
0x00007ffd8fba0000 - 0x00007ffd8fc51000 	C:\Windows\System32\ADVAPI32.dll
0x00007ffd90f40000 - 0x00007ffd90fdf000 	C:\Windows\System32\sechost.dll
0x00007ffd90c50000 - 0x00007ffd90d76000 	C:\Windows\System32\RPCRT4.dll
0x00007ffd8ec60000 - 0x00007ffd8ec87000 	C:\Windows\System32\bcrypt.dll
0x00007ffd90030000 - 0x00007ffd9009b000 	C:\Windows\System32\WS2_32.dll
0x00007ffd8e000000 - 0x00007ffd8e04b000 	C:\Windows\SYSTEM32\POWRPROF.dll
0x00007ffd8b980000 - 0x00007ffd8b9a7000 	C:\Windows\SYSTEM32\WINMM.dll
0x00007ffd7ef40000 - 0x00007ffd7ef4a000 	C:\Windows\SYSTEM32\VERSION.dll
0x00007ffd8dec0000 - 0x00007ffd8ded2000 	C:\Windows\SYSTEM32\UMPDC.dll
0x00007ffd8c970000 - 0x00007ffd8c982000 	C:\Windows\SYSTEM32\kernel.appcore.dll
0x00007ffd8ba20000 - 0x00007ffd8ba2a000 	c:\Users\4\.vscode\extensions\redhat.java-1.54.0-win32-x64\jre\21.0.10-win32-x86_64\bin\jimage.dll
0x00007ffd7eb00000 - 0x00007ffd7ed01000 	C:\Windows\SYSTEM32\DBGHELP.DLL
0x00007ffd7bb30000 - 0x00007ffd7bb64000 	C:\Windows\SYSTEM32\dbgcore.DLL
0x00007ffd8ed10000 - 0x00007ffd8ed92000 	C:\Windows\System32\bcryptPrimitives.dll
0x00007ffd8b6b0000 - 0x00007ffd8b6bf000 	c:\Users\4\.vscode\extensions\redhat.java-1.54.0-win32-x64\jre\21.0.10-win32-x86_64\bin\instrument.dll
0x00007ffd85490000 - 0x00007ffd854b0000 	c:\Users\4\.vscode\extensions\redhat.java-1.54.0-win32-x64\jre\21.0.10-win32-x86_64\bin\java.dll
0x00007ffd903f0000 - 0x00007ffd90b61000 	C:\Windows\System32\SHELL32.dll
0x00007ffd8cb70000 - 0x00007ffd8d316000 	C:\Windows\SYSTEM32\windows.storage.dll
0x00007ffd910f0000 - 0x00007ffd91443000 	C:\Windows\System32\combase.dll
0x00007ffd8e520000 - 0x00007ffd8e54b000 	C:\Windows\SYSTEM32\Wldp.dll
0x00007ffd90b70000 - 0x00007ffd90c46000 	C:\Windows\System32\OLEAUT32.dll
0x00007ffd90fe0000 - 0x00007ffd9108d000 	C:\Windows\System32\SHCORE.dll
0x00007ffd90390000 - 0x00007ffd903eb000 	C:\Windows\System32\shlwapi.dll
0x00007ffd8ea20000 - 0x00007ffd8ea44000 	C:\Windows\SYSTEM32\profapi.dll
0x00007ffd7d280000 - 0x00007ffd7d298000 	c:\Users\4\.vscode\extensions\redhat.java-1.54.0-win32-x64\jre\21.0.10-win32-x86_64\bin\zip.dll
0x00007ffd8b0e0000 - 0x00007ffd8b0f0000 	C:\Users\4\.vscode\extensions\redhat.java-1.54.0-win32-x64\jre\21.0.10-win32-x86_64\bin\net.dll
0x00007ffd844e0000 - 0x00007ffd845ea000 	C:\Windows\SYSTEM32\WINHTTP.dll
0x00007ffd8e250000 - 0x00007ffd8e2ba000 	C:\Windows\system32\mswsock.dll
0x00007ffd74080000 - 0x00007ffd74096000 	C:\Users\4\.vscode\extensions\redhat.java-1.54.0-win32-x64\jre\21.0.10-win32-x86_64\bin\nio.dll
0x00007ffd8adf0000 - 0x00007ffd8ae00000 	c:\Users\4\.vscode\extensions\redhat.java-1.54.0-win32-x64\jre\21.0.10-win32-x86_64\bin\verify.dll
0x00007ffd6f4e0000 - 0x00007ffd6f525000 	C:\Users\4\AppData\Roaming\Code\User\globalStorage\redhat.java\1.54.0\config_win\org.eclipse.equinox.launcher\org.eclipse.equinox.launcher.win32.win32.x86_64_1.3.0.v20260203-2149\eclipse_11919.dll
0x00007ffd8f490000 - 0x00007ffd8f5bb000 	C:\Windows\System32\ole32.dll
0x00007ffd8e480000 - 0x00007ffd8e498000 	C:\Windows\SYSTEM32\CRYPTSP.dll
0x00007ffd8db00000 - 0x00007ffd8db38000 	C:\Windows\system32\rsaenh.dll
0x00007ffd8e9a0000 - 0x00007ffd8e9ce000 	C:\Windows\SYSTEM32\USERENV.dll
0x00007ffd8e470000 - 0x00007ffd8e47c000 	C:\Windows\SYSTEM32\CRYPTBASE.dll
0x00007ffd8dee0000 - 0x00007ffd8df1b000 	C:\Windows\SYSTEM32\IPHLPAPI.DLL
0x00007ffd8ff80000 - 0x00007ffd8ff88000 	C:\Windows\System32\NSI.dll
0x00007ffd6a200000 - 0x00007ffd6a249000 	C:\Users\4\AppData\Local\Temp\jna-52\jna13236523153685875329.dll
0x00007ffd8f5c0000 - 0x00007ffd8f5c8000 	C:\Windows\System32\PSAPI.DLL
0x00007ffd84ec0000 - 0x00007ffd84ed7000 	C:\Windows\SYSTEM32\dhcpcsvc6.DLL
0x00007ffd86670000 - 0x00007ffd8668d000 	C:\Windows\SYSTEM32\dhcpcsvc.DLL
0x00007ffd8dd50000 - 0x00007ffd8dd83000 	C:\Windows\SYSTEM32\ntmarta.dll

JVMTI agents:
c:\Users\4\.vscode\extensions\redhat.java-1.54.0-win32-x64\lombok\lombok-1.18.39-4050.jar path:c:\Users\4\.vscode\extensions\redhat.java-1.54.0-win32-x64\jre\21.0.10-win32-x86_64\bin\instrument.dll, loaded, initialized, instrumentlib options:none

dbghelp: loaded successfully - version: 4.0.5 - missing functions: none
symbol engine: initialized successfully - sym options: 0x614 - pdb path: .;c:\Users\4\.vscode\extensions\redhat.java-1.54.0-win32-x64\jre\21.0.10-win32-x86_64\bin;C:\Windows\SYSTEM32;C:\Windows\WinSxS\amd64_microsoft.windows.common-controls_6595b64144ccf1df_6.0.19041.6926_none_60b5a53971f8f7e6;c:\Users\4\.vscode\extensions\redhat.java-1.54.0-win32-x64\jre\21.0.10-win32-x86_64\bin\server;C:\Users\4\AppData\Roaming\Code\User\globalStorage\redhat.java\1.54.0\config_win\org.eclipse.equinox.launcher\org.eclipse.equinox.launcher.win32.win32.x86_64_1.3.0.v20260203-2149;C:\Users\4\AppData\Local\Temp\jna-52

VM Arguments:
jvm_args: --add-modules=ALL-SYSTEM --add-opens=java.base/java.util=ALL-UNNAMED --add-opens=java.base/java.lang=ALL-UNNAMED --add-opens=java.base/sun.nio.fs=ALL-UNNAMED -Declipse.application=org.eclipse.jdt.ls.core.id1 -Dosgi.bundles.defaultStartLevel=4 -Declipse.product=org.eclipse.jdt.ls.core.product -Djava.import.generatesMetadataFilesAtProjectRoot=false -DDetectVMInstallationsJob.disabled=true -Dfile.encoding=utf8 -XX:+UseParallelGC -XX:GCTimeRatio=4 -XX:AdaptiveSizePolicyWeight=90 -Dsun.zip.disableMemoryMapping=true -Xmx2G -Xms100m -Xlog:disable -javaagent:c:\Users\4\.vscode\extensions\redhat.java-1.54.0-win32-x64\lombok\lombok-1.18.39-4050.jar -XX:+HeapDumpOnOutOfMemoryError -XX:HeapDumpPath=c:\Users\4\AppData\Roaming\Code\User\workspaceStorage\ddc20687351c07bcddb01231c1307c42\redhat.java -Daether.dependencyCollector.impl=bf 
java_command: c:\Users\4\.vscode\extensions\redhat.java-1.54.0-win32-x64\server\plugins\org.eclipse.equinox.launcher_1.7.100.v20251111-0406.jar -configuration c:\Users\4\AppData\Roaming\Code\User\globalStorage\redhat.java\1.54.0\config_win -data c:\Users\4\AppData\Roaming\Code\User\workspaceStorage\ddc20687351c07bcddb01231c1307c42\redhat.java\jdt_ws --pipe=\\.\pipe\lsp-5ff66e775e60a2d6ebe561108bd42ba7-sock
java_class_path (initial): c:\Users\4\.vscode\extensions\redhat.java-1.54.0-win32-x64\server\plugins\org.eclipse.equinox.launcher_1.7.100.v20251111-0406.jar
Launcher Type: SUN_STANDARD

[Global flags]
    uintx AdaptiveSizePolicyWeight                 = 90                                        {product} {command line}
     intx CICompilerCount                          = 3                                         {product} {ergonomic}
    uintx GCTimeRatio                              = 4                                         {product} {command line}
     bool HeapDumpOnOutOfMemoryError               = true                                   {manageable} {command line}
    ccstr HeapDumpPath                             = c:\Users\4\AppData\Roaming\Code\User\workspaceStorage\ddc20687351c07bcddb01231c1307c42\redhat.java         {manageable} {command line}
   size_t InitialHeapSize                          = 104857600                                 {product} {command line}
   size_t MaxHeapSize                              = 2147483648                                {product} {command line}
   size_t MaxNewSize                               = 715653120                                 {product} {ergonomic}
   size_t MinHeapDeltaBytes                        = 524288                                    {product} {ergonomic}
   size_t MinHeapSize                              = 104857600                                 {product} {command line}
   size_t NewSize                                  = 34603008                                  {product} {ergonomic}
    uintx NonNMethodCodeHeapSize                   = 5832780                                {pd product} {ergonomic}
    uintx NonProfiledCodeHeapSize                  = 122912730                              {pd product} {ergonomic}
   size_t OldSize                                  = 70254592                                  {product} {ergonomic}
    uintx ProfiledCodeHeapSize                     = 122912730                              {pd product} {ergonomic}
    uintx ReservedCodeCacheSize                    = 251658240                              {pd product} {ergonomic}
     bool SegmentedCodeCache                       = true                                      {product} {ergonomic}
   size_t SoftMaxHeapSize                          = 2147483648                             {manageable} {ergonomic}
     bool UseCompressedOops                        = true                           {product lp64_product} {ergonomic}
     bool UseLargePagesIndividualAllocation        = false                                  {pd product} {ergonomic}
     bool UseParallelGC                            = true                                      {product} {command line}

Logging:
Log output configuration:
 #0: stdout all=off uptime,level,tags foldmultilines=false
 #1: stderr all=off uptime,level,tags foldmultilines=false

Release file:
JAVA_VERSION="21.0.10" 
MODULES="java.base java.compiler java.datatransfer java.xml java.prefs java.desktop java.instrument java.logging java.management java.security.sasl java.naming java.rmi java.management.rmi java.net.http java.scripting java.security.jgss java.transaction.xa java.sql java.sql.rowset java.xml.crypto java.se java.smartcardio jdk.accessibility jdk.internal.jvmstat jdk.attach jdk.charsets jdk.internal.opt jdk.zipfs jdk.compiler jdk.crypto.ec jdk.crypto.cryptoki jdk.crypto.mscapi jdk.dynalink jdk.internal.ed jdk.editpad jdk.hotspot.agent jdk.httpserver jdk.internal.le jdk.internal.vm.ci jdk.internal.vm.compiler jdk.internal.vm.compiler.management jdk.jartool jdk.javadoc jdk.jcmd jdk.management jdk.management.agent jdk.jconsole jdk.jdeps jdk.jdwp.agent jdk.jdi jdk.jfr jdk.jshell jdk.jsobject jdk.jstatd jdk.localedata jdk.management.jfr jdk.naming.dns jdk.naming.rmi jdk.net jdk.nio.mapmode jdk.random jdk.sctp jdk.security.auth jdk.security.jgss jdk.unsupported jdk.unsupported.desktop jdk.xml.dom" 

Environment Variables:
JAVA_HOME=C:\Program Files\Java\jdk-21.0.11\jdk-17
PATH=%PATH%;C:\Program Files\Java\jdk-21.0.11\bin;C:\Program Files\Git\cmd;C:\Program Files\PuTTY\;
USERNAME=4
OS=Windows_NT
PROCESSOR_IDENTIFIER=Intel64 Family 6 Model 60 Stepping 3, GenuineIntel
TMP=C:\Users\4\AppData\Local\Temp
TEMP=C:\Users\4\AppData\Local\Temp




Periodic native trim disabled

---------------  S Y S T E M  ---------------

OS:
 Windows 10 , 64 bit Build 19041 (10.0.19041.7291)
OS uptime: 8 days 5:52 hours

CPU: total 4 (initial active 4) (2 cores per cpu, 2 threads per core) family 6 model 60 stepping 3 microcode 0x27, cx8, cmov, fxsr, ht, mmx, sse, sse2, sse3, ssse3, sse4.1, sse4.2, popcnt, lzcnt, tsc, tscinvbit, avx, avx2, aes, erms, clmul, bmi1, bmi2, fma, vzeroupper, clflush, rdtscp, f16c
Processor Information for the first 4 processors :
  Max Mhz: 2601, Current Mhz: 2601, Mhz Limit: 2601

Memory: 4k page, system-wide physical 4001M (167M free)
TotalPageFile size 16289M (AvailPageFile size 3M)
current process WorkingSet (physical memory assigned to process): 298M, peak: 573M
current process commit charge ("private bytes"): 409M, peak: 916M

vm_info: OpenJDK 64-Bit Server VM (21.0.10+7-LTS) for windows-amd64 JRE (21.0.10+7-LTS), built on 2026-01-20T00:00:00Z by "admin" with MS VC++ 17.12 (VS2022)

END.
