#
# There is insufficient memory for the Java Runtime Environment to continue.
# Native memory allocation (malloc) failed to allocate 1938256 bytes for Chunk::new
# Possible reasons:
#   The system is out of physical RAM or swap space
#   The process is running with CompressedOops enabled, and the Java Heap may be blocking the growth of the native heap
# Possible solutions:
#   Reduce memory load on the system
#   Increase physical memory or swap space
#   Check if swap backing store is full
#   Decrease Java heap size (-Xmx/-Xms)
#   Decrease number of Java threads
#   Decrease Java thread stack sizes (-Xss)
#   Set larger code cache with -XX:ReservedCodeCacheSize=
#   JVM is running with Unscaled Compressed Oops mode in which the Java heap is
#     placed in the first 4GB address space. The Java Heap base address is the
#     maximum limit for the native heap growth. Please use -XX:HeapBaseMinAddress
#     to set the Java Heap base and to place the Java Heap above 4GB virtual address.
# This output file may be truncated or incomplete.
#
#  Out of Memory Error (arena.cpp:168), pid=12124, tid=2808
#
# JRE version: Java(TM) SE Runtime Environment (21.0.11+9) (build 21.0.11+9-LTS-211)
# Java VM: Java HotSpot(TM) 64-Bit Server VM (21.0.11+9-LTS-211, mixed mode, sharing, tiered, compressed oops, compressed class ptrs, g1 gc, windows-amd64)
# No core dump will be written. Minidumps are not enabled by default on client versions of Windows
#

---------------  S U M M A R Y ------------

Command Line: C:\Users\4\AppData\Local\Temp\surefire8918197580366971481\surefirebooter-20260602193848890_3.jar C:\Users\4\AppData\Local\Temp\surefire8918197580366971481 2026-06-02T19-38-48_606-jvmRun1 surefire-20260602193848890_1tmp surefire_0-20260602193848890_2tmp

Host: Intel(R) Core(TM) i5-4300M CPU @ 2.60GHz, 4 cores, 3G,  Windows 10 , 64 bit Build 19041 (10.0.19041.7291)
Time: Tue Jun  2 19:39:07 2026 India Standard Time elapsed time: 18.378669 seconds (0d 0h 0m 18s)

---------------  T H R E A D  ---------------

Current thread (0x00000155b71657d0):  JavaThread "C2 CompilerThread0" daemon [_thread_in_native, id=2808, stack(0x0000004a7e300000,0x0000004a7e400000) (1024K)]


Current CompileTask:
C2:  18378 7548   !   4       org.springframework.aop.aspectj.AspectJExpressionPointcut::getTargetShadowMatch (98 bytes)

Stack: [0x0000004a7e300000,0x0000004a7e400000]
Native frames: (J=compiled Java code, j=interpreted, Vv=VM code, C=native code)
V  [jvm.dll+0x6d0ef9]
V  [jvm.dll+0x860126]
V  [jvm.dll+0x86261e]
V  [jvm.dll+0x862cf3]
V  [jvm.dll+0x282bc6]
V  [jvm.dll+0xc67ad]
V  [jvm.dll+0xc6cf1]
V  [jvm.dll+0x3bbe71]
V  [jvm.dll+0x1e3a69]
V  [jvm.dll+0x24b673]
V  [jvm.dll+0x24aaff]
V  [jvm.dll+0x1cae7e]
V  [jvm.dll+0x25a7d9]
V  [jvm.dll+0x258d65]
V  [jvm.dll+0x3f50d1]
V  [jvm.dll+0x80ac0d]
V  [jvm.dll+0x6cf79d]
C  [ucrtbase.dll+0x21bb2]
C  [KERNEL32.DLL+0x17374]
C  [ntdll.dll+0x4cc91]


---------------  P R O C E S S  ---------------

Threads class SMR info:
_java_thread_list=0x000001558182b170, length=15, elements={
0x000001559a379e80, 0x000001559c56cb60, 0x000001559c56db30, 0x000001559c56e7f0,
0x00000155b71613c0, 0x00000155b7161fd0, 0x00000155b7164a40, 0x00000155b71657d0,
0x00000155b7194390, 0x00000155b73fd100, 0x00000155b7400d60, 0x00000155b764cc20,
0x00000155b7cf7130, 0x00000155fe65bb10, 0x00000155fe4ab600
}

Java Threads: ( => current thread )
  0x000001559a379e80 JavaThread "main"                              [_thread_in_native, id=3540, stack(0x0000004a7d400000,0x0000004a7d500000) (1024K)]
  0x000001559c56cb60 JavaThread "Reference Handler"          daemon [_thread_blocked, id=4916, stack(0x0000004a7dd00000,0x0000004a7de00000) (1024K)]
  0x000001559c56db30 JavaThread "Finalizer"                  daemon [_thread_blocked, id=10792, stack(0x0000004a7de00000,0x0000004a7df00000) (1024K)]
  0x000001559c56e7f0 JavaThread "Signal Dispatcher"          daemon [_thread_blocked, id=3240, stack(0x0000004a7df00000,0x0000004a7e000000) (1024K)]
  0x00000155b71613c0 JavaThread "Attach Listener"            daemon [_thread_blocked, id=7272, stack(0x0000004a7e000000,0x0000004a7e100000) (1024K)]
  0x00000155b7161fd0 JavaThread "Service Thread"             daemon [_thread_blocked, id=8960, stack(0x0000004a7e100000,0x0000004a7e200000) (1024K)]
  0x00000155b7164a40 JavaThread "Monitor Deflation Thread"   daemon [_thread_blocked, id=11748, stack(0x0000004a7e200000,0x0000004a7e300000) (1024K)]
=>0x00000155b71657d0 JavaThread "C2 CompilerThread0"         daemon [_thread_in_native, id=2808, stack(0x0000004a7e300000,0x0000004a7e400000) (1024K)]
  0x00000155b7194390 JavaThread "C1 CompilerThread0"         daemon [_thread_blocked, id=3544, stack(0x0000004a7e400000,0x0000004a7e500000) (1024K)]
  0x00000155b73fd100 JavaThread "Notification Thread"        daemon [_thread_blocked, id=7404, stack(0x0000004a7e500000,0x0000004a7e600000) (1024K)]
  0x00000155b7400d60 JavaThread "Common-Cleaner"             daemon [_thread_blocked, id=11816, stack(0x0000004a7e600000,0x0000004a7e700000) (1024K)]
  0x00000155b764cc20 JavaThread "surefire-forkedjvm-stream-flusher" daemon [_thread_blocked, id=8120, stack(0x0000004a7e700000,0x0000004a7e800000) (1024K)]
  0x00000155b7cf7130 JavaThread "surefire-forkedjvm-command-thread" daemon [_thread_in_native, id=9116, stack(0x0000004a7ea00000,0x0000004a7eb00000) (1024K)]
  0x00000155fe65bb10 JavaThread "mysql-cj-abandoned-connection-cleanup" daemon [_thread_blocked, id=12864, stack(0x0000004a7ec00000,0x0000004a7ed00000) (1024K)]
  0x00000155fe4ab600 JavaThread "HikariPool-1:housekeeper"   daemon [_thread_blocked, id=1728, stack(0x0000004a7ee00000,0x0000004a7ef00000) (1024K)]
Total: 15

Other Threads:
  0x000001559c5523d0 VMThread "VM Thread"                           [id=232, stack(0x0000004a7dc00000,0x0000004a7dd00000) (1024K)]
  0x00000155b715b020 WatcherThread "VM Periodic Task Thread"        [id=1844, stack(0x0000004a7db00000,0x0000004a7dc00000) (1024K)]
  0x000001559c4cf4f0 WorkerThread "GC Thread#0"                     [id=2920, stack(0x0000004a7d600000,0x0000004a7d700000) (1024K)]
  0x00000155b77cb2c0 WorkerThread "GC Thread#1"                     [id=1432, stack(0x0000004a7e800000,0x0000004a7e900000) (1024K)]
  0x00000155b7d09760 WorkerThread "GC Thread#2"                     [id=2340, stack(0x0000004a7e900000,0x0000004a7ea00000) (1024K)]
  0x00000155fd385370 WorkerThread "GC Thread#3"                     [id=13980, stack(0x0000004a7eb00000,0x0000004a7ec00000) (1024K)]
  0x000001559c4d8220 ConcurrentGCThread "G1 Main Marker"            [id=14072, stack(0x0000004a7d700000,0x0000004a7d800000) (1024K)]
  0x000001559c4d8d30 WorkerThread "G1 Conc#0"                       [id=9848, stack(0x0000004a7d800000,0x0000004a7d900000) (1024K)]
  0x000001559c5322b0 ConcurrentGCThread "G1 Refine#0"               [id=13428, stack(0x0000004a7d900000,0x0000004a7da00000) (1024K)]
  0x000001559c532fe0 ConcurrentGCThread "G1 Service"                [id=9388, stack(0x0000004a7da00000,0x0000004a7db00000) (1024K)]
Total: 10

Threads with active compile tasks:
C2 CompilerThread0    18396 7548   !   4       org.springframework.aop.aspectj.AspectJExpressionPointcut::getTargetShadowMatch (98 bytes)
Total: 1

VM state: not at safepoint (normal execution)

VM Mutex/Monitor currently owned by a thread: None

Heap address: 0x00000000c1600000, size: 1002 MB, Compressed Oops mode: 32-bit

CDS archive(s) mapped at: [0x00000155b8000000-0x00000155b8c90000-0x00000155b8c90000), size 13172736, SharedBaseAddress: 0x00000155b8000000, ArchiveRelocationMode: 1.
Compressed class space mapped at: 0x00000155b9000000-0x00000155f9000000, reserved size: 1073741824
Narrow klass base: 0x00000155b8000000, Narrow klass shift: 0, Narrow klass range: 0x100000000

GC Precious Log:
 CardTable entry size: 512
 Card Set container configuration: InlinePtr #cards 5 size 8 Array Of Cards #cards 12 size 40 Howl #buckets 4 coarsen threshold 1843 Howl Bitmap #cards 512 size 80 coarsen threshold 460 Card regions per heap region 1 cards per card region 2048
 CPUs: 4 total, 4 available
 Memory: 4001M
 Large Page Support: Disabled
 NUMA Support: Disabled
 Compressed Oops: Enabled (32-bit)
 Heap Region Size: 1M
 Heap Min Capacity: 8M
 Heap Initial Capacity: 64M
 Heap Max Capacity: 1002M
 Pre-touch: Disabled
 Parallel Workers: 4
 Concurrent Workers: 1
 Concurrent Refinement Workers: 4
 Periodic GC: Disabled

Heap:
 garbage-first heap   total 99328K, used 80297K [0x00000000c1600000, 0x0000000100000000)
  region size 1024K, 33 young (33792K), 4 survivors (4096K)
 Metaspace       used 88411K, committed 89344K, reserved 1179648K
  class space    used 11934K, committed 12352K, reserved 1048576K

Heap Regions: E=young(eden), S=young(survivor), O=old, HS=humongous(starts), HC=humongous(continues), CS=collection set, F=free, TAMS=top-at-mark-start, PB=parsable bottom
|   0|0x00000000c1600000, 0x00000000c1700000, 0x00000000c1700000|100%|HS|  |TAMS 0x00000000c1600000| PB 0x00000000c1600000| Complete 
|   1|0x00000000c1700000, 0x00000000c1800000, 0x00000000c1800000|100%|HS|  |TAMS 0x00000000c1700000| PB 0x00000000c1700000| Complete 
|   2|0x00000000c1800000, 0x00000000c1900000, 0x00000000c1900000|100%| O|  |TAMS 0x00000000c1800000| PB 0x00000000c1800000| Untracked 
|   3|0x00000000c1900000, 0x00000000c1a00000, 0x00000000c1a00000|100%| O|  |TAMS 0x00000000c1900000| PB 0x00000000c1900000| Untracked 
|   4|0x00000000c1a00000, 0x00000000c1b00000, 0x00000000c1b00000|100%| O|  |TAMS 0x00000000c1a00000| PB 0x00000000c1a00000| Untracked 
|   5|0x00000000c1b00000, 0x00000000c1c00000, 0x00000000c1c00000|100%| O|  |TAMS 0x00000000c1b00000| PB 0x00000000c1b00000| Untracked 
|   6|0x00000000c1c00000, 0x00000000c1d00000, 0x00000000c1d00000|100%| O|  |TAMS 0x00000000c1c00000| PB 0x00000000c1c00000| Untracked 
|   7|0x00000000c1d00000, 0x00000000c1e00000, 0x00000000c1e00000|100%| O|  |TAMS 0x00000000c1d00000| PB 0x00000000c1d00000| Untracked 
|   8|0x00000000c1e00000, 0x00000000c1f00000, 0x00000000c1f00000|100%| O|  |TAMS 0x00000000c1e00000| PB 0x00000000c1e00000| Untracked 
|   9|0x00000000c1f00000, 0x00000000c2000000, 0x00000000c2000000|100%| O|  |TAMS 0x00000000c1f00000| PB 0x00000000c1f00000| Untracked 
|  10|0x00000000c2000000, 0x00000000c2100000, 0x00000000c2100000|100%| O|  |TAMS 0x00000000c2000000| PB 0x00000000c2000000| Untracked 
|  11|0x00000000c2100000, 0x00000000c2200000, 0x00000000c2200000|100%| O|  |TAMS 0x00000000c2100000| PB 0x00000000c2100000| Untracked 
|  12|0x00000000c2200000, 0x00000000c2300000, 0x00000000c2300000|100%| O|  |TAMS 0x00000000c2200000| PB 0x00000000c2200000| Untracked 
|  13|0x00000000c2300000, 0x00000000c23e6908, 0x00000000c2400000| 90%| O|  |TAMS 0x00000000c2300000| PB 0x00000000c2300000| Untracked 
|  14|0x00000000c2400000, 0x00000000c2500000, 0x00000000c2500000|100%| O|  |TAMS 0x00000000c2400000| PB 0x00000000c2400000| Untracked 
|  15|0x00000000c2500000, 0x00000000c2600000, 0x00000000c2600000|100%| O|  |TAMS 0x00000000c2500000| PB 0x00000000c2500000| Untracked 
|  16|0x00000000c2600000, 0x00000000c2700000, 0x00000000c2700000|100%| O|  |TAMS 0x00000000c2600000| PB 0x00000000c2600000| Untracked 
|  17|0x00000000c2700000, 0x00000000c2800000, 0x00000000c2800000|100%| O|  |TAMS 0x00000000c2700000| PB 0x00000000c2700000| Untracked 
|  18|0x00000000c2800000, 0x00000000c2900000, 0x00000000c2900000|100%| O|  |TAMS 0x00000000c2800000| PB 0x00000000c2800000| Untracked 
|  19|0x00000000c2900000, 0x00000000c2a00000, 0x00000000c2a00000|100%| O|  |TAMS 0x00000000c2900000| PB 0x00000000c2900000| Untracked 
|  20|0x00000000c2a00000, 0x00000000c2b00000, 0x00000000c2b00000|100%| O|  |TAMS 0x00000000c2a00000| PB 0x00000000c2a00000| Untracked 
|  21|0x00000000c2b00000, 0x00000000c2c00000, 0x00000000c2c00000|100%| O|  |TAMS 0x00000000c2b00000| PB 0x00000000c2b00000| Untracked 
|  22|0x00000000c2c00000, 0x00000000c2d00000, 0x00000000c2d00000|100%| O|  |TAMS 0x00000000c2c00000| PB 0x00000000c2c00000| Untracked 
|  23|0x00000000c2d00000, 0x00000000c2e00000, 0x00000000c2e00000|100%| O|  |TAMS 0x00000000c2d00000| PB 0x00000000c2d00000| Untracked 
|  24|0x00000000c2e00000, 0x00000000c2f00000, 0x00000000c2f00000|100%| O|  |TAMS 0x00000000c2e00000| PB 0x00000000c2e00000| Untracked 
|  25|0x00000000c2f00000, 0x00000000c3000000, 0x00000000c3000000|100%| O|  |TAMS 0x00000000c2f00000| PB 0x00000000c2f00000| Untracked 
|  26|0x00000000c3000000, 0x00000000c3100000, 0x00000000c3100000|100%| O|  |TAMS 0x00000000c3000000| PB 0x00000000c3000000| Untracked 
|  27|0x00000000c3100000, 0x00000000c3200000, 0x00000000c3200000|100%| O|  |TAMS 0x00000000c3100000| PB 0x00000000c3100000| Untracked 
|  28|0x00000000c3200000, 0x00000000c3300000, 0x00000000c3300000|100%| O|  |TAMS 0x00000000c3200000| PB 0x00000000c3200000| Untracked 
|  29|0x00000000c3300000, 0x00000000c3400000, 0x00000000c3400000|100%| O|  |TAMS 0x00000000c3300000| PB 0x00000000c3300000| Untracked 
|  30|0x00000000c3400000, 0x00000000c3500000, 0x00000000c3500000|100%| O|  |TAMS 0x00000000c3400000| PB 0x00000000c3400000| Untracked 
|  31|0x00000000c3500000, 0x00000000c3600000, 0x00000000c3600000|100%| O|  |TAMS 0x00000000c3500000| PB 0x00000000c3500000| Untracked 
|  32|0x00000000c3600000, 0x00000000c3700000, 0x00000000c3700000|100%| O|  |TAMS 0x00000000c3600000| PB 0x00000000c3600000| Untracked 
|  33|0x00000000c3700000, 0x00000000c3800000, 0x00000000c3800000|100%| O|  |TAMS 0x00000000c3700000| PB 0x00000000c3700000| Untracked 
|  34|0x00000000c3800000, 0x00000000c3900000, 0x00000000c3900000|100%| O|  |TAMS 0x00000000c3800000| PB 0x00000000c3800000| Untracked 
|  35|0x00000000c3900000, 0x00000000c3a00000, 0x00000000c3a00000|100%| O|  |TAMS 0x00000000c3900000| PB 0x00000000c3900000| Untracked 
|  36|0x00000000c3a00000, 0x00000000c3b00000, 0x00000000c3b00000|100%| O|  |TAMS 0x00000000c3a00000| PB 0x00000000c3a00000| Untracked 
|  37|0x00000000c3b00000, 0x00000000c3c00000, 0x00000000c3c00000|100%| O|Cm|TAMS 0x00000000c3b00000| PB 0x00000000c3b00000| Complete 
|  38|0x00000000c3c00000, 0x00000000c3d00000, 0x00000000c3d00000|100%| O|  |TAMS 0x00000000c3c00000| PB 0x00000000c3c00000| Untracked 
|  39|0x00000000c3d00000, 0x00000000c3e00000, 0x00000000c3e00000|100%| O|  |TAMS 0x00000000c3d00000| PB 0x00000000c3d00000| Untracked 
|  40|0x00000000c3e00000, 0x00000000c3f00000, 0x00000000c3f00000|100%| O|  |TAMS 0x00000000c3e00000| PB 0x00000000c3e00000| Untracked 
|  41|0x00000000c3f00000, 0x00000000c4000000, 0x00000000c4000000|100%| O|  |TAMS 0x00000000c3f00000| PB 0x00000000c3f00000| Untracked 
|  42|0x00000000c4000000, 0x00000000c4100000, 0x00000000c4100000|100%| O|  |TAMS 0x00000000c4000000| PB 0x00000000c4000000| Untracked 
|  43|0x00000000c4100000, 0x00000000c4200000, 0x00000000c4200000|100%| O|  |TAMS 0x00000000c4100000| PB 0x00000000c4100000| Untracked 
|  44|0x00000000c4200000, 0x00000000c4300000, 0x00000000c4300000|100%| O|Cm|TAMS 0x00000000c4200000| PB 0x00000000c4200000| Complete 
|  45|0x00000000c4300000, 0x00000000c4400000, 0x00000000c4400000|100%| O|  |TAMS 0x00000000c4300000| PB 0x00000000c4300000| Untracked 
|  46|0x00000000c4400000, 0x00000000c44e3f08, 0x00000000c4500000| 89%| O|  |TAMS 0x00000000c4400000| PB 0x00000000c4400000| Untracked 
|  47|0x00000000c4500000, 0x00000000c4500000, 0x00000000c4600000|  0%| F|  |TAMS 0x00000000c4500000| PB 0x00000000c4500000| Untracked 
|  48|0x00000000c4600000, 0x00000000c4600000, 0x00000000c4700000|  0%| F|  |TAMS 0x00000000c4600000| PB 0x00000000c4600000| Untracked 
|  49|0x00000000c4700000, 0x00000000c4700000, 0x00000000c4800000|  0%| F|  |TAMS 0x00000000c4700000| PB 0x00000000c4700000| Untracked 
|  50|0x00000000c4800000, 0x00000000c4800000, 0x00000000c4900000|  0%| F|  |TAMS 0x00000000c4800000| PB 0x00000000c4800000| Untracked 
|  51|0x00000000c4900000, 0x00000000c4900000, 0x00000000c4a00000|  0%| F|  |TAMS 0x00000000c4900000| PB 0x00000000c4900000| Untracked 
|  52|0x00000000c4a00000, 0x00000000c4a00000, 0x00000000c4b00000|  0%| F|  |TAMS 0x00000000c4a00000| PB 0x00000000c4a00000| Untracked 
|  53|0x00000000c4b00000, 0x00000000c4b00000, 0x00000000c4c00000|  0%| F|  |TAMS 0x00000000c4b00000| PB 0x00000000c4b00000| Untracked 
|  54|0x00000000c4c00000, 0x00000000c4c00000, 0x00000000c4d00000|  0%| F|  |TAMS 0x00000000c4c00000| PB 0x00000000c4c00000| Untracked 
|  55|0x00000000c4d00000, 0x00000000c4d00000, 0x00000000c4e00000|  0%| F|  |TAMS 0x00000000c4d00000| PB 0x00000000c4d00000| Untracked 
|  56|0x00000000c4e00000, 0x00000000c4e00000, 0x00000000c4f00000|  0%| F|  |TAMS 0x00000000c4e00000| PB 0x00000000c4e00000| Untracked 
|  57|0x00000000c4f00000, 0x00000000c4f00000, 0x00000000c5000000|  0%| F|  |TAMS 0x00000000c4f00000| PB 0x00000000c4f00000| Untracked 
|  58|0x00000000c5000000, 0x00000000c5000000, 0x00000000c5100000|  0%| F|  |TAMS 0x00000000c5000000| PB 0x00000000c5000000| Untracked 
|  59|0x00000000c5100000, 0x00000000c5100000, 0x00000000c5200000|  0%| F|  |TAMS 0x00000000c5100000| PB 0x00000000c5100000| Untracked 
|  60|0x00000000c5200000, 0x00000000c529fc30, 0x00000000c5300000| 62%| S|CS|TAMS 0x00000000c5200000| PB 0x00000000c5200000| Complete 
|  61|0x00000000c5300000, 0x00000000c5400000, 0x00000000c5400000|100%| S|CS|TAMS 0x00000000c5300000| PB 0x00000000c5300000| Complete 
|  62|0x00000000c5400000, 0x00000000c5500000, 0x00000000c5500000|100%| S|CS|TAMS 0x00000000c5400000| PB 0x00000000c5400000| Complete 
|  63|0x00000000c5500000, 0x00000000c5600000, 0x00000000c5600000|100%| S|CS|TAMS 0x00000000c5500000| PB 0x00000000c5500000| Complete 
|  64|0x00000000c5600000, 0x00000000c5600000, 0x00000000c5700000|  0%| F|  |TAMS 0x00000000c5600000| PB 0x00000000c5600000| Untracked 
|  65|0x00000000c5700000, 0x00000000c5700000, 0x00000000c5800000|  0%| F|  |TAMS 0x00000000c5700000| PB 0x00000000c5700000| Untracked 
|  66|0x00000000c5800000, 0x00000000c5800000, 0x00000000c5900000|  0%| F|  |TAMS 0x00000000c5800000| PB 0x00000000c5800000| Untracked 
|  67|0x00000000c5900000, 0x00000000c5900000, 0x00000000c5a00000|  0%| F|  |TAMS 0x00000000c5900000| PB 0x00000000c5900000| Untracked 
|  68|0x00000000c5a00000, 0x00000000c5a80000, 0x00000000c5b00000| 50%| E|  |TAMS 0x00000000c5a00000| PB 0x00000000c5a00000| Complete 
|  69|0x00000000c5b00000, 0x00000000c5c00000, 0x00000000c5c00000|100%| E|CS|TAMS 0x00000000c5b00000| PB 0x00000000c5b00000| Complete 
|  70|0x00000000c5c00000, 0x00000000c5d00000, 0x00000000c5d00000|100%| E|CS|TAMS 0x00000000c5c00000| PB 0x00000000c5c00000| Complete 
|  71|0x00000000c5d00000, 0x00000000c5e00000, 0x00000000c5e00000|100%| E|CS|TAMS 0x00000000c5d00000| PB 0x00000000c5d00000| Complete 
|  72|0x00000000c5e00000, 0x00000000c5f00000, 0x00000000c5f00000|100%| E|CS|TAMS 0x00000000c5e00000| PB 0x00000000c5e00000| Complete 
|  73|0x00000000c5f00000, 0x00000000c6000000, 0x00000000c6000000|100%| E|CS|TAMS 0x00000000c5f00000| PB 0x00000000c5f00000| Complete 
|  74|0x00000000c6000000, 0x00000000c6100000, 0x00000000c6100000|100%| E|CS|TAMS 0x00000000c6000000| PB 0x00000000c6000000| Complete 
|  75|0x00000000c6100000, 0x00000000c6200000, 0x00000000c6200000|100%| E|CS|TAMS 0x00000000c6100000| PB 0x00000000c6100000| Complete 
|  76|0x00000000c6200000, 0x00000000c6300000, 0x00000000c6300000|100%| E|CS|TAMS 0x00000000c6200000| PB 0x00000000c6200000| Complete 
|  77|0x00000000c6300000, 0x00000000c6400000, 0x00000000c6400000|100%| E|CS|TAMS 0x00000000c6300000| PB 0x00000000c6300000| Complete 
|  78|0x00000000c6400000, 0x00000000c6500000, 0x00000000c6500000|100%| E|CS|TAMS 0x00000000c6400000| PB 0x00000000c6400000| Complete 
|  79|0x00000000c6500000, 0x00000000c6600000, 0x00000000c6600000|100%| E|CS|TAMS 0x00000000c6500000| PB 0x00000000c6500000| Complete 
|  80|0x00000000c6600000, 0x00000000c6700000, 0x00000000c6700000|100%| E|CS|TAMS 0x00000000c6600000| PB 0x00000000c6600000| Complete 
|  81|0x00000000c6700000, 0x00000000c6800000, 0x00000000c6800000|100%| E|CS|TAMS 0x00000000c6700000| PB 0x00000000c6700000| Complete 
|  82|0x00000000c6800000, 0x00000000c6900000, 0x00000000c6900000|100%| E|CS|TAMS 0x00000000c6800000| PB 0x00000000c6800000| Complete 
|  83|0x00000000c6900000, 0x00000000c6a00000, 0x00000000c6a00000|100%| E|CS|TAMS 0x00000000c6900000| PB 0x00000000c6900000| Complete 
|  84|0x00000000c6a00000, 0x00000000c6b00000, 0x00000000c6b00000|100%| E|CS|TAMS 0x00000000c6a00000| PB 0x00000000c6a00000| Complete 
|  85|0x00000000c6b00000, 0x00000000c6c00000, 0x00000000c6c00000|100%| E|CS|TAMS 0x00000000c6b00000| PB 0x00000000c6b00000| Complete 
|  86|0x00000000c6c00000, 0x00000000c6d00000, 0x00000000c6d00000|100%| E|CS|TAMS 0x00000000c6c00000| PB 0x00000000c6c00000| Complete 
|  87|0x00000000c6d00000, 0x00000000c6e00000, 0x00000000c6e00000|100%| E|CS|TAMS 0x00000000c6d00000| PB 0x00000000c6d00000| Complete 
|  88|0x00000000c6e00000, 0x00000000c6f00000, 0x00000000c6f00000|100%| E|CS|TAMS 0x00000000c6e00000| PB 0x00000000c6e00000| Complete 
|  89|0x00000000c6f00000, 0x00000000c7000000, 0x00000000c7000000|100%| E|CS|TAMS 0x00000000c6f00000| PB 0x00000000c6f00000| Complete 
|  90|0x00000000c7000000, 0x00000000c7100000, 0x00000000c7100000|100%| E|CS|TAMS 0x00000000c7000000| PB 0x00000000c7000000| Complete 
|  91|0x00000000c7100000, 0x00000000c7200000, 0x00000000c7200000|100%| E|CS|TAMS 0x00000000c7100000| PB 0x00000000c7100000| Complete 
|  92|0x00000000c7200000, 0x00000000c7300000, 0x00000000c7300000|100%| E|CS|TAMS 0x00000000c7200000| PB 0x00000000c7200000| Complete 
|  93|0x00000000c7300000, 0x00000000c7400000, 0x00000000c7400000|100%| E|CS|TAMS 0x00000000c7300000| PB 0x00000000c7300000| Complete 
|  94|0x00000000c7400000, 0x00000000c7500000, 0x00000000c7500000|100%| E|CS|TAMS 0x00000000c7400000| PB 0x00000000c7400000| Complete 
|  95|0x00000000c7500000, 0x00000000c7600000, 0x00000000c7600000|100%| E|CS|TAMS 0x00000000c7500000| PB 0x00000000c7500000| Complete 
|  96|0x00000000c7600000, 0x00000000c7700000, 0x00000000c7700000|100%| E|CS|TAMS 0x00000000c7600000| PB 0x00000000c7600000| Complete 

Card table byte_map: [0x00000155b3b60000,0x00000155b3d60000] _byte_map_base: 0x00000155b3555000

Marking Bits: (CMBitMap*) 0x000001559c4cfc00
 Bits: [0x00000155b3d60000, 0x00000155b4d08000)

Polling page: 0x000001559bc70000

Metaspace:

Usage:
  Non-class:     74.68 MB used.
      Class:     11.65 MB used.
       Both:     86.34 MB used.

Virtual space:
  Non-class space:      128.00 MB reserved,      75.19 MB ( 59%) committed,  2 nodes.
      Class space:        1.00 GB reserved,      12.06 MB (  1%) committed,  1 nodes.
             Both:        1.12 GB reserved,      87.25 MB (  8%) committed. 

Chunk freelists:
   Non-Class:  4.78 MB
       Class:  3.88 MB
        Both:  8.67 MB

MaxMetaspaceSize: unlimited
CompressedClassSpaceSize: 1.00 GB
Initial GC threshold: 21.00 MB
Current GC threshold: 138.44 MB
CDS: on
 - commit_granule_bytes: 65536.
 - commit_granule_words: 8192.
 - virtual_space_node_default_size: 8388608.
 - enlarge_chunks_in_place: 1.
 - use_allocation_guard: 0.


Internal statistics:

num_allocs_failed_limit: 15.
num_arena_births: 1330.
num_arena_deaths: 0.
num_vsnodes_births: 3.
num_vsnodes_deaths: 0.
num_space_committed: 1396.
num_space_uncommitted: 0.
num_chunks_returned_to_freelist: 15.
num_chunks_taken_from_freelist: 4542.
num_chunk_merges: 15.
num_chunk_splits: 3228.
num_chunks_enlarged: 2504.
num_inconsistent_stats: 0.

CodeHeap 'non-profiled nmethods': size=120000Kb used=3619Kb max_used=3619Kb free=116380Kb
 bounds [0x00000155ac430000, 0x00000155ac7d0000, 0x00000155b3960000]
CodeHeap 'profiled nmethods': size=120000Kb used=13021Kb max_used=13021Kb free=106979Kb
 bounds [0x00000155a4960000, 0x00000155a5620000, 0x00000155abe90000]
CodeHeap 'non-nmethods': size=5760Kb used=1773Kb max_used=1813Kb free=3987Kb
 bounds [0x00000155abe90000, 0x00000155ac100000, 0x00000155ac430000]
 total_blobs=7757 nmethods=6971 adapters=690
 compilation: enabled
              stopped_count=0, restarted_count=0
 full_count=0

Compilation events (20 events):
Event: 17.864 Thread 0x00000155b7194390 8474       2       java.util.regex.Pattern$GroupTail::match (111 bytes)
Event: 17.864 Thread 0x00000155b7194390 nmethod 8474 0x00000155a5613d90 code [0x00000155a5613f60, 0x00000155a5614220]
Event: 17.867 Thread 0x00000155b7194390 8475       1       sun.invoke.util.Wrapper::wrapperSimpleName (5 bytes)
Event: 17.867 Thread 0x00000155b7194390 nmethod 8475 0x00000155ac6f5c90 code [0x00000155ac6f5e20, 0x00000155ac6f5ee8]
Event: 17.870 Thread 0x00000155b7194390 8476   !   2       jdk.proxy2.$Proxy3::annotationType (29 bytes)
Event: 17.870 Thread 0x00000155b7194390 nmethod 8476 0x00000155a5614410 code [0x00000155a56145e0, 0x00000155a5614870]
Event: 17.874 Thread 0x00000155b7194390 8477       2       java.lang.invoke.LambdaFormEditor::foldArgumentsForm (95 bytes)
Event: 17.875 Thread 0x00000155b7194390 nmethod 8477 0x00000155a5614a10 code [0x00000155a5614be0, 0x00000155a5614e18]
Event: 17.879 Thread 0x00000155b7194390 8478   !   3       org.slf4j.LoggerFactory::getProvider (102 bytes)
Event: 17.879 Thread 0x00000155b7194390 nmethod 8478 0x00000155a5614f90 code [0x00000155a56151c0, 0x00000155a5615810]
Event: 17.950 Thread 0x00000155b7194390 8479       2       org.springframework.context.event.GenericApplicationListenerAdapter::resolveDeclaredEventType (57 bytes)
Event: 17.950 Thread 0x00000155b7194390 nmethod 8479 0x00000155a5615a10 code [0x00000155a5615c00, 0x00000155a5615f68]
Event: 17.950 Thread 0x00000155b7194390 8480       2       org.springframework.core.annotation.AnnotationTypeMappings::addIfPossible (21 bytes)
Event: 17.951 Thread 0x00000155b7194390 nmethod 8480 0x00000155a5616110 code [0x00000155a56162e0, 0x00000155a56165b8]
Event: 17.951 Thread 0x00000155b7194390 8481       2       java.lang.invoke.MethodTypeForm::hasPrimitives (13 bytes)
Event: 17.952 Thread 0x00000155b7194390 nmethod 8481 0x00000155a5616710 code [0x00000155a56168a0, 0x00000155a56169b8]
Event: 17.967 Thread 0x00000155b7194390 8483       2       java.lang.invoke.MethodType::hasPrimitives (8 bytes)
Event: 17.967 Thread 0x00000155b7194390 nmethod 8483 0x00000155a5616a90 code [0x00000155a5616c20, 0x00000155a5616d48]
Event: 17.984 Thread 0x00000155b7194390 8484       2       java.lang.invoke.Invokers$Holder::invokeExact_MT (24 bytes)
Event: 17.984 Thread 0x00000155b7194390 nmethod 8484 0x00000155a5616e10 code [0x00000155a5616fe0, 0x00000155a5617200]

GC Heap History (20 events):
Event: 12.650 GC heap before
{Heap before GC invocations=16 (full 0):
 garbage-first heap   total 78848K, used 69847K [0x00000000c1600000, 0x0000000100000000)
  region size 1024K, 36 young (36864K), 3 survivors (3072K)
 Metaspace       used 74663K, committed 75328K, reserved 1114112K
  class space    used 9933K, committed 10240K, reserved 1048576K
}
Event: 12.661 GC heap after
{Heap after GC invocations=17 (full 0):
 garbage-first heap   total 78848K, used 37671K [0x00000000c1600000, 0x0000000100000000)
  region size 1024K, 5 young (5120K), 5 survivors (5120K)
 Metaspace       used 74663K, committed 75328K, reserved 1114112K
  class space    used 9933K, committed 10240K, reserved 1048576K
}
Event: 13.105 GC heap before
{Heap before GC invocations=17 (full 0):
 garbage-first heap   total 78848K, used 67367K [0x00000000c1600000, 0x0000000100000000)
  region size 1024K, 34 young (34816K), 5 survivors (5120K)
 Metaspace       used 76172K, committed 76864K, reserved 1179648K
  class space    used 10117K, committed 10432K, reserved 1048576K
}
Event: 13.119 GC heap after
{Heap after GC invocations=18 (full 0):
 garbage-first heap   total 78848K, used 39143K [0x00000000c1600000, 0x0000000100000000)
  region size 1024K, 4 young (4096K), 4 survivors (4096K)
 Metaspace       used 76172K, committed 76864K, reserved 1179648K
  class space    used 10117K, committed 10432K, reserved 1048576K
}
Event: 13.552 GC heap before
{Heap before GC invocations=18 (full 0):
 garbage-first heap   total 78848K, used 68839K [0x00000000c1600000, 0x0000000100000000)
  region size 1024K, 33 young (33792K), 4 survivors (4096K)
 Metaspace       used 77581K, committed 78272K, reserved 1179648K
  class space    used 10361K, committed 10688K, reserved 1048576K
}
Event: 13.562 GC heap after
{Heap after GC invocations=19 (full 0):
 garbage-first heap   total 78848K, used 40500K [0x00000000c1600000, 0x0000000100000000)
  region size 1024K, 4 young (4096K), 4 survivors (4096K)
 Metaspace       used 77581K, committed 78272K, reserved 1179648K
  class space    used 10361K, committed 10688K, reserved 1048576K
}
Event: 14.000 GC heap before
{Heap before GC invocations=20 (full 0):
 garbage-first heap   total 78848K, used 68148K [0x00000000c1600000, 0x0000000100000000)
  region size 1024K, 31 young (31744K), 4 survivors (4096K)
 Metaspace       used 78498K, committed 79232K, reserved 1179648K
  class space    used 10554K, committed 10880K, reserved 1048576K
}
Event: 14.011 GC heap after
{Heap after GC invocations=21 (full 0):
 garbage-first heap   total 78848K, used 41836K [0x00000000c1600000, 0x0000000100000000)
  region size 1024K, 3 young (3072K), 3 survivors (3072K)
 Metaspace       used 78498K, committed 79232K, reserved 1179648K
  class space    used 10554K, committed 10880K, reserved 1048576K
}
Event: 14.426 GC heap before
{Heap before GC invocations=21 (full 0):
 garbage-first heap   total 78848K, used 70508K [0x00000000c1600000, 0x0000000100000000)
  region size 1024K, 31 young (31744K), 3 survivors (3072K)
 Metaspace       used 79617K, committed 80320K, reserved 1179648K
  class space    used 10726K, committed 11072K, reserved 1048576K
}
Event: 14.436 GC heap after
{Heap after GC invocations=22 (full 0):
 garbage-first heap   total 95232K, used 42414K [0x00000000c1600000, 0x0000000100000000)
  region size 1024K, 3 young (3072K), 3 survivors (3072K)
 Metaspace       used 79617K, committed 80320K, reserved 1179648K
  class space    used 10726K, committed 11072K, reserved 1048576K
}
Event: 15.364 GC heap before
{Heap before GC invocations=22 (full 0):
 garbage-first heap   total 95232K, used 85422K [0x00000000c1600000, 0x0000000100000000)
  region size 1024K, 45 young (46080K), 3 survivors (3072K)
 Metaspace       used 80633K, committed 81408K, reserved 1179648K
  class space    used 10854K, committed 11200K, reserved 1048576K
}
Event: 15.382 GC heap after
{Heap after GC invocations=23 (full 0):
 garbage-first heap   total 95232K, used 44899K [0x00000000c1600000, 0x0000000100000000)
  region size 1024K, 5 young (5120K), 5 survivors (5120K)
 Metaspace       used 80633K, committed 81408K, reserved 1179648K
  class space    used 10854K, committed 11200K, reserved 1048576K
}
Event: 15.907 GC heap before
{Heap before GC invocations=24 (full 0):
 garbage-first heap   total 95232K, used 83811K [0x00000000c1600000, 0x0000000100000000)
  region size 1024K, 43 young (44032K), 5 survivors (5120K)
 Metaspace       used 82236K, committed 83008K, reserved 1179648K
  class space    used 11065K, committed 11392K, reserved 1048576K
}
Event: 15.919 GC heap after
{Heap after GC invocations=25 (full 0):
 garbage-first heap   total 95232K, used 46335K [0x00000000c1600000, 0x0000000100000000)
  region size 1024K, 4 young (4096K), 4 survivors (4096K)
 Metaspace       used 82236K, committed 83008K, reserved 1179648K
  class space    used 11065K, committed 11392K, reserved 1048576K
}
Event: 16.427 GC heap before
{Heap before GC invocations=25 (full 0):
 garbage-first heap   total 95232K, used 84223K [0x00000000c1600000, 0x0000000100000000)
  region size 1024K, 41 young (41984K), 4 survivors (4096K)
 Metaspace       used 82917K, committed 83712K, reserved 1179648K
  class space    used 11175K, committed 11520K, reserved 1048576K
}
Event: 16.443 GC heap after
{Heap after GC invocations=26 (full 0):
 garbage-first heap   total 95232K, used 48129K [0x00000000c1600000, 0x0000000100000000)
  region size 1024K, 4 young (4096K), 4 survivors (4096K)
 Metaspace       used 82917K, committed 83712K, reserved 1179648K
  class space    used 11175K, committed 11520K, reserved 1048576K
}
Event: 16.937 GC heap before
{Heap before GC invocations=26 (full 0):
 garbage-first heap   total 95232K, used 83969K [0x00000000c1600000, 0x0000000100000000)
  region size 1024K, 39 young (39936K), 4 survivors (4096K)
 Metaspace       used 83856K, committed 84736K, reserved 1179648K
  class space    used 11344K, committed 11776K, reserved 1048576K
}
Event: 16.950 GC heap after
{Heap after GC invocations=27 (full 0):
 garbage-first heap   total 95232K, used 49653K [0x00000000c1600000, 0x0000000100000000)
  region size 1024K, 4 young (4096K), 4 survivors (4096K)
 Metaspace       used 83856K, committed 84736K, reserved 1179648K
  class space    used 11344K, committed 11776K, reserved 1048576K
}
Event: 17.385 GC heap before
{Heap before GC invocations=28 (full 0):
 garbage-first heap   total 99328K, used 83445K [0x00000000c1600000, 0x0000000100000000)
  region size 1024K, 37 young (37888K), 4 survivors (4096K)
 Metaspace       used 84880K, committed 85760K, reserved 1179648K
  class space    used 11490K, committed 11904K, reserved 1048576K
}
Event: 17.396 GC heap after
{Heap after GC invocations=29 (full 0):
 garbage-first heap   total 99328K, used 51625K [0x00000000c1600000, 0x0000000100000000)
  region size 1024K, 4 young (4096K), 4 survivors (4096K)
 Metaspace       used 84880K, committed 85760K, reserved 1179648K
  class space    used 11490K, committed 11904K, reserved 1048576K
}

Dll operation events (11 events):
Event: 0.011 Loaded shared library C:\Program Files\Java\jdk-21.0.11\bin\java.dll
Event: 0.122 Loaded shared library C:\Program Files\Java\jdk-21.0.11\bin\jsvml.dll
Event: 0.157 Loaded shared library C:\Program Files\Java\jdk-21.0.11\bin\net.dll
Event: 0.159 Loaded shared library C:\Program Files\Java\jdk-21.0.11\bin\nio.dll
Event: 0.190 Loaded shared library C:\Program Files\Java\jdk-21.0.11\bin\zip.dll
Event: 0.343 Loaded shared library C:\Program Files\Java\jdk-21.0.11\bin\management.dll
Event: 0.358 Loaded shared library C:\Program Files\Java\jdk-21.0.11\bin\management_ext.dll
Event: 0.391 Loaded shared library C:\Program Files\Java\jdk-21.0.11\bin\jimage.dll
Event: 3.704 Loaded shared library C:\Program Files\Java\jdk-21.0.11\bin\sunmscapi.dll
Event: 8.480 Loaded shared library C:\Program Files\Java\jdk-21.0.11\bin\verify.dll
Event: 8.944 Loaded shared library C:\Program Files\Java\jdk-21.0.11\bin\extnet.dll

Deoptimization events (20 events):
Event: 17.879 Thread 0x000001559a379e80 DEOPT PACKING pc=0x00000155ac63ca20 sp=0x0000004a7d4fd280
Event: 17.879 Thread 0x000001559a379e80 DEOPT UNPACKING pc=0x00000155abee46a2 sp=0x0000004a7d4fcf60 mode 2
Event: 17.948 Thread 0x000001559a379e80 Uncommon trap: trap_request=0xffffffde fr.pc=0x00000155ac75cee8 relative=0x0000000000000708
Event: 17.948 Thread 0x000001559a379e80 Uncommon trap: reason=class_check action=maybe_recompile pc=0x00000155ac75cee8 method=org.springframework.core.annotation.AnnotationsScanner.isWithoutHierarchy(Ljava/lang/reflect/AnnotatedElement;Ljava/util/function/Predicate;)Z @ 45 c2
Event: 17.948 Thread 0x000001559a379e80 DEOPT PACKING pc=0x00000155ac75cee8 sp=0x0000004a7d4fd210
Event: 17.948 Thread 0x000001559a379e80 DEOPT UNPACKING pc=0x00000155abee46a2 sp=0x0000004a7d4fd1c8 mode 2
Event: 17.948 Thread 0x000001559a379e80 Uncommon trap: trap_request=0xffffffde fr.pc=0x00000155ac63ca20 relative=0x0000000000002f40
Event: 17.948 Thread 0x000001559a379e80 Uncommon trap: reason=class_check action=maybe_recompile pc=0x00000155ac63ca20 method=org.springframework.core.annotation.AnnotationsScanner.processClassHierarchy(Ljava/lang/Object;[ILjava/lang/Class;Lorg/springframework/core/annotation/AnnotationsProcess
Event: 17.948 Thread 0x000001559a379e80 DEOPT PACKING pc=0x00000155ac63ca20 sp=0x0000004a7d4fd280
Event: 17.948 Thread 0x000001559a379e80 DEOPT UNPACKING pc=0x00000155abee46a2 sp=0x0000004a7d4fcf60 mode 2
Event: 17.954 Thread 0x000001559a379e80 DEOPT PACKING pc=0x00000155a55df39a sp=0x0000004a7d4fbda0
Event: 17.954 Thread 0x000001559a379e80 DEOPT UNPACKING pc=0x00000155abee4e42 sp=0x0000004a7d4fb2b0 mode 0
Event: 17.995 Thread 0x000001559a379e80 Uncommon trap: trap_request=0xffffffde fr.pc=0x00000155ac5aa09c relative=0x0000000000001a7c
Event: 17.995 Thread 0x000001559a379e80 Uncommon trap: reason=class_check action=maybe_recompile pc=0x00000155ac5aa09c method=java.util.zip.InflaterInputStream.read([BII)I @ 78 c2
Event: 17.995 Thread 0x000001559a379e80 DEOPT PACKING pc=0x00000155ac5aa09c sp=0x0000004a7d4fa390
Event: 17.995 Thread 0x000001559a379e80 DEOPT UNPACKING pc=0x00000155abee46a2 sp=0x0000004a7d4fa3f0 mode 2
Event: 17.995 Thread 0x000001559a379e80 Uncommon trap: trap_request=0xffffffde fr.pc=0x00000155ac5aa09c relative=0x0000000000001a7c
Event: 17.995 Thread 0x000001559a379e80 Uncommon trap: reason=class_check action=maybe_recompile pc=0x00000155ac5aa09c method=java.util.zip.InflaterInputStream.read([BII)I @ 78 c2
Event: 17.995 Thread 0x000001559a379e80 DEOPT PACKING pc=0x00000155ac5aa09c sp=0x0000004a7d4fa390
Event: 17.995 Thread 0x000001559a379e80 DEOPT UNPACKING pc=0x00000155abee46a2 sp=0x0000004a7d4fa3f0 mode 2

Classes loaded (20 events):
Event: 17.984 Loading class java/lang/ProcessHandle$Info
Event: 17.985 Loading class java/lang/ProcessHandle$Info done
Event: 17.993 Loading class java/util/jar/JarInputStream
Event: 17.994 Loading class java/util/zip/ZipInputStream
Event: 17.994 Loading class java/util/zip/ZipInputStream done
Event: 17.994 Loading class java/util/jar/JarInputStream done
Event: 17.994 Loading class java/io/PushbackInputStream
Event: 17.994 Loading class java/io/PushbackInputStream done
Event: 17.995 Loading class sun/security/util/ManifestEntryVerifier
Event: 17.995 Loading class sun/security/util/ManifestEntryVerifier done
Event: 17.996 Loading class java/lang/ProcessBuilder
Event: 17.997 Loading class java/lang/ProcessBuilder done
Event: 17.997 Loading class java/lang/ProcessImpl
Event: 17.999 Loading class java/lang/ProcessImpl done
Event: 18.006 Loading class java/lang/ProcessImpl$2
Event: 18.007 Loading class java/lang/ProcessImpl$2 done
Event: 18.007 Loading class java/lang/Process$PipeInputStream
Event: 18.007 Loading class java/lang/Process$PipeInputStream done
Event: 18.007 Loading class jdk/internal/event/ProcessStartEvent
Event: 18.008 Loading class jdk/internal/event/ProcessStartEvent done

Classes unloaded (0 events):
No events

Classes redefined (0 events):
No events

Internal exceptions (20 events):
Event: 16.404 Thread 0x000001559a379e80 Exception <a 'java/lang/NoSuchMethodError'{0x00000000c4f87080}: 'java.lang.Object java.lang.invoke.DirectMethodHandle$Holder.invokeVirtual(java.lang.Object, java.lang.Object, java.lang.Object, java.lang.Object, java.lang.Object, java.lang.Object, java.lang.Object, java.lang.Object, java.lang.Object)'> (0x00000000c4f87080) 
thrown [s\open\src\hotspot\share\interpreter\linkResolver.cpp, line 773]
Event: 16.809 Thread 0x000001559a379e80 Exception <a 'java/lang/IncompatibleClassChangeError'{0x00000000c59880a8}: Found class java.lang.Object, but interface was expected> (0x00000000c59880a8) 
thrown [s\open\src\hotspot\share\interpreter\linkResolver.cpp, line 840]
Event: 16.811 Thread 0x000001559a379e80 Exception <a 'java/lang/NoSuchMethodError'{0x00000000c5992e20}: 'long java.lang.invoke.DirectMethodHandle$Holder.invokeVirtual(java.lang.Object, java.lang.Object)'> (0x00000000c5992e20) 
thrown [s\open\src\hotspot\share\interpreter\linkResolver.cpp, line 773]
Event: 16.818 Thread 0x000001559a379e80 Exception <a 'java/lang/NoSuchMethodError'{0x00000000c59ca7e8}: 'double java.lang.invoke.DirectMethodHandle$Holder.invokeStatic(java.lang.Object, java.lang.Object)'> (0x00000000c59ca7e8) 
thrown [s\open\src\hotspot\share\interpreter\linkResolver.cpp, line 773]
Event: 16.875 Thread 0x000001559a379e80 Exception <a 'java/lang/NoSuchMethodError'{0x00000000c548ffa0}: 'java.lang.Object java.lang.invoke.Invokers$Holder.invoke_MT(java.lang.Object, java.lang.Object, java.lang.Object, java.lang.Object, java.lang.Object, java.lang.Object, java.lang.Object, java.lang.Object, java.lang.Object, java.lang.Object, java.lang.Object)'> (0x00000000c548ffa0) 
thrown [s\open\src\hotspot\share\interpreter\linkResolver.cpp, line 773]
Event: 16.975 Thread 0x00000155b73fd100 Exception <a 'java/lang/NoSuchMethodError'{0x00000000c721fd68}: 'long java.lang.invoke.DirectMethodHandle$Holder.invokeStatic(java.lang.Object, java.lang.Object, java.lang.Object)'> (0x00000000c721fd68) 
thrown [s\open\src\hotspot\share\interpreter\linkResolver.cpp, line 773]
Event: 17.033 Thread 0x000001559a379e80 Implicit null exception at 0x00000155ac5b4c42 to 0x00000155ac5b4cb8
Event: 17.213 Thread 0x000001559a379e80 Exception <a 'java/lang/NoSuchMethodError'{0x00000000c63eaec0}: 'java.lang.Object java.lang.invoke.DirectMethodHandle$Holder.newInvokeSpecial(java.lang.Object, java.lang.Object, java.lang.Object, java.lang.Object, java.lang.Object, java.lang.Object, java.lang.Object, java.lang.Object, java.lang.Object, java.lang.Object, java.lang.Object, java.lang.Object, java.lang.Object)'> (0x00000000c63eaec0) 
thrown [s\open\src\hotspot\share\interpreter\linkResolver.cpp, line 773]
Event: 17.214 Thread 0x000001559a379e80 Exception <a 'java/lang/NoSuchMethodError'{0x00000000c63f00e8}: 'java.lang.Object java.lang.invoke.DelegatingMethodHandle$Holder.reinvoke_L(java.lang.Object, java.lang.Object, java.lang.Object, java.lang.Object, java.lang.Object, java.lang.Object, java.lang.Object, java.lang.Object, java.lang.Object, java.lang.Object, java.lang.Object, java.lang.Object, java.lang.Object)'> (0x00000000c63f00e8) 
thrown [s\open\src\hotspot\share\interpreter\linkResolver.cpp, line 773]
Event: 17.266 Thread 0x000001559a379e80 Exception <a 'java/lang/NoSuchMethodError'{0x00000000c5e201d8}: 'void java.lang.invoke.DirectMethodHandle$Holder.invokeVirtual(java.lang.Object, java.lang.Object, float)'> (0x00000000c5e201d8) 
thrown [s\open\src\hotspot\share\interpreter\linkResolver.cpp, line 773]
Event: 17.563 Thread 0x000001559a379e80 Exception <a 'java/lang/IncompatibleClassChangeError'{0x00000000c6867bd8}: Found class java.lang.Object, but interface was expected> (0x00000000c6867bd8) 
thrown [s\open\src\hotspot\share\interpreter\linkResolver.cpp, line 840]
Event: 17.609 Thread 0x000001559a379e80 Exception <a 'java/lang/NoSuchMethodError'{0x00000000c65001b8}: 'void java.lang.invoke.DirectMethodHandle$Holder.invokeStatic(java.lang.Object, java.lang.Object, double)'> (0x00000000c65001b8) 
thrown [s\open\src\hotspot\share\interpreter\linkResolver.cpp, line 773]
Event: 17.625 Thread 0x000001559a379e80 Exception <a 'java/lang/NoSuchMethodError'{0x00000000c6555bc8}: 'double java.lang.invoke.DirectMethodHandle$Holder.invokeStatic(java.lang.Object, java.lang.Object, java.lang.Object)'> (0x00000000c6555bc8) 
thrown [s\open\src\hotspot\share\interpreter\linkResolver.cpp, line 773]
Event: 17.656 Thread 0x000001559a379e80 Exception <a 'java/lang/IncompatibleClassChangeError'{0x00000000c6467d30}: Found class java.lang.Object, but interface was expected> (0x00000000c6467d30) 
thrown [s\open\src\hotspot\share\interpreter\linkResolver.cpp, line 840]
Event: 17.674 Thread 0x000001559a379e80 Exception <a 'java/lang/NoSuchMethodError'{0x00000000c64bdb58}: 'java.lang.Object java.lang.invoke.DirectMethodHandle$Holder.newInvokeSpecial(java.lang.Object, java.lang.Object, int, java.lang.Object, java.lang.Object)'> (0x00000000c64bdb58) 
thrown [s\open\src\hotspot\share\interpreter\linkResolver.cpp, line 773]
Event: 17.677 Thread 0x000001559a379e80 Implicit null exception at 0x00000155ac54b7e5 to 0x00000155ac54ba24
Event: 17.716 Thread 0x000001559a379e80 Exception <a 'java/lang/IncompatibleClassChangeError'{0x00000000c6335648}: Found class java.lang.Object, but interface was expected> (0x00000000c6335648) 
thrown [s\open\src\hotspot\share\interpreter\linkResolver.cpp, line 840]
Event: 17.983 Thread 0x000001559a379e80 Exception <a 'java/lang/NoSuchMethodError'{0x00000000c5be3698}: method resolution failed> (0x00000000c5be3698) 
thrown [s\open\src\hotspot\share\prims\methodHandles.cpp, line 1136]
Event: 17.990 Thread 0x000001559a379e80 Exception <a 'java/lang/NoSuchMethodError'{0x00000000c5a15c58}: 'long java.lang.invoke.DelegatingMethodHandle$Holder.reinvoke_L(java.lang.Object, java.lang.Object)'> (0x00000000c5a15c58) 
thrown [s\open\src\hotspot\share\interpreter\linkResolver.cpp, line 773]
Event: 18.006 Thread 0x000001559a379e80 Exception <a 'java/lang/NoSuchMethodError'{0x00000000c5a3e578}: 'void java.lang.invoke.DirectMethodHandle$Holder.invokeStatic(java.lang.Object, long)'> (0x00000000c5a3e578) 
thrown [s\open\src\hotspot\share\interpreter\linkResolver.cpp, line 773]

ZGC Phase Switch (0 events):
No events

VM Operations (20 events):
Event: 15.663 Executing VM operation: HandshakeAllThreads (Deoptimize)
Event: 15.663 Executing VM operation: HandshakeAllThreads (Deoptimize) done
Event: 15.907 Executing VM operation: G1CollectForAllocation (G1 Evacuation Pause)
Event: 15.919 Executing VM operation: G1CollectForAllocation (G1 Evacuation Pause) done
Event: 16.427 Executing VM operation: G1CollectForAllocation (G1 Evacuation Pause)
Event: 16.443 Executing VM operation: G1CollectForAllocation (G1 Evacuation Pause) done
Event: 16.519 Executing VM operation: HandshakeAllThreads (Deoptimize)
Event: 16.520 Executing VM operation: HandshakeAllThreads (Deoptimize) done
Event: 16.937 Executing VM operation: G1CollectForAllocation (G1 Evacuation Pause)
Event: 16.950 Executing VM operation: G1CollectForAllocation (G1 Evacuation Pause) done
Event: 17.073 Executing VM operation: G1PauseRemark
Event: 17.082 Executing VM operation: G1PauseRemark done
Event: 17.126 Executing VM operation: G1PauseCleanup
Event: 17.126 Executing VM operation: G1PauseCleanup done
Event: 17.385 Executing VM operation: G1CollectForAllocation (G1 Evacuation Pause)
Event: 17.396 Executing VM operation: G1CollectForAllocation (G1 Evacuation Pause) done
Event: 17.425 Executing VM operation: HandshakeAllThreads (Deoptimize)
Event: 17.425 Executing VM operation: HandshakeAllThreads (Deoptimize) done
Event: 17.630 Executing VM operation: HandshakeAllThreads (Deoptimize)
Event: 17.630 Executing VM operation: HandshakeAllThreads (Deoptimize) done

Events (20 events):
Event: 17.081 Thread 0x000001559c5523d0 flushing nmethod 0x00000155a4c5f090
Event: 17.081 Thread 0x000001559c5523d0 flushing nmethod 0x00000155a4cc3a90
Event: 17.081 Thread 0x000001559c5523d0 flushing nmethod 0x00000155a4d43d10
Event: 17.081 Thread 0x000001559c5523d0 flushing nmethod 0x00000155a4e88f10
Event: 17.081 Thread 0x000001559c5523d0 flushing nmethod 0x00000155a4ecd310
Event: 17.081 Thread 0x000001559c5523d0 flushing nmethod 0x00000155a4ecf890
Event: 17.081 Thread 0x000001559c5523d0 flushing nmethod 0x00000155a4f06090
Event: 17.081 Thread 0x000001559c5523d0 flushing nmethod 0x00000155a4f7d890
Event: 17.081 Thread 0x000001559c5523d0 flushing nmethod 0x00000155a5141890
Event: 17.081 Thread 0x000001559c5523d0 flushing nmethod 0x00000155a519e290
Event: 17.081 Thread 0x000001559c5523d0 flushing nmethod 0x00000155a52a4310
Event: 17.081 Thread 0x000001559c5523d0 flushing nmethod 0x00000155a52a4710
Event: 17.081 Thread 0x000001559c5523d0 flushing nmethod 0x00000155a52a7810
Event: 17.081 Thread 0x000001559c5523d0 flushing nmethod 0x00000155a52ae190
Event: 17.081 Thread 0x000001559c5523d0 flushing nmethod 0x00000155a52ae710
Event: 17.081 Thread 0x000001559c5523d0 flushing nmethod 0x00000155a52fe290
Event: 17.081 Thread 0x000001559c5523d0 flushing nmethod 0x00000155a553a610
Event: 17.081 Thread 0x000001559c5523d0 flushing nmethod 0x00000155a5556c90
Event: 17.081 Thread 0x000001559c5523d0 flushing nmethod 0x00000155a55ba690
Event: 17.081 Thread 0x000001559c5523d0 flushing nmethod 0x00000155a55e2c10


Dynamic libraries:
0x00007ff6b4c10000 - 0x00007ff6b4c20000 	C:\Program Files\Java\jdk-21.0.11\bin\java.exe
0x00007ffa38570000 - 0x00007ffa38769000 	C:\Windows\SYSTEM32\ntdll.dll
0x00007ffa36750000 - 0x00007ffa36812000 	C:\Windows\System32\KERNEL32.DLL
0x00007ffa36010000 - 0x00007ffa36307000 	C:\Windows\System32\KERNELBASE.dll
0x00007ffa36310000 - 0x00007ffa36410000 	C:\Windows\System32\ucrtbase.dll
0x00007ffa1be90000 - 0x00007ffa1bea9000 	C:\Program Files\Java\jdk-21.0.11\bin\jli.dll
0x00007ffa1be70000 - 0x00007ffa1be8e000 	C:\Program Files\Java\jdk-21.0.11\bin\VCRUNTIME140.dll
0x00007ffa38060000 - 0x00007ffa38111000 	C:\Windows\System32\ADVAPI32.dll
0x00007ffa36570000 - 0x00007ffa3660e000 	C:\Windows\System32\msvcrt.dll
0x00007ffa37b60000 - 0x00007ffa37bff000 	C:\Windows\System32\sechost.dll
0x00007ffa37cd0000 - 0x00007ffa37df6000 	C:\Windows\System32\RPCRT4.dll
0x00007ffa35cb0000 - 0x00007ffa35cd7000 	C:\Windows\System32\bcrypt.dll
0x00007ffa37e60000 - 0x00007ffa37ffd000 	C:\Windows\System32\USER32.dll
0x00007ffa35be0000 - 0x00007ffa35c02000 	C:\Windows\System32\win32u.dll
0x00007ffa37310000 - 0x00007ffa3733b000 	C:\Windows\System32\GDI32.dll
0x00007ffa35ce0000 - 0x00007ffa35dfa000 	C:\Windows\System32\gdi32full.dll
0x00007ffa35c10000 - 0x00007ffa35cad000 	C:\Windows\System32\msvcp_win.dll
0x00007ffa256a0000 - 0x00007ffa2593b000 	C:\Windows\WinSxS\amd64_microsoft.windows.common-controls_6595b64144ccf1df_6.0.19041.6926_none_60b5a53971f8f7e6\COMCTL32.dll
0x00007ffa2bc60000 - 0x00007ffa2bc6a000 	C:\Windows\SYSTEM32\VERSION.dll
0x00007ffa36820000 - 0x00007ffa3684f000 	C:\Windows\System32\IMM32.DLL
0x00007ffa1d200000 - 0x00007ffa1d20c000 	C:\Program Files\Java\jdk-21.0.11\bin\vcruntime140_1.dll
0x00007ffa1bd40000 - 0x00007ffa1bdcd000 	C:\Program Files\Java\jdk-21.0.11\bin\msvcp140.dll
0x00007ffa1b010000 - 0x00007ffa1bd38000 	C:\Program Files\Java\jdk-21.0.11\bin\server\jvm.dll
0x00007ffa37350000 - 0x00007ffa373bb000 	C:\Windows\System32\WS2_32.dll
0x00007ffa35140000 - 0x00007ffa3518b000 	C:\Windows\SYSTEM32\POWRPROF.dll
0x00007ffa24c50000 - 0x00007ffa24c77000 	C:\Windows\SYSTEM32\WINMM.dll
0x00007ffa34fe0000 - 0x00007ffa34ff2000 	C:\Windows\SYSTEM32\UMPDC.dll
0x00007ffa33a50000 - 0x00007ffa33a62000 	C:\Windows\SYSTEM32\kernel.appcore.dll
0x00007ffa1afc0000 - 0x00007ffa1afca000 	C:\Program Files\Java\jdk-21.0.11\bin\jimage.dll
0x00007ffa24d60000 - 0x00007ffa24f61000 	C:\Windows\SYSTEM32\DBGHELP.DLL
0x00007ffa21ec0000 - 0x00007ffa21ef4000 	C:\Windows\SYSTEM32\dbgcore.DLL
0x00007ffa36460000 - 0x00007ffa364e2000 	C:\Windows\System32\bcryptPrimitives.dll
0x00007ffa1ae60000 - 0x00007ffa1ae81000 	C:\Program Files\Java\jdk-21.0.11\bin\java.dll
0x00007ffa373e0000 - 0x00007ffa37b51000 	C:\Windows\System32\SHELL32.dll
0x00007ffa33c50000 - 0x00007ffa343f6000 	C:\Windows\SYSTEM32\windows.storage.dll
0x00007ffa381d0000 - 0x00007ffa38523000 	C:\Windows\System32\combase.dll
0x00007ffa35600000 - 0x00007ffa3562b000 	C:\Windows\SYSTEM32\Wldp.dll
0x00007ffa36670000 - 0x00007ffa36746000 	C:\Windows\System32\OLEAUT32.dll
0x00007ffa38120000 - 0x00007ffa381cd000 	C:\Windows\System32\SHCORE.dll
0x00007ffa36850000 - 0x00007ffa368ab000 	C:\Windows\System32\shlwapi.dll
0x00007ffa35b00000 - 0x00007ffa35b24000 	C:\Windows\SYSTEM32\profapi.dll
0x00007ffa1acf0000 - 0x00007ffa1adc7000 	C:\Program Files\Java\jdk-21.0.11\bin\jsvml.dll
0x00007ffa1acb0000 - 0x00007ffa1acc1000 	C:\Program Files\Java\jdk-21.0.11\bin\net.dll
0x00007ffa2ccf0000 - 0x00007ffa2cdfa000 	C:\Windows\SYSTEM32\WINHTTP.dll
0x00007ffa35330000 - 0x00007ffa3539a000 	C:\Windows\system32\mswsock.dll
0x00007ffa1ac90000 - 0x00007ffa1aca6000 	C:\Program Files\Java\jdk-21.0.11\bin\nio.dll
0x00007ffa1ac70000 - 0x00007ffa1ac88000 	C:\Program Files\Java\jdk-21.0.11\bin\zip.dll
0x00007ffa1abc0000 - 0x00007ffa1abca000 	C:\Program Files\Java\jdk-21.0.11\bin\management.dll
0x00007ffa1abb0000 - 0x00007ffa1abbc000 	C:\Program Files\Java\jdk-21.0.11\bin\management_ext.dll
0x00007ffa37c00000 - 0x00007ffa37c08000 	C:\Windows\System32\PSAPI.DLL
0x00007ffa1abd0000 - 0x00007ffa1abde000 	C:\Program Files\Java\jdk-21.0.11\bin\sunmscapi.dll
0x00007ffa35eb0000 - 0x00007ffa3600d000 	C:\Windows\System32\CRYPT32.dll
0x00007ffa35670000 - 0x00007ffa35697000 	C:\Windows\SYSTEM32\ncrypt.dll
0x00007ffa35630000 - 0x00007ffa3566b000 	C:\Windows\SYSTEM32\NTASN1.dll
0x00007ffa35560000 - 0x00007ffa35578000 	C:\Windows\SYSTEM32\CRYPTSP.dll
0x00007ffa34b80000 - 0x00007ffa34bb8000 	C:\Windows\system32\rsaenh.dll
0x00007ffa35ac0000 - 0x00007ffa35aee000 	C:\Windows\SYSTEM32\USERENV.dll
0x00007ffa35550000 - 0x00007ffa3555c000 	C:\Windows\SYSTEM32\CRYPTBASE.dll
0x00007ffa34fa0000 - 0x00007ffa34fdb000 	C:\Windows\SYSTEM32\IPHLPAPI.DLL
0x00007ffa37340000 - 0x00007ffa37348000 	C:\Windows\System32\NSI.dll
0x00007ffa1abf0000 - 0x00007ffa1ac00000 	C:\Program Files\Java\jdk-21.0.11\bin\verify.dll
0x00007ffa35000000 - 0x00007ffa350ca000 	C:\Windows\SYSTEM32\DNSAPI.dll
0x00007ffa27520000 - 0x00007ffa2752a000 	C:\Windows\System32\rasadhlp.dll
0x00007ffa27800000 - 0x00007ffa27880000 	C:\Windows\System32\fwpuclnt.dll
0x00007ffa198f0000 - 0x00007ffa198f9000 	C:\Program Files\Java\jdk-21.0.11\bin\extnet.dll

dbghelp: loaded successfully - version: 4.0.5 - missing functions: none
symbol engine: initialized successfully - sym options: 0x614 - pdb path: .;C:\Program Files\Java\jdk-21.0.11\bin;C:\Windows\SYSTEM32;C:\Windows\WinSxS\amd64_microsoft.windows.common-controls_6595b64144ccf1df_6.0.19041.6926_none_60b5a53971f8f7e6;C:\Program Files\Java\jdk-21.0.11\bin\server

VM Arguments:
java_command: C:\Users\4\AppData\Local\Temp\surefire8918197580366971481\surefirebooter-20260602193848890_3.jar C:\Users\4\AppData\Local\Temp\surefire8918197580366971481 2026-06-02T19-38-48_606-jvmRun1 surefire-20260602193848890_1tmp surefire_0-20260602193848890_2tmp
java_class_path (initial): C:\Users\4\AppData\Local\Temp\surefire8918197580366971481\surefirebooter-20260602193848890_3.jar
Launcher Type: SUN_STANDARD

[Global flags]
     intx CICompilerCount                          = 3                                         {product} {ergonomic}
     uint ConcGCThreads                            = 1                                         {product} {ergonomic}
     uint G1ConcRefinementThreads                  = 4                                         {product} {ergonomic}
   size_t G1HeapRegionSize                         = 1048576                                   {product} {ergonomic}
    uintx GCDrainStackTargetSize                   = 64                                        {product} {ergonomic}
   size_t InitialHeapSize                          = 67108864                                  {product} {ergonomic}
   size_t MarkStackSize                            = 4194304                                   {product} {ergonomic}
   size_t MaxHeapSize                              = 1050673152                                {product} {ergonomic}
   size_t MaxNewSize                               = 630194176                                 {product} {ergonomic}
   size_t MinHeapDeltaBytes                        = 1048576                                   {product} {ergonomic}
   size_t MinHeapSize                              = 8388608                                   {product} {ergonomic}
    uintx NonNMethodCodeHeapSize                   = 5832780                                {pd product} {ergonomic}
    uintx NonProfiledCodeHeapSize                  = 122912730                              {pd product} {ergonomic}
    uintx ProfiledCodeHeapSize                     = 122912730                              {pd product} {ergonomic}
    uintx ReservedCodeCacheSize                    = 251658240                              {pd product} {ergonomic}
     bool SegmentedCodeCache                       = true                                      {product} {ergonomic}
   size_t SoftMaxHeapSize                          = 1050673152                             {manageable} {ergonomic}
     bool UseCompressedOops                        = true                           {product lp64_product} {ergonomic}
     bool UseG1GC                                  = true                                      {product} {ergonomic}
     bool UseLargePagesIndividualAllocation        = false                                  {pd product} {ergonomic}

Logging:
Log output configuration:
 #0: stdout all=warning uptime,level,tags foldmultilines=false
 #1: stderr all=off uptime,level,tags foldmultilines=false

Environment Variables:
JAVA_HOME=C:\Program Files\Java\jdk-21.0.11
PATH=C:\Windows\System32;C:\Windows;C:\Program Files\Java\jdk-21.0.11\bin;C:\Program Files\maven\apache-maven-3.9.15\bin
USERNAME=4
LANG=en_US.UTF-8
OS=Windows_NT
PROCESSOR_IDENTIFIER=Intel64 Family 6 Model 60 Stepping 3, GenuineIntel
TMP=C:\Users\4\AppData\Local\Temp
TEMP=C:\Users\4\AppData\Local\Temp




Periodic native trim disabled

---------------  S Y S T E M  ---------------

OS:
 Windows 10 , 64 bit Build 19041 (10.0.19041.7291)
OS uptime: 0 days 1:15 hours

CPU: total 4 (initial active 4) (2 cores per cpu, 2 threads per core) family 6 model 60 stepping 3 microcode 0x27, cx8, cmov, fxsr, ht, mmx, sse, sse2, sse3, ssse3, sse4.1, sse4.2, popcnt, lzcnt, tsc, tscinvbit, avx, avx2, aes, erms, clmul, bmi1, bmi2, fma, vzeroupper, clflush, rdtscp, f16c
Processor Information for all 4 processors :
  Max Mhz: 2601, Current Mhz: 2601, Mhz Limit: 2601

Memory: 4k page, system-wide physical 4001M (254M free)
TotalPageFile size 16289M (AvailPageFile size 4M)
current process WorkingSet (physical memory assigned to process): 326M, peak: 329M
current process commit charge ("private bytes"): 357M, peak: 360M

vm_info: Java HotSpot(TM) 64-Bit Server VM (21.0.11+9-LTS-211) for windows-amd64 JRE (21.0.11+9-LTS-211), built on 2026-03-11T00:23:15Z by "mach5run" with MS VC++ 17.13 (VS2022)

END.
