#
# There is insufficient memory for the Java Runtime Environment to continue.
# Native memory allocation (malloc) failed to allocate 165376 bytes for Chunk::new
# Possible reasons:
#   The system is out of physical RAM or swap space
#   The process is running with CompressedOops enabled, and the Java Heap may be blocking the growth of the native heap
# Possible solutions:
#   Reduce memory load on the system
#   Increase physical memory or swap space
#   Check if swap backing store is full
#   Decrease Java heap size (-Xmx/-Xms)
#   Decrease number of Java threads
#   Decrease Java thread stack sizes (-Xss)
#   Set larger code cache with -XX:ReservedCodeCacheSize=
#   JVM is running with Unscaled Compressed Oops mode in which the Java heap is
#     placed in the first 4GB address space. The Java Heap base address is the
#     maximum limit for the native heap growth. Please use -XX:HeapBaseMinAddress
#     to set the Java Heap base and to place the Java Heap above 4GB virtual address.
# This output file may be truncated or incomplete.
#
#  Out of Memory Error (arena.cpp:168), pid=14228, tid=9116
#
# JRE version: Java(TM) SE Runtime Environment (21.0.11+9) (build 21.0.11+9-LTS-211)
# Java VM: Java HotSpot(TM) 64-Bit Server VM (21.0.11+9-LTS-211, mixed mode, sharing, tiered, compressed oops, compressed class ptrs, g1 gc, windows-amd64)
# No core dump will be written. Minidumps are not enabled by default on client versions of Windows
#

---------------  S U M M A R Y ------------

Command Line: --enable-native-access=ALL-UNNAMED -Dclassworlds.conf=C:\Program Files\maven\apache-maven-3.9.15\bin\m2.conf -Dmaven.home=C:\Program Files\maven\apache-maven-3.9.15 -Dlibrary.jansi.path=C:\Program Files\maven\apache-maven-3.9.15\lib\jansi-native -Dmaven.multiModuleProjectDirectory=C:\Users\4\project\BookStoreAPI org.codehaus.plexus.classworlds.launcher.Launcher clean verify

Host: Intel(R) Core(TM) i5-4300M CPU @ 2.60GHz, 4 cores, 3G,  Windows 10 , 64 bit Build 19041 (10.0.19041.7291)
Time: Tue Jun  2 21:15:45 2026 India Standard Time elapsed time: 17.876751 seconds (0d 0h 0m 17s)

---------------  T H R E A D  ---------------

Current thread (0x000001eb6cdf3260):  JavaThread "C2 CompilerThread0" daemon [_thread_in_native, id=9116, stack(0x0000006a32f00000,0x0000006a33000000) (1024K)]


Current CompileTask:
C2:  17876 9053 %     4       sun.nio.cs.UTF_8$Decoder::decodeArrayLoop @ 103 (688 bytes)

Stack: [0x0000006a32f00000,0x0000006a33000000]
Native frames: (J=compiled Java code, j=interpreted, Vv=VM code, C=native code)
V  [jvm.dll+0x6d0ef9]
V  [jvm.dll+0x860126]
V  [jvm.dll+0x86261e]
V  [jvm.dll+0x862cf3]
V  [jvm.dll+0x282bc6]
V  [jvm.dll+0xc67ad]
V  [jvm.dll+0xc6cf1]
V  [jvm.dll+0x2f81be]
V  [jvm.dll+0x5fb0e7]
V  [jvm.dll+0x254b87]
V  [jvm.dll+0x24d0eb]
V  [jvm.dll+0x24a9fe]
V  [jvm.dll+0x1cae7e]
V  [jvm.dll+0x25a7d9]
V  [jvm.dll+0x258d65]
V  [jvm.dll+0x3f50d1]
V  [jvm.dll+0x80ac0d]
V  [jvm.dll+0x6cf79d]
C  [ucrtbase.dll+0x21bb2]
C  [KERNEL32.DLL+0x17374]
C  [ntdll.dll+0x4cc91]


---------------  P R O C E S S  ---------------

Threads class SMR info:
_java_thread_list=0x000001eb7293ad20, length=18, elements={
0x000001eb5008f370, 0x000001eb6cde26e0, 0x000001eb6cde3ae0, 0x000001eb6cdec830,
0x000001eb6cded510, 0x000001eb6cdee710, 0x000001eb6cdef170, 0x000001eb6cdf3260,
0x000001eb6ce001c0, 0x000001eb710759d0, 0x000001eb71082bd0, 0x000001eb71cd76c0,
0x000001eb733d7f80, 0x000001eb73924d10, 0x000001eb742bb010, 0x000001eb72702cd0,
0x000001eb73a17430, 0x000001eb73e4e010
}

Java Threads: ( => current thread )
  0x000001eb5008f370 JavaThread "main"                              [_thread_in_native, id=9796, stack(0x0000006a32100000,0x0000006a32200000) (1024K)]
  0x000001eb6cde26e0 JavaThread "Reference Handler"          daemon [_thread_blocked, id=12404, stack(0x0000006a32900000,0x0000006a32a00000) (1024K)]
  0x000001eb6cde3ae0 JavaThread "Finalizer"                  daemon [_thread_blocked, id=9580, stack(0x0000006a32a00000,0x0000006a32b00000) (1024K)]
  0x000001eb6cdec830 JavaThread "Signal Dispatcher"          daemon [_thread_blocked, id=12284, stack(0x0000006a32b00000,0x0000006a32c00000) (1024K)]
  0x000001eb6cded510 JavaThread "Attach Listener"            daemon [_thread_blocked, id=13196, stack(0x0000006a32c00000,0x0000006a32d00000) (1024K)]
  0x000001eb6cdee710 JavaThread "Service Thread"             daemon [_thread_blocked, id=7516, stack(0x0000006a32d00000,0x0000006a32e00000) (1024K)]
  0x000001eb6cdef170 JavaThread "Monitor Deflation Thread"   daemon [_thread_blocked, id=4888, stack(0x0000006a32e00000,0x0000006a32f00000) (1024K)]
=>0x000001eb6cdf3260 JavaThread "C2 CompilerThread0"         daemon [_thread_in_native, id=9116, stack(0x0000006a32f00000,0x0000006a33000000) (1024K)]
  0x000001eb6ce001c0 JavaThread "C1 CompilerThread0"         daemon [_thread_in_native, id=5744, stack(0x0000006a33000000,0x0000006a33100000) (1024K)]
  0x000001eb710759d0 JavaThread "Notification Thread"        daemon [_thread_blocked, id=11272, stack(0x0000006a33100000,0x0000006a33200000) (1024K)]
  0x000001eb71082bd0 JavaThread "Common-Cleaner"             daemon [_thread_blocked, id=12292, stack(0x0000006a33200000,0x0000006a33300000) (1024K)]
  0x000001eb71cd76c0 JavaThread "Thread-1"                   daemon [_thread_blocked, id=11364, stack(0x0000006a33600000,0x0000006a33700000) (1024K)]
  0x000001eb733d7f80 JavaThread "timeout-check-timer"        daemon [_thread_blocked, id=13416, stack(0x0000006a33700000,0x0000006a33800000) (1024K)]
  0x000001eb73924d10 JavaThread "ping-timer-10s"             daemon [_thread_blocked, id=8008, stack(0x0000006a33800000,0x0000006a33900000) (1024K)]
  0x000001eb742bb010 JavaThread "ThreadedStreamConsumer"     daemon [_thread_in_native, id=10624, stack(0x0000006a33900000,0x0000006a33a00000) (1024K)]
  0x000001eb72702cd0 JavaThread "fork-1-err-thread"          daemon [_thread_in_native, id=10732, stack(0x0000006a33a00000,0x0000006a33b00000) (1024K)]
  0x000001eb73a17430 JavaThread "commands-fork-1"            daemon [_thread_blocked, id=3688, stack(0x0000006a33b00000,0x0000006a33c00000) (1024K)]
  0x000001eb73e4e010 JavaThread "fork-1-event-thread"        daemon [_thread_in_native, id=7100, stack(0x0000006a33c00000,0x0000006a33d00000) (1024K)]
Total: 18

Other Threads:
  0x000001eb5028b600 VMThread "VM Thread"                           [id=5952, stack(0x0000006a32800000,0x0000006a32900000) (1024K)]
  0x000001eb5027c430 WatcherThread "VM Periodic Task Thread"        [id=12580, stack(0x0000006a32700000,0x0000006a32800000) (1024K)]
  0x000001eb50205f10 WorkerThread "GC Thread#0"                     [id=2040, stack(0x0000006a32200000,0x0000006a32300000) (1024K)]
  0x000001eb5028bd60 WorkerThread "GC Thread#1"                     [id=2020, stack(0x0000006a33300000,0x0000006a33400000) (1024K)]
  0x000001eb5028b250 WorkerThread "GC Thread#2"                     [id=10524, stack(0x0000006a33400000,0x0000006a33500000) (1024K)]
  0x000001eb5028b9b0 WorkerThread "GC Thread#3"                     [id=3892, stack(0x0000006a33500000,0x0000006a33600000) (1024K)]
  0x000001eb5020edf0 ConcurrentGCThread "G1 Main Marker"            [id=14120, stack(0x0000006a32300000,0x0000006a32400000) (1024K)]
  0x000001eb502100a0 WorkerThread "G1 Conc#0"                       [id=352, stack(0x0000006a32400000,0x0000006a32500000) (1024K)]
  0x000001eb5026b880 ConcurrentGCThread "G1 Refine#0"               [id=8580, stack(0x0000006a32500000,0x0000006a32600000) (1024K)]
  0x000001eb5026d2b0 ConcurrentGCThread "G1 Service"                [id=7272, stack(0x0000006a32600000,0x0000006a32700000) (1024K)]
Total: 10

Threads with active compile tasks:
C2 CompilerThread0    17895 9053 %     4       sun.nio.cs.UTF_8$Decoder::decodeArrayLoop @ 103 (688 bytes)
C1 CompilerThread0    17895 9075   !   3       org.apache.maven.surefire.stream.EventDecoder::decode (399 bytes)
Total: 2

VM state: not at safepoint (normal execution)

VM Mutex/Monitor currently owned by a thread: None

Heap address: 0x00000000c1600000, size: 1002 MB, Compressed Oops mode: 32-bit

CDS archive(s) mapped at: [0x000001eb00000000-0x000001eb00c90000-0x000001eb00c90000), size 13172736, SharedBaseAddress: 0x000001eb00000000, ArchiveRelocationMode: 1.
Compressed class space mapped at: 0x000001eb01000000-0x000001eb41000000, reserved size: 1073741824
Narrow klass base: 0x000001eb00000000, Narrow klass shift: 0, Narrow klass range: 0x100000000

GC Precious Log:
 CardTable entry size: 512
 Card Set container configuration: InlinePtr #cards 5 size 8 Array Of Cards #cards 12 size 40 Howl #buckets 4 coarsen threshold 1843 Howl Bitmap #cards 512 size 80 coarsen threshold 460 Card regions per heap region 1 cards per card region 2048
 CPUs: 4 total, 4 available
 Memory: 4001M
 Large Page Support: Disabled
 NUMA Support: Disabled
 Compressed Oops: Enabled (32-bit)
 Heap Region Size: 1M
 Heap Min Capacity: 8M
 Heap Initial Capacity: 64M
 Heap Max Capacity: 1002M
 Pre-touch: Disabled
 Parallel Workers: 4
 Concurrent Workers: 1
 Concurrent Refinement Workers: 4
 Periodic GC: Disabled

Heap:
 garbage-first heap   total 116736K, used 91245K [0x00000000c1600000, 0x0000000100000000)
  region size 1024K, 29 young (29696K), 3 survivors (3072K)
 Metaspace       used 34808K, committed 35328K, reserved 1114112K
  class space    used 3825K, committed 4096K, reserved 1048576K

Heap Regions: E=young(eden), S=young(survivor), O=old, HS=humongous(starts), HC=humongous(continues), CS=collection set, F=free, TAMS=top-at-mark-start, PB=parsable bottom
|   0|0x00000000c1600000, 0x00000000c1700000, 0x00000000c1700000|100%| O|  |TAMS 0x00000000c1600000| PB 0x00000000c1600000| Untracked 
|   1|0x00000000c1700000, 0x00000000c1800000, 0x00000000c1800000|100%| O|  |TAMS 0x00000000c1700000| PB 0x00000000c1700000| Untracked 
|   2|0x00000000c1800000, 0x00000000c1900000, 0x00000000c1900000|100%| O|  |TAMS 0x00000000c1800000| PB 0x00000000c1800000| Untracked 
|   3|0x00000000c1900000, 0x00000000c1a00000, 0x00000000c1a00000|100%| O|  |TAMS 0x00000000c1900000| PB 0x00000000c1900000| Untracked 
|   4|0x00000000c1a00000, 0x00000000c1b00000, 0x00000000c1b00000|100%| O|  |TAMS 0x00000000c1a00000| PB 0x00000000c1a00000| Untracked 
|   5|0x00000000c1b00000, 0x00000000c1c00000, 0x00000000c1c00000|100%| O|  |TAMS 0x00000000c1b00000| PB 0x00000000c1b00000| Untracked 
|   6|0x00000000c1c00000, 0x00000000c1d00000, 0x00000000c1d00000|100%| O|  |TAMS 0x00000000c1c00000| PB 0x00000000c1c00000| Untracked 
|   7|0x00000000c1d00000, 0x00000000c1e00000, 0x00000000c1e00000|100%| O|  |TAMS 0x00000000c1d00000| PB 0x00000000c1d00000| Untracked 
|   8|0x00000000c1e00000, 0x00000000c1f00000, 0x00000000c1f00000|100%| O|  |TAMS 0x00000000c1e00000| PB 0x00000000c1e00000| Untracked 
|   9|0x00000000c1f00000, 0x00000000c2000000, 0x00000000c2000000|100%| O|  |TAMS 0x00000000c1f00000| PB 0x00000000c1f00000| Untracked 
|  10|0x00000000c2000000, 0x00000000c2100000, 0x00000000c2100000|100%| O|  |TAMS 0x00000000c2000000| PB 0x00000000c2000000| Untracked 
|  11|0x00000000c2100000, 0x00000000c2200000, 0x00000000c2200000|100%| O|  |TAMS 0x00000000c2100000| PB 0x00000000c2100000| Untracked 
|  12|0x00000000c2200000, 0x00000000c2300000, 0x00000000c2300000|100%| O|  |TAMS 0x00000000c2200000| PB 0x00000000c2200000| Untracked 
|  13|0x00000000c2300000, 0x00000000c2400000, 0x00000000c2400000|100%| O|  |TAMS 0x00000000c2300000| PB 0x00000000c2300000| Untracked 
|  14|0x00000000c2400000, 0x00000000c2400000, 0x00000000c2500000|  0%| F|  |TAMS 0x00000000c2400000| PB 0x00000000c2400000| Untracked 
|  15|0x00000000c2500000, 0x00000000c2600000, 0x00000000c2600000|100%| O|  |TAMS 0x00000000c2500000| PB 0x00000000c2500000| Untracked 
|  16|0x00000000c2600000, 0x00000000c2700000, 0x00000000c2700000|100%| O|  |TAMS 0x00000000c2600000| PB 0x00000000c2600000| Untracked 
|  17|0x00000000c2700000, 0x00000000c2800000, 0x00000000c2800000|100%| O|  |TAMS 0x00000000c2700000| PB 0x00000000c2700000| Untracked 
|  18|0x00000000c2800000, 0x00000000c2900000, 0x00000000c2900000|100%| O|  |TAMS 0x00000000c2800000| PB 0x00000000c2800000| Untracked 
|  19|0x00000000c2900000, 0x00000000c2a00000, 0x00000000c2a00000|100%|HS|  |TAMS 0x00000000c2900000| PB 0x00000000c2900000| Complete 
|  20|0x00000000c2a00000, 0x00000000c2b00000, 0x00000000c2b00000|100%|HC|  |TAMS 0x00000000c2a00000| PB 0x00000000c2a00000| Complete 
|  21|0x00000000c2b00000, 0x00000000c2c00000, 0x00000000c2c00000|100%|HC|  |TAMS 0x00000000c2b00000| PB 0x00000000c2b00000| Complete 
|  22|0x00000000c2c00000, 0x00000000c2d00000, 0x00000000c2d00000|100%| O|  |TAMS 0x00000000c2c00000| PB 0x00000000c2c00000| Untracked 
|  23|0x00000000c2d00000, 0x00000000c2e00000, 0x00000000c2e00000|100%| O|  |TAMS 0x00000000c2d00000| PB 0x00000000c2d00000| Untracked 
|  24|0x00000000c2e00000, 0x00000000c2f00000, 0x00000000c2f00000|100%| O|  |TAMS 0x00000000c2e00000| PB 0x00000000c2e00000| Untracked 
|  25|0x00000000c2f00000, 0x00000000c3000000, 0x00000000c3000000|100%| O|  |TAMS 0x00000000c2f00000| PB 0x00000000c2f00000| Untracked 
|  26|0x00000000c3000000, 0x00000000c3100000, 0x00000000c3100000|100%| O|  |TAMS 0x00000000c3000000| PB 0x00000000c3000000| Untracked 
|  27|0x00000000c3100000, 0x00000000c3200000, 0x00000000c3200000|100%| O|  |TAMS 0x00000000c3100000| PB 0x00000000c3100000| Untracked 
|  28|0x00000000c3200000, 0x00000000c3300000, 0x00000000c3300000|100%| O|  |TAMS 0x00000000c3200000| PB 0x00000000c3200000| Untracked 
|  29|0x00000000c3300000, 0x00000000c3400000, 0x00000000c3400000|100%| O|  |TAMS 0x00000000c3300000| PB 0x00000000c3300000| Untracked 
|  30|0x00000000c3400000, 0x00000000c3400000, 0x00000000c3500000|  0%| F|  |TAMS 0x00000000c3400000| PB 0x00000000c3400000| Untracked 
|  31|0x00000000c3500000, 0x00000000c3500000, 0x00000000c3600000|  0%| F|  |TAMS 0x00000000c3500000| PB 0x00000000c3500000| Untracked 
|  32|0x00000000c3600000, 0x00000000c3700000, 0x00000000c3700000|100%|HS|  |TAMS 0x00000000c3600000| PB 0x00000000c3600000| Complete 
|  33|0x00000000c3700000, 0x00000000c3800000, 0x00000000c3800000|100%|HC|  |TAMS 0x00000000c3700000| PB 0x00000000c3700000| Complete 
|  34|0x00000000c3800000, 0x00000000c3900000, 0x00000000c3900000|100%|HC|  |TAMS 0x00000000c3800000| PB 0x00000000c3800000| Complete 
|  35|0x00000000c3900000, 0x00000000c3a00000, 0x00000000c3a00000|100%| O|  |TAMS 0x00000000c3900000| PB 0x00000000c3900000| Untracked 
|  36|0x00000000c3a00000, 0x00000000c3b00000, 0x00000000c3b00000|100%| O|  |TAMS 0x00000000c3a00000| PB 0x00000000c3a00000| Untracked 
|  37|0x00000000c3b00000, 0x00000000c3b00000, 0x00000000c3c00000|  0%| F|  |TAMS 0x00000000c3b00000| PB 0x00000000c3b00000| Untracked 
|  38|0x00000000c3c00000, 0x00000000c3d00000, 0x00000000c3d00000|100%|HS|  |TAMS 0x00000000c3c00000| PB 0x00000000c3c00000| Complete 
|  39|0x00000000c3d00000, 0x00000000c3e00000, 0x00000000c3e00000|100%|HC|  |TAMS 0x00000000c3d00000| PB 0x00000000c3d00000| Complete 
|  40|0x00000000c3e00000, 0x00000000c3f00000, 0x00000000c3f00000|100%| O|  |TAMS 0x00000000c3e00000| PB 0x00000000c3e00000| Untracked 
|  41|0x00000000c3f00000, 0x00000000c3f00000, 0x00000000c4000000|  0%| F|  |TAMS 0x00000000c3f00000| PB 0x00000000c3f00000| Untracked 
|  42|0x00000000c4000000, 0x00000000c4078c80, 0x00000000c4100000| 47%| O|  |TAMS 0x00000000c4000000| PB 0x00000000c4000000| Untracked 
|  43|0x00000000c4100000, 0x00000000c4200000, 0x00000000c4200000|100%|HS|  |TAMS 0x00000000c4100000| PB 0x00000000c4100000| Complete 
|  44|0x00000000c4200000, 0x00000000c4300000, 0x00000000c4300000|100%|HS|  |TAMS 0x00000000c4200000| PB 0x00000000c4200000| Complete 
|  45|0x00000000c4300000, 0x00000000c4400000, 0x00000000c4400000|100%| O|  |TAMS 0x00000000c4300000| PB 0x00000000c4300000| Untracked 
|  46|0x00000000c4400000, 0x00000000c4500000, 0x00000000c4500000|100%| O|  |TAMS 0x00000000c4400000| PB 0x00000000c4400000| Untracked 
|  47|0x00000000c4500000, 0x00000000c4600000, 0x00000000c4600000|100%| O|  |TAMS 0x00000000c4500000| PB 0x00000000c4500000| Untracked 
|  48|0x00000000c4600000, 0x00000000c4700000, 0x00000000c4700000|100%| O|  |TAMS 0x00000000c4600000| PB 0x00000000c4600000| Untracked 
|  49|0x00000000c4700000, 0x00000000c4800000, 0x00000000c4800000|100%| O|  |TAMS 0x00000000c4700000| PB 0x00000000c4700000| Untracked 
|  50|0x00000000c4800000, 0x00000000c4900000, 0x00000000c4900000|100%| O|  |TAMS 0x00000000c4800000| PB 0x00000000c4800000| Untracked 
|  51|0x00000000c4900000, 0x00000000c4a00000, 0x00000000c4a00000|100%| O|  |TAMS 0x00000000c4900000| PB 0x00000000c4900000| Untracked 
|  52|0x00000000c4a00000, 0x00000000c4b00000, 0x00000000c4b00000|100%| O|  |TAMS 0x00000000c4a00000| PB 0x00000000c4a00000| Untracked 
|  53|0x00000000c4b00000, 0x00000000c4c00000, 0x00000000c4c00000|100%| O|  |TAMS 0x00000000c4b00000| PB 0x00000000c4b00000| Untracked 
|  54|0x00000000c4c00000, 0x00000000c4d00000, 0x00000000c4d00000|100%| O|  |TAMS 0x00000000c4c00000| PB 0x00000000c4c00000| Untracked 
|  55|0x00000000c4d00000, 0x00000000c4e00000, 0x00000000c4e00000|100%| O|  |TAMS 0x00000000c4d00000| PB 0x00000000c4d00000| Untracked 
|  56|0x00000000c4e00000, 0x00000000c4f00000, 0x00000000c4f00000|100%| O|  |TAMS 0x00000000c4e00000| PB 0x00000000c4e00000| Untracked 
|  57|0x00000000c4f00000, 0x00000000c5000000, 0x00000000c5000000|100%| O|  |TAMS 0x00000000c4f00000| PB 0x00000000c4f00000| Untracked 
|  58|0x00000000c5000000, 0x00000000c5100000, 0x00000000c5100000|100%| O|  |TAMS 0x00000000c5000000| PB 0x00000000c5000000| Untracked 
|  59|0x00000000c5100000, 0x00000000c5200000, 0x00000000c5200000|100%| O|  |TAMS 0x00000000c5100000| PB 0x00000000c5100000| Untracked 
|  60|0x00000000c5200000, 0x00000000c5300000, 0x00000000c5300000|100%| O|  |TAMS 0x00000000c5200000| PB 0x00000000c5200000| Untracked 
|  61|0x00000000c5300000, 0x00000000c5400000, 0x00000000c5400000|100%| O|  |TAMS 0x00000000c5300000| PB 0x00000000c5300000| Untracked 
|  62|0x00000000c5400000, 0x00000000c5500000, 0x00000000c5500000|100%| O|  |TAMS 0x00000000c5400000| PB 0x00000000c5400000| Untracked 
|  63|0x00000000c5500000, 0x00000000c5600000, 0x00000000c5600000|100%| O|  |TAMS 0x00000000c5500000| PB 0x00000000c5500000| Untracked 
|  64|0x00000000c5600000, 0x00000000c5600000, 0x00000000c5700000|  0%| F|  |TAMS 0x00000000c5600000| PB 0x00000000c5600000| Untracked 
|  65|0x00000000c5700000, 0x00000000c5700000, 0x00000000c5800000|  0%| F|  |TAMS 0x00000000c5700000| PB 0x00000000c5700000| Untracked 
|  66|0x00000000c5800000, 0x00000000c5800000, 0x00000000c5900000|  0%| F|  |TAMS 0x00000000c5800000| PB 0x00000000c5800000| Untracked 
|  67|0x00000000c5900000, 0x00000000c5900000, 0x00000000c5a00000|  0%| F|  |TAMS 0x00000000c5900000| PB 0x00000000c5900000| Untracked 
|  68|0x00000000c5a00000, 0x00000000c5a00000, 0x00000000c5b00000|  0%| F|  |TAMS 0x00000000c5a00000| PB 0x00000000c5a00000| Untracked 
|  69|0x00000000c5b00000, 0x00000000c5b00000, 0x00000000c5c00000|  0%| F|  |TAMS 0x00000000c5b00000| PB 0x00000000c5b00000| Untracked 
|  70|0x00000000c5c00000, 0x00000000c5c00000, 0x00000000c5d00000|  0%| F|  |TAMS 0x00000000c5c00000| PB 0x00000000c5c00000| Untracked 
|  71|0x00000000c5d00000, 0x00000000c5d00000, 0x00000000c5e00000|  0%| F|  |TAMS 0x00000000c5d00000| PB 0x00000000c5d00000| Untracked 
|  72|0x00000000c5e00000, 0x00000000c5e00000, 0x00000000c5f00000|  0%| F|  |TAMS 0x00000000c5e00000| PB 0x00000000c5e00000| Untracked 
|  73|0x00000000c5f00000, 0x00000000c5f00000, 0x00000000c6000000|  0%| F|  |TAMS 0x00000000c5f00000| PB 0x00000000c5f00000| Untracked 
|  74|0x00000000c6000000, 0x00000000c6000000, 0x00000000c6100000|  0%| F|  |TAMS 0x00000000c6000000| PB 0x00000000c6000000| Untracked 
|  75|0x00000000c6100000, 0x00000000c6100000, 0x00000000c6200000|  0%| F|  |TAMS 0x00000000c6100000| PB 0x00000000c6100000| Untracked 
|  76|0x00000000c6200000, 0x00000000c62a2a20, 0x00000000c6300000| 63%| S|CS|TAMS 0x00000000c6200000| PB 0x00000000c6200000| Complete 
|  77|0x00000000c6300000, 0x00000000c6400000, 0x00000000c6400000|100%| S|CS|TAMS 0x00000000c6300000| PB 0x00000000c6300000| Complete 
|  78|0x00000000c6400000, 0x00000000c6400000, 0x00000000c6500000|  0%| F|  |TAMS 0x00000000c6400000| PB 0x00000000c6400000| Untracked 
|  79|0x00000000c6500000, 0x00000000c6500000, 0x00000000c6600000|  0%| F|  |TAMS 0x00000000c6500000| PB 0x00000000c6500000| Untracked 
|  80|0x00000000c6600000, 0x00000000c6600000, 0x00000000c6700000|  0%| F|  |TAMS 0x00000000c6600000| PB 0x00000000c6600000| Untracked 
|  81|0x00000000c6700000, 0x00000000c6800000, 0x00000000c6800000|100%| S|CS|TAMS 0x00000000c6700000| PB 0x00000000c6700000| Complete 
|  82|0x00000000c6800000, 0x00000000c6800000, 0x00000000c6900000|  0%| F|  |TAMS 0x00000000c6800000| PB 0x00000000c6800000| Untracked 
|  83|0x00000000c6900000, 0x00000000c6900000, 0x00000000c6a00000|  0%| F|  |TAMS 0x00000000c6900000| PB 0x00000000c6900000| Untracked 
|  84|0x00000000c6a00000, 0x00000000c6a00000, 0x00000000c6b00000|  0%| F|  |TAMS 0x00000000c6a00000| PB 0x00000000c6a00000| Untracked 
|  85|0x00000000c6b00000, 0x00000000c6b57bf0, 0x00000000c6c00000| 34%| E|  |TAMS 0x00000000c6b00000| PB 0x00000000c6b00000| Complete 
|  86|0x00000000c6c00000, 0x00000000c6d00000, 0x00000000c6d00000|100%| E|CS|TAMS 0x00000000c6c00000| PB 0x00000000c6c00000| Complete 
|  87|0x00000000c6d00000, 0x00000000c6e00000, 0x00000000c6e00000|100%| E|CS|TAMS 0x00000000c6d00000| PB 0x00000000c6d00000| Complete 
|  88|0x00000000c6e00000, 0x00000000c6f00000, 0x00000000c6f00000|100%| E|CS|TAMS 0x00000000c6e00000| PB 0x00000000c6e00000| Complete 
|  89|0x00000000c6f00000, 0x00000000c7000000, 0x00000000c7000000|100%| E|CS|TAMS 0x00000000c6f00000| PB 0x00000000c6f00000| Complete 
|  90|0x00000000c7000000, 0x00000000c7100000, 0x00000000c7100000|100%| E|CS|TAMS 0x00000000c7000000| PB 0x00000000c7000000| Complete 
|  91|0x00000000c7100000, 0x00000000c7200000, 0x00000000c7200000|100%| E|CS|TAMS 0x00000000c7100000| PB 0x00000000c7100000| Complete 
|  92|0x00000000c7200000, 0x00000000c7300000, 0x00000000c7300000|100%| E|CS|TAMS 0x00000000c7200000| PB 0x00000000c7200000| Complete 
|  93|0x00000000c7300000, 0x00000000c7400000, 0x00000000c7400000|100%| E|CS|TAMS 0x00000000c7300000| PB 0x00000000c7300000| Complete 
|  94|0x00000000c7400000, 0x00000000c7500000, 0x00000000c7500000|100%| E|CS|TAMS 0x00000000c7400000| PB 0x00000000c7400000| Complete 
|  95|0x00000000c7500000, 0x00000000c7600000, 0x00000000c7600000|100%| E|CS|TAMS 0x00000000c7500000| PB 0x00000000c7500000| Complete 
|  96|0x00000000c7600000, 0x00000000c7700000, 0x00000000c7700000|100%| E|CS|TAMS 0x00000000c7600000| PB 0x00000000c7600000| Complete 
|  97|0x00000000c7700000, 0x00000000c7800000, 0x00000000c7800000|100%| E|CS|TAMS 0x00000000c7700000| PB 0x00000000c7700000| Complete 
|  98|0x00000000c7800000, 0x00000000c7900000, 0x00000000c7900000|100%| E|CS|TAMS 0x00000000c7800000| PB 0x00000000c7800000| Complete 
|  99|0x00000000c7900000, 0x00000000c7a00000, 0x00000000c7a00000|100%| E|CS|TAMS 0x00000000c7900000| PB 0x00000000c7900000| Complete 
| 100|0x00000000c7a00000, 0x00000000c7b00000, 0x00000000c7b00000|100%| E|CS|TAMS 0x00000000c7a00000| PB 0x00000000c7a00000| Complete 
| 101|0x00000000c7b00000, 0x00000000c7c00000, 0x00000000c7c00000|100%| E|CS|TAMS 0x00000000c7b00000| PB 0x00000000c7b00000| Complete 
| 102|0x00000000c7c00000, 0x00000000c7d00000, 0x00000000c7d00000|100%| E|CS|TAMS 0x00000000c7c00000| PB 0x00000000c7c00000| Complete 
| 103|0x00000000c7d00000, 0x00000000c7e00000, 0x00000000c7e00000|100%| E|CS|TAMS 0x00000000c7d00000| PB 0x00000000c7d00000| Complete 
| 104|0x00000000c7e00000, 0x00000000c7f00000, 0x00000000c7f00000|100%| E|CS|TAMS 0x00000000c7e00000| PB 0x00000000c7e00000| Complete 
| 993|0x00000000ff700000, 0x00000000ff800000, 0x00000000ff800000|100%| O|  |TAMS 0x00000000ff700000| PB 0x00000000ff700000| Untracked 
| 994|0x00000000ff800000, 0x00000000ff900000, 0x00000000ff900000|100%| O|  |TAMS 0x00000000ff800000| PB 0x00000000ff800000| Untracked 
| 995|0x00000000ff900000, 0x00000000ffa00000, 0x00000000ffa00000|100%| O|  |TAMS 0x00000000ff900000| PB 0x00000000ff900000| Untracked 
| 996|0x00000000ffa00000, 0x00000000ffb00000, 0x00000000ffb00000|100%| E|CS|TAMS 0x00000000ffa00000| PB 0x00000000ffa00000| Complete 
| 997|0x00000000ffb00000, 0x00000000ffc00000, 0x00000000ffc00000|100%| E|CS|TAMS 0x00000000ffb00000| PB 0x00000000ffb00000| Complete 
| 998|0x00000000ffc00000, 0x00000000ffd00000, 0x00000000ffd00000|100%| E|CS|TAMS 0x00000000ffc00000| PB 0x00000000ffc00000| Complete 
| 999|0x00000000ffd00000, 0x00000000ffe00000, 0x00000000ffe00000|100%| E|CS|TAMS 0x00000000ffd00000| PB 0x00000000ffd00000| Complete 
|1000|0x00000000ffe00000, 0x00000000fff00000, 0x00000000fff00000|100%| E|CS|TAMS 0x00000000ffe00000| PB 0x00000000ffe00000| Complete 
|1001|0x00000000fff00000, 0x0000000100000000, 0x0000000100000000|100%| E|CS|TAMS 0x00000000fff00000| PB 0x00000000fff00000| Complete 

Card table byte_map: [0x000001eb696a0000,0x000001eb698a0000] _byte_map_base: 0x000001eb69095000

Marking Bits: (CMBitMap*) 0x000001eb50206620
 Bits: [0x000001eb698a0000, 0x000001eb6a848000)

Polling page: 0x000001eb502a0000

Metaspace:

Usage:
  Non-class:     30.26 MB used.
      Class:      3.74 MB used.
       Both:     33.99 MB used.

Virtual space:
  Non-class space:       64.00 MB reserved,      30.50 MB ( 48%) committed,  1 nodes.
      Class space:        1.00 GB reserved,       4.00 MB ( <1%) committed,  1 nodes.
             Both:        1.06 GB reserved,      34.50 MB (  3%) committed. 

Chunk freelists:
   Non-Class:  576.00 KB
       Class:  12.02 MB
        Both:  12.58 MB

MaxMetaspaceSize: unlimited
CompressedClassSpaceSize: 1.00 GB
Initial GC threshold: 21.00 MB
Current GC threshold: 52.31 MB
CDS: on
 - commit_granule_bytes: 65536.
 - commit_granule_words: 8192.
 - virtual_space_node_default_size: 8388608.
 - enlarge_chunks_in_place: 1.
 - use_allocation_guard: 0.


Internal statistics:

num_allocs_failed_limit: 6.
num_arena_births: 524.
num_arena_deaths: 4.
num_vsnodes_births: 2.
num_vsnodes_deaths: 0.
num_space_committed: 568.
num_space_uncommitted: 8.
num_chunks_returned_to_freelist: 104.
num_chunks_taken_from_freelist: 1878.
num_chunk_merges: 26.
num_chunk_splits: 1305.
num_chunks_enlarged: 1003.
num_inconsistent_stats: 0.

CodeHeap 'non-profiled nmethods': size=120000Kb used=3461Kb max_used=3461Kb free=116538Kb
 bounds [0x000001eb61950000, 0x000001eb61cc0000, 0x000001eb68e80000]
CodeHeap 'profiled nmethods': size=120000Kb used=15433Kb max_used=15443Kb free=104566Kb
 bounds [0x000001eb59e80000, 0x000001eb5adb0000, 0x000001eb613b0000]
CodeHeap 'non-nmethods': size=5760Kb used=1522Kb max_used=1536Kb free=4237Kb
 bounds [0x000001eb613b0000, 0x000001eb61620000, 0x000001eb61950000]
 total_blobs=8074 nmethods=7481 adapters=497
 compilation: enabled
              stopped_count=0, restarted_count=0
 full_count=0

Compilation events (20 events):
Event: 17.697 Thread 0x000001eb6ce001c0 9044       1       org.apache.maven.surefire.api.stream.AbstractStreamDecoder$Memento::getLine (5 bytes)
Event: 17.698 Thread 0x000001eb6ce001c0 nmethod 9044 0x000001eb61cae010 code [0x000001eb61cae1a0, 0x000001eb61cae268]
Event: 17.703 Thread 0x000001eb6cdf3260 nmethod 9042 0x000001eb61cae310 code [0x000001eb61cae520, 0x000001eb61cae9b8]
Event: 17.703 Thread 0x000001eb6cdf3260 9045       4       sun.nio.cs.UTF_8$Decoder::decodeLoop (28 bytes)
Event: 17.705 Thread 0x000001eb6cdf3260 nmethod 9045 0x000001eb61caee90 code [0x000001eb61caf040, 0x000001eb61caf1c0]
Event: 17.747 Thread 0x000001eb6cdf3260 9046       4       java.nio.CharBuffer::position (6 bytes)
Event: 17.747 Thread 0x000001eb6ce001c0 9048   !   3       org.apache.maven.surefire.stream.EventDecoder::debugStream (24 bytes)
Event: 17.747 Thread 0x000001eb6ce001c0 nmethod 9048 0x000001eb5aa94090 code [0x000001eb5aa94260, 0x000001eb5aa944e8]
Event: 17.747 Thread 0x000001eb6ce001c0 9051       2       java.util.concurrent.locks.AbstractQueuedSynchronizer::acquireShared (20 bytes)
Event: 17.747 Thread 0x000001eb6ce001c0 nmethod 9051 0x000001eb5aa93c90 code [0x000001eb5aa93e40, 0x000001eb5aa93fe0]
Event: 17.747 Thread 0x000001eb6ce001c0 9049       3       org.apache.maven.surefire.api.util.internal.AbstractNoninterruptibleReadableChannel::read (54 bytes)
Event: 17.748 Thread 0x000001eb6cdf3260 nmethod 9046 0x000001eb61caf390 code [0x000001eb61caf520, 0x000001eb61caf620]
Event: 17.748 Thread 0x000001eb6cdf3260 9047       4       java.nio.CharBuffer::array (35 bytes)
Event: 17.748 Thread 0x000001eb6ce001c0 nmethod 9049 0x000001eb5aa93190 code [0x000001eb5aa933c0, 0x000001eb5aa93a78]
Event: 17.748 Thread 0x000001eb6ce001c0 9050       3       org.apache.maven.surefire.api.util.internal.Channels$3::readImpl (42 bytes)
Event: 17.748 Thread 0x000001eb6cdf3260 nmethod 9047 0x000001eb61caf710 code [0x000001eb61caf8a0, 0x000001eb61caf968]
Event: 17.749 Thread 0x000001eb6ce001c0 nmethod 9050 0x000001eb5aa92490 code [0x000001eb5aa926e0, 0x000001eb5aa92ee8]
Event: 17.782 Thread 0x000001eb6ce001c0 9052       3       java.nio.CharBuffer::toString (13 bytes)
Event: 17.782 Thread 0x000001eb6cdf3260 9053 %     4       sun.nio.cs.UTF_8$Decoder::decodeArrayLoop @ 103 (688 bytes)
Event: 17.783 Thread 0x000001eb6ce001c0 nmethod 9052 0x000001eb5a104910 code [0x000001eb5a104ac0, 0x000001eb5a104cc0]

GC Heap History (20 events):
Event: 8.144 GC heap before
{Heap before GC invocations=10 (full 0):
 garbage-first heap   total 86016K, used 69632K [0x00000000c1600000, 0x0000000100000000)
  region size 1024K, 32 young (32768K), 6 survivors (6144K)
 Metaspace       used 27821K, committed 28160K, reserved 1114112K
  class space    used 3100K, committed 3264K, reserved 1048576K
}
Event: 8.158 GC heap after
{Heap after GC invocations=11 (full 0):
 garbage-first heap   total 86016K, used 47104K [0x00000000c1600000, 0x0000000100000000)
  region size 1024K, 3 young (3072K), 3 survivors (3072K)
 Metaspace       used 27821K, committed 28160K, reserved 1114112K
  class space    used 3100K, committed 3264K, reserved 1048576K
}
Event: 8.676 GC heap before
{Heap before GC invocations=11 (full 0):
 garbage-first heap   total 86016K, used 72704K [0x00000000c1600000, 0x0000000100000000)
  region size 1024K, 28 young (28672K), 3 survivors (3072K)
 Metaspace       used 29331K, committed 29760K, reserved 1114112K
  class space    used 3272K, committed 3456K, reserved 1048576K
}
Event: 8.683 GC heap after
{Heap after GC invocations=12 (full 0):
 garbage-first heap   total 86016K, used 48128K [0x00000000c1600000, 0x0000000100000000)
  region size 1024K, 1 young (1024K), 1 survivors (1024K)
 Metaspace       used 29331K, committed 29760K, reserved 1114112K
  class space    used 3272K, committed 3456K, reserved 1048576K
}
Event: 9.502 GC heap before
{Heap before GC invocations=13 (full 0):
 garbage-first heap   total 86016K, used 71680K [0x00000000c1600000, 0x0000000100000000)
  region size 1024K, 27 young (27648K), 1 survivors (1024K)
 Metaspace       used 30718K, committed 31232K, reserved 1114112K
  class space    used 3407K, committed 3648K, reserved 1048576K
}
Event: 9.506 GC heap after
{Heap after GC invocations=14 (full 0):
 garbage-first heap   total 86016K, used 45762K [0x00000000c1600000, 0x0000000100000000)
  region size 1024K, 2 young (2048K), 2 survivors (2048K)
 Metaspace       used 30718K, committed 31232K, reserved 1114112K
  class space    used 3407K, committed 3648K, reserved 1048576K
}
Event: 10.402 GC heap before
{Heap before GC invocations=14 (full 0):
 garbage-first heap   total 86016K, used 79554K [0x00000000c1600000, 0x0000000100000000)
  region size 1024K, 31 young (31744K), 2 survivors (2048K)
 Metaspace       used 31575K, committed 32128K, reserved 1114112K
  class space    used 3508K, committed 3776K, reserved 1048576K
}
Event: 10.420 GC heap after
{Heap after GC invocations=15 (full 0):
 garbage-first heap   total 89088K, used 53953K [0x00000000c1600000, 0x0000000100000000)
  region size 1024K, 4 young (4096K), 4 survivors (4096K)
 Metaspace       used 31575K, committed 32128K, reserved 1114112K
  class space    used 3508K, committed 3776K, reserved 1048576K
}
Event: 10.451 GC heap before
{Heap before GC invocations=15 (full 0):
 garbage-first heap   total 89088K, used 56001K [0x00000000c1600000, 0x0000000100000000)
  region size 1024K, 7 young (7168K), 4 survivors (4096K)
 Metaspace       used 31580K, committed 32128K, reserved 1114112K
  class space    used 3508K, committed 3776K, reserved 1048576K
}
Event: 10.458 GC heap after
{Heap after GC invocations=16 (full 0):
 garbage-first heap   total 107520K, used 55632K [0x00000000c1600000, 0x0000000100000000)
  region size 1024K, 2 young (2048K), 2 survivors (2048K)
 Metaspace       used 31580K, committed 32128K, reserved 1114112K
  class space    used 3508K, committed 3776K, reserved 1048576K
}
Event: 10.777 GC heap before
{Heap before GC invocations=17 (full 0):
 garbage-first heap   total 116736K, used 84304K [0x00000000c1600000, 0x0000000100000000)
  region size 1024K, 29 young (29696K), 2 survivors (2048K)
 Metaspace       used 31595K, committed 32128K, reserved 1114112K
  class space    used 3508K, committed 3776K, reserved 1048576K
}
Event: 10.785 GC heap after
{Heap after GC invocations=18 (full 0):
 garbage-first heap   total 116736K, used 66422K [0x00000000c1600000, 0x0000000100000000)
  region size 1024K, 4 young (4096K), 4 survivors (4096K)
 Metaspace       used 31595K, committed 32128K, reserved 1114112K
  class space    used 3508K, committed 3776K, reserved 1048576K
}
Event: 11.043 GC heap before
{Heap before GC invocations=18 (full 0):
 garbage-first heap   total 116736K, used 92022K [0x00000000c1600000, 0x0000000100000000)
  region size 1024K, 30 young (30720K), 4 survivors (4096K)
 Metaspace       used 31602K, committed 32128K, reserved 1114112K
  class space    used 3508K, committed 3776K, reserved 1048576K
}
Event: 11.064 GC heap after
{Heap after GC invocations=19 (full 0):
 garbage-first heap   total 116736K, used 66560K [0x00000000c1600000, 0x0000000100000000)
  region size 1024K, 4 young (4096K), 4 survivors (4096K)
 Metaspace       used 31602K, committed 32128K, reserved 1114112K
  class space    used 3508K, committed 3776K, reserved 1048576K
}
Event: 11.193 GC heap before
{Heap before GC invocations=19 (full 0):
 garbage-first heap   total 116736K, used 74752K [0x00000000c1600000, 0x0000000100000000)
  region size 1024K, 13 young (13312K), 4 survivors (4096K)
 Metaspace       used 31626K, committed 32128K, reserved 1114112K
  class space    used 3509K, committed 3776K, reserved 1048576K
}
Event: 11.201 GC heap after
{Heap after GC invocations=20 (full 0):
 garbage-first heap   total 116736K, used 69120K [0x00000000c1600000, 0x0000000100000000)
  region size 1024K, 2 young (2048K), 2 survivors (2048K)
 Metaspace       used 31626K, committed 32128K, reserved 1114112K
  class space    used 3509K, committed 3776K, reserved 1048576K
}
Event: 11.848 GC heap before
{Heap before GC invocations=21 (full 0):
 garbage-first heap   total 116736K, used 95744K [0x00000000c1600000, 0x0000000100000000)
  region size 1024K, 27 young (27648K), 2 survivors (2048K)
 Metaspace       used 31078K, committed 31680K, reserved 1114112K
  class space    used 3443K, committed 3712K, reserved 1048576K
}
Event: 11.851 GC heap after
{Heap after GC invocations=22 (full 0):
 garbage-first heap   total 116736K, used 70551K [0x00000000c1600000, 0x0000000100000000)
  region size 1024K, 3 young (3072K), 3 survivors (3072K)
 Metaspace       used 31078K, committed 31680K, reserved 1114112K
  class space    used 3443K, committed 3712K, reserved 1048576K
}
Event: 12.312 GC heap before
{Heap before GC invocations=22 (full 0):
 garbage-first heap   total 116736K, used 97175K [0x00000000c1600000, 0x0000000100000000)
  region size 1024K, 29 young (29696K), 3 survivors (3072K)
 Metaspace       used 31453K, committed 32000K, reserved 1114112K
  class space    used 3476K, committed 3712K, reserved 1048576K
}
Event: 12.321 GC heap after
{Heap after GC invocations=23 (full 0):
 garbage-first heap   total 116736K, used 65645K [0x00000000c1600000, 0x0000000100000000)
  region size 1024K, 3 young (3072K), 3 survivors (3072K)
 Metaspace       used 31453K, committed 32000K, reserved 1114112K
  class space    used 3476K, committed 3712K, reserved 1048576K
}

Dll operation events (8 events):
Event: 0.006 Loaded shared library C:\Program Files\Java\jdk-21.0.11\bin\java.dll
Event: 0.045 Loaded shared library C:\Program Files\Java\jdk-21.0.11\bin\jsvml.dll
Event: 0.073 Loaded shared library C:\Program Files\Java\jdk-21.0.11\bin\net.dll
Event: 0.076 Loaded shared library C:\Program Files\Java\jdk-21.0.11\bin\nio.dll
Event: 0.081 Loaded shared library C:\Program Files\Java\jdk-21.0.11\bin\zip.dll
Event: 0.278 Loaded shared library C:\Program Files\Java\jdk-21.0.11\bin\jimage.dll
Event: 0.281 Loaded shared library C:\Program Files\maven\apache-maven-3.9.15\lib\jansi-native\Windows\x86_64\jansi.dll
Event: 0.302 Loaded shared library C:\Program Files\Java\jdk-21.0.11\bin\verify.dll

Deoptimization events (20 events):
Event: 13.035 Thread 0x000001eb72702cd0 Uncommon trap: trap_request=0xffffffc6 fr.pc=0x000001eb61addac8 relative=0x0000000000000288
Event: 13.035 Thread 0x000001eb72702cd0 Uncommon trap: reason=bimorphic_or_optimized_type_check action=maybe_recompile pc=0x000001eb61addac8 method=java.util.regex.Matcher.getTextLength()I @ 4 c2
Event: 13.035 Thread 0x000001eb72702cd0 DEOPT PACKING pc=0x000001eb61addac8 sp=0x0000006a33aff050
Event: 13.035 Thread 0x000001eb72702cd0 DEOPT UNPACKING pc=0x000001eb614046a2 sp=0x0000006a33afef80 mode 2
Event: 14.443 Thread 0x000001eb73e4e010 Uncommon trap: trap_request=0xffffffde fr.pc=0x000001eb61bd2570 relative=0x00000000000001b0
Event: 14.443 Thread 0x000001eb73e4e010 Uncommon trap: reason=class_check action=maybe_recompile pc=0x000001eb61bd2570 method=java.util.concurrent.locks.AbstractQueuedSynchronizer.acquireShared(I)V @ 2 c2
Event: 14.443 Thread 0x000001eb73e4e010 DEOPT PACKING pc=0x000001eb61bd2570 sp=0x0000006a33cff5c0
Event: 14.443 Thread 0x000001eb73e4e010 DEOPT UNPACKING pc=0x000001eb614046a2 sp=0x0000006a33cff598 mode 2
Event: 14.755 Thread 0x000001eb73e4e010 Uncommon trap: trap_request=0xffffffde fr.pc=0x000001eb61bd2570 relative=0x00000000000001b0
Event: 14.755 Thread 0x000001eb73e4e010 Uncommon trap: reason=class_check action=maybe_recompile pc=0x000001eb61bd2570 method=java.util.concurrent.locks.AbstractQueuedSynchronizer.acquireShared(I)V @ 2 c2
Event: 14.755 Thread 0x000001eb73e4e010 DEOPT PACKING pc=0x000001eb61bd2570 sp=0x0000006a33cff5c0
Event: 14.755 Thread 0x000001eb73e4e010 DEOPT UNPACKING pc=0x000001eb614046a2 sp=0x0000006a33cff598 mode 2
Event: 15.088 Thread 0x000001eb73e4e010 Uncommon trap: trap_request=0xffffffde fr.pc=0x000001eb61bd2570 relative=0x00000000000001b0
Event: 15.088 Thread 0x000001eb73e4e010 Uncommon trap: reason=class_check action=maybe_recompile pc=0x000001eb61bd2570 method=java.util.concurrent.locks.AbstractQueuedSynchronizer.acquireShared(I)V @ 2 c2
Event: 15.088 Thread 0x000001eb73e4e010 DEOPT PACKING pc=0x000001eb61bd2570 sp=0x0000006a33cff5c0
Event: 15.088 Thread 0x000001eb73e4e010 DEOPT UNPACKING pc=0x000001eb614046a2 sp=0x0000006a33cff598 mode 2
Event: 15.749 Thread 0x000001eb73e4e010 Uncommon trap: trap_request=0xffffffde fr.pc=0x000001eb61bd2570 relative=0x00000000000001b0
Event: 15.749 Thread 0x000001eb73e4e010 Uncommon trap: reason=class_check action=maybe_recompile pc=0x000001eb61bd2570 method=java.util.concurrent.locks.AbstractQueuedSynchronizer.acquireShared(I)V @ 2 c2
Event: 15.749 Thread 0x000001eb73e4e010 DEOPT PACKING pc=0x000001eb61bd2570 sp=0x0000006a33cff5c0
Event: 15.749 Thread 0x000001eb73e4e010 DEOPT UNPACKING pc=0x000001eb614046a2 sp=0x0000006a33cff598 mode 2

Classes loaded (20 events):
Event: 13.011 Loading class jdk/internal/logger/LoggerFinderLoader
Event: 13.012 Loading class jdk/internal/logger/LoggerFinderLoader done
Event: 13.012 Loading class jdk/internal/logger/LoggerFinderLoader$TemporaryLoggerFinder
Event: 13.012 Loading class jdk/internal/logger/LoggerFinderLoader$TemporaryLoggerFinder done
Event: 13.013 Loading class sun/util/logging/internal/LoggingProviderImpl$JULWrapper
Event: 13.013 Loading class sun/util/logging/PlatformLogger$ConfigurableBridge$LoggerConfiguration
Event: 13.013 Loading class sun/util/logging/PlatformLogger$ConfigurableBridge$LoggerConfiguration done
Event: 13.014 Loading class sun/util/logging/internal/LoggingProviderImpl$JULWrapper done
Event: 13.014 Loading class java/lang/System$Logger$Level
Event: 13.014 Loading class java/lang/System$Logger$Level done
Event: 13.015 Loading class java/nio/channels/ClosedChannelException
Event: 13.015 Loading class java/nio/channels/ClosedChannelException done
Event: 13.017 Loading class java/nio/channels/NonReadableChannelException
Event: 13.018 Loading class java/nio/channels/NonReadableChannelException done
Event: 13.018 Loading class java/nio/channels/NonWritableChannelException
Event: 13.018 Loading class java/nio/channels/NonWritableChannelException done
Event: 13.031 Loading class java/util/Scanner
Event: 13.032 Loading class java/util/Scanner done
Event: 13.034 Loading class java/util/Scanner$PatternLRUCache
Event: 13.034 Loading class java/util/Scanner$PatternLRUCache done

Classes unloaded (20 events):
Event: 11.315 Thread 0x000001eb5028b600 Unloading class 0x000001eb0132a7d0 'lombok/javac/apt/MessagerDiagnosticsReceiver'
Event: 11.315 Thread 0x000001eb5028b600 Unloading class 0x000001eb0132a410 'lombok/javac/apt/InterceptingJavaFileManager'
Event: 11.315 Thread 0x000001eb5028b600 Unloading class 0x000001eb0132a210 'lombok/permit/dummy/Parent'
Event: 11.315 Thread 0x000001eb5028b600 Unloading class 0x000001eb0132a000 'lombok/core/CleanupRegistry'
Event: 11.315 Thread 0x000001eb5028b600 Unloading class 0x000001eb01329db8 'lombok/permit/Permit$Fake'
Event: 11.315 Thread 0x000001eb5028b600 Unloading class 0x000001eb01329bc0 'lombok/permit/Permit'
Event: 11.315 Thread 0x000001eb5028b600 Unloading class 0x000001eb013299d0 'lombok/core/DiagnosticsReceiver'
Event: 11.315 Thread 0x000001eb5028b600 Unloading class 0x000001eb013296e8 'lombok/javac/apt/LombokProcessor$1'
Event: 11.315 Thread 0x000001eb5028b600 Unloading class 0x000001eb01329458 'lombok/javac/apt/LombokProcessor'
Event: 11.315 Thread 0x000001eb5028b600 Unloading class 0x000001eb01329230 'lombok/core/AnnotationProcessor$EcjDescriptor'
Event: 11.315 Thread 0x000001eb5028b600 Unloading class 0x000001eb01329000 'lombok/core/AnnotationProcessor$JavacDescriptor'
Event: 11.315 Thread 0x000001eb5028b600 Unloading class 0x000001eb01328a78 'lombok/core/AnnotationProcessor$ProcessorDescriptor'
Event: 11.315 Thread 0x000001eb5028b600 Unloading class 0x000001eb01328800 'lombok/core/AnnotationProcessor'
Event: 11.315 Thread 0x000001eb5028b600 Unloading class 0x000001eb01375c00 'lombok/launch/AnnotationProcessorHider$ClaimingProcessor'
Event: 11.315 Thread 0x000001eb5028b600 Unloading class 0x000001eb01328488 'lombok/launch/AnnotationProcessorHider$AstModificationNotifierData'
Event: 11.315 Thread 0x000001eb5028b600 Unloading class 0x000001eb01328210 'lombok/launch/ClassFileMetaData'
Event: 11.315 Thread 0x000001eb5028b600 Unloading class 0x000001eb01328000 'lombok/launch/PackageShader'
Event: 11.315 Thread 0x000001eb5028b600 Unloading class 0x000001eb01304470 'lombok/launch/ShadowClassLoader'
Event: 11.315 Thread 0x000001eb5028b600 Unloading class 0x000001eb01304278 'lombok/launch/Main'
Event: 11.315 Thread 0x000001eb5028b600 Unloading class 0x000001eb01304000 'lombok/launch/AnnotationProcessorHider$AnnotationProcessor'

Classes redefined (0 events):
No events

Internal exceptions (20 events):
Event: 12.028 Thread 0x000001eb5008f370 Exception <a 'sun/nio/fs/WindowsException'{0x00000000c747f1b0}> (0x00000000c747f1b0) 
thrown [s\open\src\hotspot\share\prims\jni.cpp, line 520]
Event: 12.028 Thread 0x000001eb5008f370 Exception <a 'sun/nio/fs/WindowsException'{0x00000000c747f8c8}> (0x00000000c747f8c8) 
thrown [s\open\src\hotspot\share\prims\jni.cpp, line 520]
Event: 12.028 Thread 0x000001eb5008f370 Exception <a 'sun/nio/fs/WindowsException'{0x00000000c747fe98}> (0x00000000c747fe98) 
thrown [s\open\src\hotspot\share\prims\jni.cpp, line 520]
Event: 12.028 Thread 0x000001eb5008f370 Exception <a 'sun/nio/fs/WindowsException'{0x00000000c7480570}> (0x00000000c7480570) 
thrown [s\open\src\hotspot\share\prims\jni.cpp, line 520]
Event: 12.050 Thread 0x000001eb5008f370 Exception <a 'sun/nio/fs/WindowsException'{0x00000000c73cf9b8}> (0x00000000c73cf9b8) 
thrown [s\open\src\hotspot\share\prims\jni.cpp, line 520]
Event: 12.050 Thread 0x000001eb5008f370 Exception <a 'sun/nio/fs/WindowsException'{0x00000000c73d0078}> (0x00000000c73d0078) 
thrown [s\open\src\hotspot\share\prims\jni.cpp, line 520]
Event: 12.050 Thread 0x000001eb5008f370 Exception <a 'sun/nio/fs/WindowsException'{0x00000000c73d08a8}> (0x00000000c73d08a8) 
thrown [s\open\src\hotspot\share\prims\jni.cpp, line 520]
Event: 12.066 Thread 0x000001eb5008f370 Exception <a 'sun/nio/fs/WindowsException'{0x00000000c7272fa8}> (0x00000000c7272fa8) 
thrown [s\open\src\hotspot\share\prims\jni.cpp, line 520]
Event: 12.066 Thread 0x000001eb5008f370 Exception <a 'sun/nio/fs/WindowsException'{0x00000000c7273658}> (0x00000000c7273658) 
thrown [s\open\src\hotspot\share\prims\jni.cpp, line 520]
Event: 12.066 Thread 0x000001eb5008f370 Exception <a 'sun/nio/fs/WindowsException'{0x00000000c7273e30}> (0x00000000c7273e30) 
thrown [s\open\src\hotspot\share\prims\jni.cpp, line 520]
Event: 12.073 Thread 0x000001eb5008f370 Exception <a 'sun/nio/fs/WindowsException'{0x00000000c729c2f0}> (0x00000000c729c2f0) 
thrown [s\open\src\hotspot\share\prims\jni.cpp, line 520]
Event: 12.073 Thread 0x000001eb5008f370 Exception <a 'sun/nio/fs/WindowsException'{0x00000000c729c9a0}> (0x00000000c729c9a0) 
thrown [s\open\src\hotspot\share\prims\jni.cpp, line 520]
Event: 12.073 Thread 0x000001eb5008f370 Exception <a 'sun/nio/fs/WindowsException'{0x00000000c729d178}> (0x00000000c729d178) 
thrown [s\open\src\hotspot\share\prims\jni.cpp, line 520]
Event: 12.453 Thread 0x000001eb71dff000 Exception <a 'java/lang/NoSuchMethodError'{0x00000000c7c20fb8}: 'java.lang.Object java.lang.invoke.DirectMethodHandle$Holder.invokeStatic(java.lang.Object, long, java.lang.Object)'> (0x00000000c7c20fb8) 
thrown [s\open\src\hotspot\share\interpreter\linkResolver.cpp, line 773]
Event: 12.454 Thread 0x000001eb71dff000 Exception <a 'java/lang/NoSuchMethodError'{0x00000000c7c24370}: 'java.lang.Object java.lang.invoke.DirectMethodHandle$Holder.invokeStaticInit(java.lang.Object, long, java.lang.Object)'> (0x00000000c7c24370) 
thrown [s\open\src\hotspot\share\interpreter\linkResolver.cpp, line 773]
Event: 12.455 Thread 0x000001eb71dff000 Exception <a 'java/lang/NoSuchMethodError'{0x00000000c7c29750}: 'java.lang.Object java.lang.invoke.DirectMethodHandle$Holder.newInvokeSpecial(java.lang.Object, long)'> (0x00000000c7c29750) 
thrown [s\open\src\hotspot\share\interpreter\linkResolver.cpp, line 773]
Event: 12.459 Thread 0x000001eb71dff000 Exception <a 'java/lang/NoSuchMethodError'{0x00000000c7c2ded8}: 'long java.lang.invoke.DirectMethodHandle$Holder.invokeInterface(java.lang.Object, java.lang.Object)'> (0x00000000c7c2ded8) 
thrown [s\open\src\hotspot\share\interpreter\linkResolver.cpp, line 773]
Event: 12.461 Thread 0x000001eb71dff000 Exception <a 'java/lang/NoSuchMethodError'{0x00000000c7c31550}: 'long java.lang.invoke.DelegatingMethodHandle$Holder.reinvoke_L(java.lang.Object, java.lang.Object)'> (0x00000000c7c31550) 
thrown [s\open\src\hotspot\share\interpreter\linkResolver.cpp, line 773]
Event: 12.519 Thread 0x000001eb5008f370 Exception <a 'java/lang/NoSuchMethodError'{0x00000000c7a91bb8}: 'java.lang.Object java.lang.invoke.DirectMethodHandle$Holder.invokeStaticInit(java.lang.Object, java.lang.Object, int, int, int, int)'> (0x00000000c7a91bb8) 
thrown [s\open\src\hotspot\share\interpreter\linkResolver.cpp, line 773]
Event: 13.006 Thread 0x000001eb5008f370 Exception <a 'java/lang/NoSuchMethodError'{0x00000000c6fdd8b8}: 'void java.lang.invoke.DirectMethodHandle$Holder.invokeStatic(java.lang.Object, long)'> (0x00000000c6fdd8b8) 
thrown [s\open\src\hotspot\share\interpreter\linkResolver.cpp, line 773]

ZGC Phase Switch (0 events):
No events

VM Operations (20 events):
Event: 12.430 Executing VM operation: HandshakeAllThreads (Deoptimize)
Event: 12.430 Executing VM operation: HandshakeAllThreads (Deoptimize) done
Event: 12.459 Executing VM operation: HandshakeAllThreads (Deoptimize)
Event: 12.459 Executing VM operation: HandshakeAllThreads (Deoptimize) done
Event: 12.506 Executing VM operation: HandshakeAllThreads (Deoptimize)
Event: 12.506 Executing VM operation: HandshakeAllThreads (Deoptimize) done
Event: 12.898 Executing VM operation: HandshakeAllThreads (Deoptimize)
Event: 12.898 Executing VM operation: HandshakeAllThreads (Deoptimize) done
Event: 12.908 Executing VM operation: HandshakeAllThreads (Deoptimize)
Event: 12.908 Executing VM operation: HandshakeAllThreads (Deoptimize) done
Event: 12.930 Executing VM operation: HandshakeAllThreads (Deoptimize)
Event: 12.930 Executing VM operation: HandshakeAllThreads (Deoptimize) done
Event: 12.931 Executing VM operation: HandshakeAllThreads (Deoptimize)
Event: 12.931 Executing VM operation: HandshakeAllThreads (Deoptimize) done
Event: 13.009 Executing VM operation: HandshakeAllThreads (Deoptimize)
Event: 13.009 Executing VM operation: HandshakeAllThreads (Deoptimize) done
Event: 14.021 Executing VM operation: Cleanup
Event: 14.022 Executing VM operation: Cleanup done
Event: 15.025 Executing VM operation: Cleanup
Event: 15.025 Executing VM operation: Cleanup done

Events (20 events):
Event: 11.339 Thread 0x000001eb5028b600 flushing nmethod 0x000001eb5acf8d90
Event: 11.339 Thread 0x000001eb5028b600 flushing nmethod 0x000001eb5acf9690
Event: 11.339 Thread 0x000001eb5028b600 flushing nmethod 0x000001eb5acf9a10
Event: 11.339 Thread 0x000001eb5028b600 flushing nmethod 0x000001eb5acfa910
Event: 11.339 Thread 0x000001eb5028b600 flushing nmethod 0x000001eb5acfb390
Event: 11.339 Thread 0x000001eb5028b600 flushing nmethod 0x000001eb5acfbc10
Event: 11.339 Thread 0x000001eb5028b600 flushing nmethod 0x000001eb5acfce10
Event: 11.339 Thread 0x000001eb5028b600 flushing nmethod 0x000001eb5acfd210
Event: 11.339 Thread 0x000001eb5028b600 flushing nmethod 0x000001eb5acfde90
Event: 11.339 Thread 0x000001eb5028b600 flushing nmethod 0x000001eb5acfe310
Event: 11.339 Thread 0x000001eb5028b600 flushing nmethod 0x000001eb5ad00310
Event: 11.339 Thread 0x000001eb5028b600 flushing nmethod 0x000001eb5ad12190
Event: 12.432 Thread 0x000001eb71dff000 Thread added: 0x000001eb71dff000
Event: 12.462 Thread 0x000001eb71dff000 Thread exited: 0x000001eb71dff000
Event: 12.762 Thread 0x000001eb733d7f80 Thread added: 0x000001eb733d7f80
Event: 12.776 Thread 0x000001eb73924d10 Thread added: 0x000001eb73924d10
Event: 12.979 Thread 0x000001eb742bb010 Thread added: 0x000001eb742bb010
Event: 13.031 Thread 0x000001eb72702cd0 Thread added: 0x000001eb72702cd0
Event: 13.031 Thread 0x000001eb73a17430 Thread added: 0x000001eb73a17430
Event: 13.040 Thread 0x000001eb73e4e010 Thread added: 0x000001eb73e4e010


Dynamic libraries:
0x00007ff6b4c10000 - 0x00007ff6b4c20000 	C:\Program Files\Java\jdk-21.0.11\bin\java.exe
0x00007ffa38570000 - 0x00007ffa38769000 	C:\Windows\SYSTEM32\ntdll.dll
0x00007ffa36750000 - 0x00007ffa36812000 	C:\Windows\System32\KERNEL32.DLL
0x00007ffa36010000 - 0x00007ffa36307000 	C:\Windows\System32\KERNELBASE.dll
0x00007ffa36310000 - 0x00007ffa36410000 	C:\Windows\System32\ucrtbase.dll
0x00007ffa1be70000 - 0x00007ffa1be8e000 	C:\Program Files\Java\jdk-21.0.11\bin\VCRUNTIME140.dll
0x00007ffa1be90000 - 0x00007ffa1bea9000 	C:\Program Files\Java\jdk-21.0.11\bin\jli.dll
0x00007ffa38060000 - 0x00007ffa38111000 	C:\Windows\System32\ADVAPI32.dll
0x00007ffa36570000 - 0x00007ffa3660e000 	C:\Windows\System32\msvcrt.dll
0x00007ffa37b60000 - 0x00007ffa37bff000 	C:\Windows\System32\sechost.dll
0x00007ffa37cd0000 - 0x00007ffa37df6000 	C:\Windows\System32\RPCRT4.dll
0x00007ffa35cb0000 - 0x00007ffa35cd7000 	C:\Windows\System32\bcrypt.dll
0x00007ffa37e60000 - 0x00007ffa37ffd000 	C:\Windows\System32\USER32.dll
0x00007ffa35be0000 - 0x00007ffa35c02000 	C:\Windows\System32\win32u.dll
0x00007ffa37310000 - 0x00007ffa3733b000 	C:\Windows\System32\GDI32.dll
0x00007ffa35ce0000 - 0x00007ffa35dfa000 	C:\Windows\System32\gdi32full.dll
0x00007ffa35c10000 - 0x00007ffa35cad000 	C:\Windows\System32\msvcp_win.dll
0x00007ffa256a0000 - 0x00007ffa2593b000 	C:\Windows\WinSxS\amd64_microsoft.windows.common-controls_6595b64144ccf1df_6.0.19041.6926_none_60b5a53971f8f7e6\COMCTL32.dll
0x00007ffa2bc60000 - 0x00007ffa2bc6a000 	C:\Windows\SYSTEM32\VERSION.dll
0x00007ffa36820000 - 0x00007ffa3684f000 	C:\Windows\System32\IMM32.DLL
0x00007ffa1d200000 - 0x00007ffa1d20c000 	C:\Program Files\Java\jdk-21.0.11\bin\vcruntime140_1.dll
0x00007ffa1bd40000 - 0x00007ffa1bdcd000 	C:\Program Files\Java\jdk-21.0.11\bin\msvcp140.dll
0x00007ffa1b010000 - 0x00007ffa1bd38000 	C:\Program Files\Java\jdk-21.0.11\bin\server\jvm.dll
0x00007ffa37350000 - 0x00007ffa373bb000 	C:\Windows\System32\WS2_32.dll
0x00007ffa35140000 - 0x00007ffa3518b000 	C:\Windows\SYSTEM32\POWRPROF.dll
0x00007ffa24c50000 - 0x00007ffa24c77000 	C:\Windows\SYSTEM32\WINMM.dll
0x00007ffa34fe0000 - 0x00007ffa34ff2000 	C:\Windows\SYSTEM32\UMPDC.dll
0x00007ffa33a50000 - 0x00007ffa33a62000 	C:\Windows\SYSTEM32\kernel.appcore.dll
0x00007ffa1afc0000 - 0x00007ffa1afca000 	C:\Program Files\Java\jdk-21.0.11\bin\jimage.dll
0x00007ffa24d60000 - 0x00007ffa24f61000 	C:\Windows\SYSTEM32\DBGHELP.DLL
0x00007ffa21ec0000 - 0x00007ffa21ef4000 	C:\Windows\SYSTEM32\dbgcore.DLL
0x00007ffa36460000 - 0x00007ffa364e2000 	C:\Windows\System32\bcryptPrimitives.dll
0x00007ffa1ae60000 - 0x00007ffa1ae81000 	C:\Program Files\Java\jdk-21.0.11\bin\java.dll
0x00007ffa373e0000 - 0x00007ffa37b51000 	C:\Windows\System32\SHELL32.dll
0x00007ffa33c50000 - 0x00007ffa343f6000 	C:\Windows\SYSTEM32\windows.storage.dll
0x00007ffa381d0000 - 0x00007ffa38523000 	C:\Windows\System32\combase.dll
0x00007ffa35600000 - 0x00007ffa3562b000 	C:\Windows\SYSTEM32\Wldp.dll
0x00007ffa36670000 - 0x00007ffa36746000 	C:\Windows\System32\OLEAUT32.dll
0x00007ffa38120000 - 0x00007ffa381cd000 	C:\Windows\System32\SHCORE.dll
0x00007ffa36850000 - 0x00007ffa368ab000 	C:\Windows\System32\shlwapi.dll
0x00007ffa35b00000 - 0x00007ffa35b24000 	C:\Windows\SYSTEM32\profapi.dll
0x00007ffa1acf0000 - 0x00007ffa1adc7000 	C:\Program Files\Java\jdk-21.0.11\bin\jsvml.dll
0x00007ffa1acb0000 - 0x00007ffa1acc1000 	C:\Program Files\Java\jdk-21.0.11\bin\net.dll
0x00007ffa2ccf0000 - 0x00007ffa2cdfa000 	C:\Windows\SYSTEM32\WINHTTP.dll
0x00007ffa35330000 - 0x00007ffa3539a000 	C:\Windows\system32\mswsock.dll
0x00007ffa1ac90000 - 0x00007ffa1aca6000 	C:\Program Files\Java\jdk-21.0.11\bin\nio.dll
0x00007ffa1ac70000 - 0x00007ffa1ac88000 	C:\Program Files\Java\jdk-21.0.11\bin\zip.dll
0x00007ffa23150000 - 0x00007ffa23174000 	C:\Program Files\maven\apache-maven-3.9.15\lib\jansi-native\Windows\x86_64\jansi.dll
0x00007ffa1abf0000 - 0x00007ffa1ac00000 	C:\Program Files\Java\jdk-21.0.11\bin\verify.dll
0x00007ffa34e30000 - 0x00007ffa34e63000 	C:\Windows\SYSTEM32\ntmarta.dll
0x00007ffa35560000 - 0x00007ffa35578000 	C:\Windows\SYSTEM32\CRYPTSP.dll
0x00007ffa34b80000 - 0x00007ffa34bb8000 	C:\Windows\system32\rsaenh.dll
0x00007ffa35ac0000 - 0x00007ffa35aee000 	C:\Windows\SYSTEM32\USERENV.dll
0x00007ffa35550000 - 0x00007ffa3555c000 	C:\Windows\SYSTEM32\CRYPTBASE.dll
0x00007ffa34fa0000 - 0x00007ffa34fdb000 	C:\Windows\SYSTEM32\IPHLPAPI.DLL
0x00007ffa37340000 - 0x00007ffa37348000 	C:\Windows\System32\NSI.dll

dbghelp: loaded successfully - version: 4.0.5 - missing functions: none
symbol engine: initialized successfully - sym options: 0x614 - pdb path: .;C:\Program Files\Java\jdk-21.0.11\bin;C:\Windows\SYSTEM32;C:\Windows\WinSxS\amd64_microsoft.windows.common-controls_6595b64144ccf1df_6.0.19041.6926_none_60b5a53971f8f7e6;C:\Program Files\Java\jdk-21.0.11\bin\server;C:\Program Files\maven\apache-maven-3.9.15\lib\jansi-native\Windows\x86_64

VM Arguments:
jvm_args: --enable-native-access=ALL-UNNAMED -Dclassworlds.conf=C:\Program Files\maven\apache-maven-3.9.15\bin\m2.conf -Dmaven.home=C:\Program Files\maven\apache-maven-3.9.15 -Dlibrary.jansi.path=C:\Program Files\maven\apache-maven-3.9.15\lib\jansi-native -Dmaven.multiModuleProjectDirectory=C:\Users\4\project\BookStoreAPI 
java_command: org.codehaus.plexus.classworlds.launcher.Launcher clean verify
java_class_path (initial): C:\Program Files\maven\apache-maven-3.9.15\boot\plexus-classworlds-2.9.0.jar
Launcher Type: SUN_STANDARD

[Global flags]
     intx CICompilerCount                          = 3                                         {product} {ergonomic}
     uint ConcGCThreads                            = 1                                         {product} {ergonomic}
     uint G1ConcRefinementThreads                  = 4                                         {product} {ergonomic}
   size_t G1HeapRegionSize                         = 1048576                                   {product} {ergonomic}
    uintx GCDrainStackTargetSize                   = 64                                        {product} {ergonomic}
   size_t InitialHeapSize                          = 67108864                                  {product} {ergonomic}
   size_t MarkStackSize                            = 4194304                                   {product} {ergonomic}
   size_t MaxHeapSize                              = 1050673152                                {product} {ergonomic}
   size_t MaxNewSize                               = 630194176                                 {product} {ergonomic}
   size_t MinHeapDeltaBytes                        = 1048576                                   {product} {ergonomic}
   size_t MinHeapSize                              = 8388608                                   {product} {ergonomic}
    uintx NonNMethodCodeHeapSize                   = 5832780                                {pd product} {ergonomic}
    uintx NonProfiledCodeHeapSize                  = 122912730                              {pd product} {ergonomic}
    uintx ProfiledCodeHeapSize                     = 122912730                              {pd product} {ergonomic}
    uintx ReservedCodeCacheSize                    = 251658240                              {pd product} {ergonomic}
     bool SegmentedCodeCache                       = true                                      {product} {ergonomic}
   size_t SoftMaxHeapSize                          = 1050673152                             {manageable} {ergonomic}
     bool UseCompressedOops                        = true                           {product lp64_product} {ergonomic}
     bool UseG1GC                                  = true                                      {product} {ergonomic}
     bool UseLargePagesIndividualAllocation        = false                                  {pd product} {ergonomic}

Logging:
Log output configuration:
 #0: stdout all=warning uptime,level,tags foldmultilines=false
 #1: stderr all=off uptime,level,tags foldmultilines=false

Environment Variables:
JAVA_HOME=C:\Program Files\Java\jdk-21.0.11
PATH=C:\Windows\System32;C:\Windows;C:\Program Files\Java\jdk-21.0.11\bin;C:\Program Files\maven\apache-maven-3.9.15\bin
USERNAME=4
LANG=en_US.UTF-8
OS=Windows_NT
PROCESSOR_IDENTIFIER=Intel64 Family 6 Model 60 Stepping 3, GenuineIntel
TMP=C:\Users\4\AppData\Local\Temp
TEMP=C:\Users\4\AppData\Local\Temp




Periodic native trim disabled

---------------  S Y S T E M  ---------------

OS:
 Windows 10 , 64 bit Build 19041 (10.0.19041.7291)
OS uptime: 0 days 2:52 hours

CPU: total 4 (initial active 4) (2 cores per cpu, 2 threads per core) family 6 model 60 stepping 3 microcode 0x27, cx8, cmov, fxsr, ht, mmx, sse, sse2, sse3, ssse3, sse4.1, sse4.2, popcnt, lzcnt, tsc, tscinvbit, avx, avx2, aes, erms, clmul, bmi1, bmi2, fma, vzeroupper, clflush, rdtscp, f16c
Processor Information for all 4 processors :
  Max Mhz: 2601, Current Mhz: 2601, Mhz Limit: 2601

Memory: 4k page, system-wide physical 4001M (358M free)
TotalPageFile size 16289M (AvailPageFile size 84M)
current process WorkingSet (physical memory assigned to process): 236M, peak: 256M
current process commit charge ("private bytes"): 261M, peak: 282M

vm_info: Java HotSpot(TM) 64-Bit Server VM (21.0.11+9-LTS-211) for windows-amd64 JRE (21.0.11+9-LTS-211), built on 2026-03-11T00:23:15Z by "mach5run" with MS VC++ 17.13 (VS2022)

END.
