#
# There is insufficient memory for the Java Runtime Environment to continue.
# Native memory allocation (malloc) failed to allocate 990544 bytes for Chunk::new
# Possible reasons:
#   The system is out of physical RAM or swap space
#   The process is running with CompressedOops enabled, and the Java Heap may be blocking the growth of the native heap
# Possible solutions:
#   Reduce memory load on the system
#   Increase physical memory or swap space
#   Check if swap backing store is full
#   Decrease Java heap size (-Xmx/-Xms)
#   Decrease number of Java threads
#   Decrease Java thread stack sizes (-Xss)
#   Set larger code cache with -XX:ReservedCodeCacheSize=
#   JVM is running with Unscaled Compressed Oops mode in which the Java heap is
#     placed in the first 4GB address space. The Java Heap base address is the
#     maximum limit for the native heap growth. Please use -XX:HeapBaseMinAddress
#     to set the Java Heap base and to place the Java Heap above 4GB virtual address.
# This output file may be truncated or incomplete.
#
#  Out of Memory Error (arena.cpp:168), pid=6024, tid=5416
#
# JRE version: Java(TM) SE Runtime Environment (21.0.11+9) (build 21.0.11+9-LTS-211)
# Java VM: Java HotSpot(TM) 64-Bit Server VM (21.0.11+9-LTS-211, mixed mode, sharing, tiered, compressed oops, compressed class ptrs, g1 gc, windows-amd64)
# No core dump will be written. Minidumps are not enabled by default on client versions of Windows
#

---------------  S U M M A R Y ------------

Command Line: C:\Users\4\AppData\Local\Temp\surefire8048944592950209744\surefirebooter-20260602204021741_3.jar C:\Users\4\AppData\Local\Temp\surefire8048944592950209744 2026-06-02T20-40-21_508-jvmRun1 surefire-20260602204021741_1tmp surefire_0-20260602204021741_2tmp

Host: Intel(R) Core(TM) i5-4300M CPU @ 2.60GHz, 4 cores, 3G,  Windows 10 , 64 bit Build 19041 (10.0.19041.7291)
Time: Tue Jun  2 20:40:33 2026 India Standard Time elapsed time: 11.252095 seconds (0d 0h 0m 11s)

---------------  T H R E A D  ---------------

Current thread (0x0000018f6558afb0):  JavaThread "C2 CompilerThread0" daemon [_thread_in_native, id=5416, stack(0x0000005829c00000,0x0000005829d00000) (1024K)]


Current CompileTask:
C2:  11252 5219       4       jdk.internal.org.objectweb.asm.MethodWriter::computeAllFrames (510 bytes)

Stack: [0x0000005829c00000,0x0000005829d00000]
Native frames: (J=compiled Java code, j=interpreted, Vv=VM code, C=native code)
V  [jvm.dll+0x6d0ef9]
V  [jvm.dll+0x860126]
V  [jvm.dll+0x86261e]
V  [jvm.dll+0x862cf3]
V  [jvm.dll+0x282bc6]
V  [jvm.dll+0xc67ad]
V  [jvm.dll+0xc6cf1]
V  [jvm.dll+0x3bbeab]
V  [jvm.dll+0x388322]
V  [jvm.dll+0x38776a]
V  [jvm.dll+0x24b520]
V  [jvm.dll+0x24aaff]
V  [jvm.dll+0x1cae7e]
V  [jvm.dll+0x25a7d9]
V  [jvm.dll+0x258d65]
V  [jvm.dll+0x3f50d1]
V  [jvm.dll+0x80ac0d]
V  [jvm.dll+0x6cf79d]
C  [ucrtbase.dll+0x21bb2]
C  [KERNEL32.DLL+0x17374]
C  [ntdll.dll+0x4cc91]


---------------  P R O C E S S  ---------------

Threads class SMR info:
_java_thread_list=0x0000018f6baaaef0, length=13, elements={
0x0000018f4a8bd700, 0x0000018f65580400, 0x0000018f65580fd0, 0x0000018f65583220,
0x0000018f65583c80, 0x0000018f655893a0, 0x0000018f65589a10, 0x0000018f6558afb0,
0x0000018f65592fb0, 0x0000018f65803a90, 0x0000018f6581c260, 0x0000018f659fe810,
0x0000018f6a1d8920
}

Java Threads: ( => current thread )
  0x0000018f4a8bd700 JavaThread "main"                              [_thread_in_vm, id=14128, stack(0x0000005828e00000,0x0000005828f00000) (1024K)]
  0x0000018f65580400 JavaThread "Reference Handler"          daemon [_thread_blocked, id=13428, stack(0x0000005829600000,0x0000005829700000) (1024K)]
  0x0000018f65580fd0 JavaThread "Finalizer"                  daemon [_thread_blocked, id=12848, stack(0x0000005829700000,0x0000005829800000) (1024K)]
  0x0000018f65583220 JavaThread "Signal Dispatcher"          daemon [_thread_blocked, id=9820, stack(0x0000005829800000,0x0000005829900000) (1024K)]
  0x0000018f65583c80 JavaThread "Attach Listener"            daemon [_thread_blocked, id=456, stack(0x0000005829900000,0x0000005829a00000) (1024K)]
  0x0000018f655893a0 JavaThread "Service Thread"             daemon [_thread_blocked, id=108, stack(0x0000005829a00000,0x0000005829b00000) (1024K)]
  0x0000018f65589a10 JavaThread "Monitor Deflation Thread"   daemon [_thread_blocked, id=2436, stack(0x0000005829b00000,0x0000005829c00000) (1024K)]
=>0x0000018f6558afb0 JavaThread "C2 CompilerThread0"         daemon [_thread_in_native, id=5416, stack(0x0000005829c00000,0x0000005829d00000) (1024K)]
  0x0000018f65592fb0 JavaThread "C1 CompilerThread0"         daemon [_thread_blocked, id=7400, stack(0x0000005829d00000,0x0000005829e00000) (1024K)]
  0x0000018f65803a90 JavaThread "Notification Thread"        daemon [_thread_blocked, id=10316, stack(0x0000005829e00000,0x0000005829f00000) (1024K)]
  0x0000018f6581c260 JavaThread "Common-Cleaner"             daemon [_thread_blocked, id=9516, stack(0x0000005829f00000,0x000000582a000000) (1024K)]
  0x0000018f659fe810 JavaThread "surefire-forkedjvm-stream-flusher" daemon [_thread_blocked, id=7416, stack(0x000000582a000000,0x000000582a100000) (1024K)]
  0x0000018f6a1d8920 JavaThread "surefire-forkedjvm-command-thread" daemon [_thread_in_native, id=7304, stack(0x000000582a300000,0x000000582a400000) (1024K)]
Total: 13

Other Threads:
  0x0000018f4a975670 VMThread "VM Thread"                           [id=11368, stack(0x0000005829500000,0x0000005829600000) (1024K)]
  0x0000018f6557c0d0 WatcherThread "VM Periodic Task Thread"        [id=9496, stack(0x0000005829400000,0x0000005829500000) (1024K)]
  0x0000018f4a8f18a0 WorkerThread "GC Thread#0"                     [id=9212, stack(0x0000005828f00000,0x0000005829000000) (1024K)]
  0x0000018f6a18ab00 WorkerThread "GC Thread#1"                     [id=10576, stack(0x000000582a100000,0x000000582a200000) (1024K)]
  0x0000018f6a1a7f70 WorkerThread "GC Thread#2"                     [id=7132, stack(0x000000582a200000,0x000000582a300000) (1024K)]
  0x0000018f6a78cf30 WorkerThread "GC Thread#3"                     [id=3168, stack(0x000000582a400000,0x000000582a500000) (1024K)]
  0x0000018f4a8fbfa0 ConcurrentGCThread "G1 Main Marker"            [id=10420, stack(0x0000005829000000,0x0000005829100000) (1024K)]
  0x0000018f4a8fd250 WorkerThread "G1 Conc#0"                       [id=6372, stack(0x0000005829100000,0x0000005829200000) (1024K)]
  0x0000018f4a956ee0 ConcurrentGCThread "G1 Refine#0"               [id=4428, stack(0x0000005829200000,0x0000005829300000) (1024K)]
  0x0000018f4a957a60 ConcurrentGCThread "G1 Service"                [id=2388, stack(0x0000005829300000,0x0000005829400000) (1024K)]
Total: 10

Threads with active compile tasks:
C2 CompilerThread0    11297 5219       4       jdk.internal.org.objectweb.asm.MethodWriter::computeAllFrames (510 bytes)
Total: 1

VM state: not at safepoint (normal execution)

VM Mutex/Monitor currently owned by a thread: None

Heap address: 0x00000000c1600000, size: 1002 MB, Compressed Oops mode: 32-bit

CDS archive(s) mapped at: [0x0000018f00000000-0x0000018f00c90000-0x0000018f00c90000), size 13172736, SharedBaseAddress: 0x0000018f00000000, ArchiveRelocationMode: 1.
Compressed class space mapped at: 0x0000018f01000000-0x0000018f41000000, reserved size: 1073741824
Narrow klass base: 0x0000018f00000000, Narrow klass shift: 0, Narrow klass range: 0x100000000

GC Precious Log:
 CardTable entry size: 512
 Card Set container configuration: InlinePtr #cards 5 size 8 Array Of Cards #cards 12 size 40 Howl #buckets 4 coarsen threshold 1843 Howl Bitmap #cards 512 size 80 coarsen threshold 460 Card regions per heap region 1 cards per card region 2048
 CPUs: 4 total, 4 available
 Memory: 4001M
 Large Page Support: Disabled
 NUMA Support: Disabled
 Compressed Oops: Enabled (32-bit)
 Heap Region Size: 1M
 Heap Min Capacity: 8M
 Heap Initial Capacity: 64M
 Heap Max Capacity: 1002M
 Pre-touch: Disabled
 Parallel Workers: 4
 Concurrent Workers: 1
 Concurrent Refinement Workers: 4
 Periodic GC: Disabled

Heap:
 garbage-first heap   total 73728K, used 40774K [0x00000000c1600000, 0x0000000100000000)
  region size 1024K, 15 young (15360K), 3 survivors (3072K)
 Metaspace       used 61950K, committed 62528K, reserved 1114112K
  class space    used 8471K, committed 8768K, reserved 1048576K

Heap Regions: E=young(eden), S=young(survivor), O=old, HS=humongous(starts), HC=humongous(continues), CS=collection set, F=free, TAMS=top-at-mark-start, PB=parsable bottom
|   0|0x00000000c1600000, 0x00000000c1700000, 0x00000000c1700000|100%|HS|  |TAMS 0x00000000c1600000| PB 0x00000000c1600000| Complete 
|   1|0x00000000c1700000, 0x00000000c1800000, 0x00000000c1800000|100%|HS|  |TAMS 0x00000000c1700000| PB 0x00000000c1700000| Complete 
|   2|0x00000000c1800000, 0x00000000c1900000, 0x00000000c1900000|100%| O|  |TAMS 0x00000000c1800000| PB 0x00000000c1800000| Untracked 
|   3|0x00000000c1900000, 0x00000000c1a00000, 0x00000000c1a00000|100%| O|  |TAMS 0x00000000c1900000| PB 0x00000000c1900000| Untracked 
|   4|0x00000000c1a00000, 0x00000000c1b00000, 0x00000000c1b00000|100%| O|  |TAMS 0x00000000c1a00000| PB 0x00000000c1a00000| Untracked 
|   5|0x00000000c1b00000, 0x00000000c1c00000, 0x00000000c1c00000|100%| O|  |TAMS 0x00000000c1b00000| PB 0x00000000c1b00000| Untracked 
|   6|0x00000000c1c00000, 0x00000000c1d00000, 0x00000000c1d00000|100%| O|  |TAMS 0x00000000c1c00000| PB 0x00000000c1c00000| Untracked 
|   7|0x00000000c1d00000, 0x00000000c1e00000, 0x00000000c1e00000|100%| O|  |TAMS 0x00000000c1d00000| PB 0x00000000c1d00000| Untracked 
|   8|0x00000000c1e00000, 0x00000000c1f00000, 0x00000000c1f00000|100%| O|  |TAMS 0x00000000c1e00000| PB 0x00000000c1e00000| Untracked 
|   9|0x00000000c1f00000, 0x00000000c2000000, 0x00000000c2000000|100%| O|  |TAMS 0x00000000c1f00000| PB 0x00000000c1f00000| Untracked 
|  10|0x00000000c2000000, 0x00000000c2100000, 0x00000000c2100000|100%| O|  |TAMS 0x00000000c2000000| PB 0x00000000c2000000| Untracked 
|  11|0x00000000c2100000, 0x00000000c2200000, 0x00000000c2200000|100%| O|  |TAMS 0x00000000c2100000| PB 0x00000000c2100000| Untracked 
|  12|0x00000000c2200000, 0x00000000c2300000, 0x00000000c2300000|100%| O|  |TAMS 0x00000000c2200000| PB 0x00000000c2200000| Untracked 
|  13|0x00000000c2300000, 0x00000000c23dbf00, 0x00000000c2400000| 85%| O|  |TAMS 0x00000000c2300000| PB 0x00000000c2300000| Untracked 
|  14|0x00000000c2400000, 0x00000000c2500000, 0x00000000c2500000|100%| O|  |TAMS 0x00000000c2400000| PB 0x00000000c2400000| Untracked 
|  15|0x00000000c2500000, 0x00000000c2600000, 0x00000000c2600000|100%| O|  |TAMS 0x00000000c2500000| PB 0x00000000c2500000| Untracked 
|  16|0x00000000c2600000, 0x00000000c2700000, 0x00000000c2700000|100%| O|  |TAMS 0x00000000c2600000| PB 0x00000000c2600000| Untracked 
|  17|0x00000000c2700000, 0x00000000c2800000, 0x00000000c2800000|100%| O|  |TAMS 0x00000000c2700000| PB 0x00000000c2700000| Untracked 
|  18|0x00000000c2800000, 0x00000000c2900000, 0x00000000c2900000|100%| O|  |TAMS 0x00000000c2800000| PB 0x00000000c2800000| Untracked 
|  19|0x00000000c2900000, 0x00000000c2a00000, 0x00000000c2a00000|100%| O|Cm|TAMS 0x00000000c2900000| PB 0x00000000c2900000| Complete 
|  20|0x00000000c2a00000, 0x00000000c2b00000, 0x00000000c2b00000|100%| O|  |TAMS 0x00000000c2a00000| PB 0x00000000c2a00000| Untracked 
|  21|0x00000000c2b00000, 0x00000000c2c00000, 0x00000000c2c00000|100%| O|  |TAMS 0x00000000c2b00000| PB 0x00000000c2b00000| Untracked 
|  22|0x00000000c2c00000, 0x00000000c2d00000, 0x00000000c2d00000|100%| O|  |TAMS 0x00000000c2c00000| PB 0x00000000c2c00000| Untracked 
|  23|0x00000000c2d00000, 0x00000000c2e00000, 0x00000000c2e00000|100%| O|  |TAMS 0x00000000c2d00000| PB 0x00000000c2d00000| Untracked 
|  24|0x00000000c2e00000, 0x00000000c2f00000, 0x00000000c2f00000|100%| O|  |TAMS 0x00000000c2e00000| PB 0x00000000c2e00000| Untracked 
|  25|0x00000000c2f00000, 0x00000000c3000000, 0x00000000c3000000|100%| O|  |TAMS 0x00000000c2f00000| PB 0x00000000c2f00000| Untracked 
|  26|0x00000000c3000000, 0x00000000c3000000, 0x00000000c3100000|  0%| F|  |TAMS 0x00000000c3000000| PB 0x00000000c3000000| Untracked 
|  27|0x00000000c3100000, 0x00000000c3100000, 0x00000000c3200000|  0%| F|  |TAMS 0x00000000c3100000| PB 0x00000000c3100000| Untracked 
|  28|0x00000000c3200000, 0x00000000c3200000, 0x00000000c3300000|  0%| F|  |TAMS 0x00000000c3200000| PB 0x00000000c3200000| Untracked 
|  29|0x00000000c3300000, 0x00000000c3300000, 0x00000000c3400000|  0%| F|  |TAMS 0x00000000c3300000| PB 0x00000000c3300000| Untracked 
|  30|0x00000000c3400000, 0x00000000c3400000, 0x00000000c3500000|  0%| F|  |TAMS 0x00000000c3400000| PB 0x00000000c3400000| Untracked 
|  31|0x00000000c3500000, 0x00000000c3500000, 0x00000000c3600000|  0%| F|  |TAMS 0x00000000c3500000| PB 0x00000000c3500000| Untracked 
|  32|0x00000000c3600000, 0x00000000c3600000, 0x00000000c3700000|  0%| F|  |TAMS 0x00000000c3600000| PB 0x00000000c3600000| Untracked 
|  33|0x00000000c3700000, 0x00000000c3700000, 0x00000000c3800000|  0%| F|  |TAMS 0x00000000c3700000| PB 0x00000000c3700000| Untracked 
|  34|0x00000000c3800000, 0x00000000c3800000, 0x00000000c3900000|  0%| F|  |TAMS 0x00000000c3800000| PB 0x00000000c3800000| Untracked 
|  35|0x00000000c3900000, 0x00000000c3900000, 0x00000000c3a00000|  0%| F|  |TAMS 0x00000000c3900000| PB 0x00000000c3900000| Untracked 
|  36|0x00000000c3a00000, 0x00000000c3a00000, 0x00000000c3b00000|  0%| F|  |TAMS 0x00000000c3a00000| PB 0x00000000c3a00000| Untracked 
|  37|0x00000000c3b00000, 0x00000000c3b00000, 0x00000000c3c00000|  0%| F|  |TAMS 0x00000000c3b00000| PB 0x00000000c3b00000| Untracked 
|  38|0x00000000c3c00000, 0x00000000c3c00000, 0x00000000c3d00000|  0%| F|  |TAMS 0x00000000c3c00000| PB 0x00000000c3c00000| Untracked 
|  39|0x00000000c3d00000, 0x00000000c3d00000, 0x00000000c3e00000|  0%| F|  |TAMS 0x00000000c3d00000| PB 0x00000000c3d00000| Untracked 
|  40|0x00000000c3e00000, 0x00000000c3e00000, 0x00000000c3f00000|  0%| F|  |TAMS 0x00000000c3e00000| PB 0x00000000c3e00000| Untracked 
|  41|0x00000000c3f00000, 0x00000000c3f00000, 0x00000000c4000000|  0%| F|  |TAMS 0x00000000c3f00000| PB 0x00000000c3f00000| Untracked 
|  42|0x00000000c4000000, 0x00000000c4000000, 0x00000000c4100000|  0%| F|  |TAMS 0x00000000c4000000| PB 0x00000000c4000000| Untracked 
|  43|0x00000000c4100000, 0x00000000c4100000, 0x00000000c4200000|  0%| F|  |TAMS 0x00000000c4100000| PB 0x00000000c4100000| Untracked 
|  44|0x00000000c4200000, 0x00000000c4200000, 0x00000000c4300000|  0%| F|  |TAMS 0x00000000c4200000| PB 0x00000000c4200000| Untracked 
|  45|0x00000000c4300000, 0x00000000c4300000, 0x00000000c4400000|  0%| F|  |TAMS 0x00000000c4300000| PB 0x00000000c4300000| Untracked 
|  46|0x00000000c4400000, 0x00000000c4400000, 0x00000000c4500000|  0%| F|  |TAMS 0x00000000c4400000| PB 0x00000000c4400000| Untracked 
|  47|0x00000000c4500000, 0x00000000c4500000, 0x00000000c4600000|  0%| F|  |TAMS 0x00000000c4500000| PB 0x00000000c4500000| Untracked 
|  48|0x00000000c4600000, 0x00000000c4600000, 0x00000000c4700000|  0%| F|  |TAMS 0x00000000c4600000| PB 0x00000000c4600000| Untracked 
|  49|0x00000000c4700000, 0x00000000c4700000, 0x00000000c4800000|  0%| F|  |TAMS 0x00000000c4700000| PB 0x00000000c4700000| Untracked 
|  50|0x00000000c4800000, 0x00000000c4800000, 0x00000000c4900000|  0%| F|  |TAMS 0x00000000c4800000| PB 0x00000000c4800000| Untracked 
|  51|0x00000000c4900000, 0x00000000c4900000, 0x00000000c4a00000|  0%| F|  |TAMS 0x00000000c4900000| PB 0x00000000c4900000| Untracked 
|  52|0x00000000c4a00000, 0x00000000c4a00000, 0x00000000c4b00000|  0%| F|  |TAMS 0x00000000c4a00000| PB 0x00000000c4a00000| Untracked 
|  53|0x00000000c4b00000, 0x00000000c4b00000, 0x00000000c4c00000|  0%| F|  |TAMS 0x00000000c4b00000| PB 0x00000000c4b00000| Untracked 
|  54|0x00000000c4c00000, 0x00000000c4c00000, 0x00000000c4d00000|  0%| F|  |TAMS 0x00000000c4c00000| PB 0x00000000c4c00000| Untracked 
|  55|0x00000000c4d00000, 0x00000000c4d00000, 0x00000000c4e00000|  0%| F|  |TAMS 0x00000000c4d00000| PB 0x00000000c4d00000| Untracked 
|  56|0x00000000c4e00000, 0x00000000c4e00000, 0x00000000c4f00000|  0%| F|  |TAMS 0x00000000c4e00000| PB 0x00000000c4e00000| Untracked 
|  57|0x00000000c4f00000, 0x00000000c4f80000, 0x00000000c5000000| 50%| E|  |TAMS 0x00000000c4f00000| PB 0x00000000c4f00000| Complete 
|  58|0x00000000c5000000, 0x00000000c5100000, 0x00000000c5100000|100%| E|CS|TAMS 0x00000000c5000000| PB 0x00000000c5000000| Complete 
|  59|0x00000000c5100000, 0x00000000c5200000, 0x00000000c5200000|100%| E|CS|TAMS 0x00000000c5100000| PB 0x00000000c5100000| Complete 
|  60|0x00000000c5200000, 0x00000000c5300000, 0x00000000c5300000|100%| E|CS|TAMS 0x00000000c5200000| PB 0x00000000c5200000| Complete 
|  61|0x00000000c5300000, 0x00000000c53f5a60, 0x00000000c5400000| 95%| S|CS|TAMS 0x00000000c5300000| PB 0x00000000c5300000| Complete 
|  62|0x00000000c5400000, 0x00000000c5500000, 0x00000000c5500000|100%| S|CS|TAMS 0x00000000c5400000| PB 0x00000000c5400000| Complete 
|  63|0x00000000c5500000, 0x00000000c5600000, 0x00000000c5600000|100%| S|CS|TAMS 0x00000000c5500000| PB 0x00000000c5500000| Complete 
|  64|0x00000000c5600000, 0x00000000c5700000, 0x00000000c5700000|100%| E|CS|TAMS 0x00000000c5600000| PB 0x00000000c5600000| Complete 
|  65|0x00000000c5700000, 0x00000000c5800000, 0x00000000c5800000|100%| E|CS|TAMS 0x00000000c5700000| PB 0x00000000c5700000| Complete 
|  66|0x00000000c5800000, 0x00000000c5900000, 0x00000000c5900000|100%| E|CS|TAMS 0x00000000c5800000| PB 0x00000000c5800000| Complete 
|  67|0x00000000c5900000, 0x00000000c5a00000, 0x00000000c5a00000|100%| E|CS|TAMS 0x00000000c5900000| PB 0x00000000c5900000| Complete 
|  68|0x00000000c5a00000, 0x00000000c5b00000, 0x00000000c5b00000|100%| E|CS|TAMS 0x00000000c5a00000| PB 0x00000000c5a00000| Complete 
|  69|0x00000000c5b00000, 0x00000000c5c00000, 0x00000000c5c00000|100%| E|CS|TAMS 0x00000000c5b00000| PB 0x00000000c5b00000| Complete 
|  70|0x00000000c5c00000, 0x00000000c5d00000, 0x00000000c5d00000|100%| E|CS|TAMS 0x00000000c5c00000| PB 0x00000000c5c00000| Complete 
|  71|0x00000000c5d00000, 0x00000000c5e00000, 0x00000000c5e00000|100%| E|CS|TAMS 0x00000000c5d00000| PB 0x00000000c5d00000| Complete 

Card table byte_map: [0x0000018f61f80000,0x0000018f62180000] _byte_map_base: 0x0000018f61975000

Marking Bits: (CMBitMap*) 0x0000018f4a8f27c0
 Bits: [0x0000018f62180000, 0x0000018f63128000)

Polling page: 0x0000018f4a090000

Metaspace:

Usage:
  Non-class:     52.23 MB used.
      Class:      8.27 MB used.
       Both:     60.51 MB used.

Virtual space:
  Non-class space:       64.00 MB reserved,      52.50 MB ( 82%) committed,  1 nodes.
      Class space:        1.00 GB reserved,       8.56 MB ( <1%) committed,  1 nodes.
             Both:        1.06 GB reserved,      61.06 MB (  6%) committed. 

Chunk freelists:
   Non-Class:  10.70 MB
       Class:  7.42 MB
        Both:  18.12 MB

MaxMetaspaceSize: unlimited
CompressedClassSpaceSize: 1.00 GB
Initial GC threshold: 21.00 MB
Current GC threshold: 98.56 MB
CDS: on
 - commit_granule_bytes: 65536.
 - commit_granule_words: 8192.
 - virtual_space_node_default_size: 8388608.
 - enlarge_chunks_in_place: 1.
 - use_allocation_guard: 0.


Internal statistics:

num_allocs_failed_limit: 9.
num_arena_births: 714.
num_arena_deaths: 0.
num_vsnodes_births: 2.
num_vsnodes_deaths: 0.
num_space_committed: 977.
num_space_uncommitted: 0.
num_chunks_returned_to_freelist: 9.
num_chunks_taken_from_freelist: 2972.
num_chunk_merges: 9.
num_chunk_splits: 2185.
num_chunks_enlarged: 1733.
num_inconsistent_stats: 0.

CodeHeap 'non-profiled nmethods': size=120000Kb used=2111Kb max_used=2246Kb free=117888Kb
 bounds [0x0000018f5a850000, 0x0000018f5aac0000, 0x0000018f61d80000]
CodeHeap 'profiled nmethods': size=120000Kb used=8651Kb max_used=9363Kb free=111348Kb
 bounds [0x0000018f52d80000, 0x0000018f536b0000, 0x0000018f5a2b0000]
CodeHeap 'non-nmethods': size=5760Kb used=1656Kb max_used=1661Kb free=4104Kb
 bounds [0x0000018f5a2b0000, 0x0000018f5a520000, 0x0000018f5a850000]
 total_blobs=5266 nmethods=4570 adapters=600
 compilation: enabled
              stopped_count=0, restarted_count=0
 full_count=0

Compilation events (20 events):
Event: 11.030 Thread 0x0000018f65592fb0 nmethod 5207 0x0000018f5367b010 code [0x0000018f5367b200, 0x0000018f5367b660]
Event: 11.038 Thread 0x0000018f65592fb0 5208       3       java.lang.invoke.MemberName::isGetter (8 bytes)
Event: 11.039 Thread 0x0000018f65592fb0 nmethod 5208 0x0000018f53446b90 code [0x0000018f53446d40, 0x0000018f53446f80]
Event: 11.050 Thread 0x0000018f6558afb0 5210       4       java.util.concurrent.CopyOnWriteArrayList::size (6 bytes)
Event: 11.051 Thread 0x0000018f6558afb0 nmethod 5210 0x0000018f5a98c710 code [0x0000018f5a98c8a0, 0x0000018f5a98c940]
Event: 11.053 Thread 0x0000018f65592fb0 5212       1       org.hibernate.engine.jdbc.env.internal.JdbcEnvironmentImpl::getDialect (5 bytes)
Event: 11.053 Thread 0x0000018f65592fb0 nmethod 5212 0x0000018f5a98c110 code [0x0000018f5a98c2a0, 0x0000018f5a98c368]
Event: 11.077 Thread 0x0000018f65592fb0 5215       3       java.util.concurrent.locks.ReentrantLock$Sync::isHeldExclusively (16 bytes)
Event: 11.077 Thread 0x0000018f65592fb0 nmethod 5215 0x0000018f5367ac10 code [0x0000018f5367adc0, 0x0000018f5367af58]
Event: 11.106 Thread 0x0000018f65592fb0 5216       3       java.lang.invoke.MemberName::getMethodOrFieldType (72 bytes)
Event: 11.107 Thread 0x0000018f65592fb0 nmethod 5216 0x0000018f52facd90 code [0x0000018f52fad0e0, 0x0000018f52fadec0]
Event: 11.107 Thread 0x0000018f65592fb0 5217       3       java.lang.invoke.LambdaFormEditor::addArgumentForm (121 bytes)
Event: 11.108 Thread 0x0000018f65592fb0 nmethod 5217 0x0000018f5334be10 code [0x0000018f5334c060, 0x0000018f5334c660]
Event: 11.116 Thread 0x0000018f6558afb0 5218       4       java.lang.invoke.TypeConvertingMethodAdapter::descriptorToName (36 bytes)
Event: 11.127 Thread 0x0000018f6558afb0 nmethod 5218 0x0000018f5a995090 code [0x0000018f5a995280, 0x0000018f5a995920]
Event: 11.127 Thread 0x0000018f6558afb0 5219       4       jdk.internal.org.objectweb.asm.MethodWriter::computeAllFrames (510 bytes)
Event: 11.217 Thread 0x0000018f65592fb0 5226       3       java.lang.invoke.MethodType::appendParameterTypes (10 bytes)
Event: 11.218 Thread 0x0000018f65592fb0 nmethod 5226 0x0000018f5367a610 code [0x0000018f5367a7c0, 0x0000018f5367a970]
Event: 11.246 Thread 0x0000018f65592fb0 5230       3       java.util.AbstractCollection::toArray (70 bytes)
Event: 11.246 Thread 0x0000018f65592fb0 nmethod 5230 0x0000018f533e4190 code [0x0000018f533e43e0, 0x0000018f533e4d98]

GC Heap History (20 events):
Event: 1.735 GC heap before
{Heap before GC invocations=2 (full 0):
 garbage-first heap   total 65536K, used 34106K [0x00000000c1600000, 0x0000000100000000)
  region size 1024K, 23 young (23552K), 2 survivors (2048K)
 Metaspace       used 9034K, committed 9280K, reserved 1114112K
  class space    used 1080K, committed 1216K, reserved 1048576K
}
Event: 1.741 GC heap after
{Heap after GC invocations=3 (full 0):
 garbage-first heap   total 65536K, used 14434K [0x00000000c1600000, 0x0000000100000000)
  region size 1024K, 2 young (2048K), 2 survivors (2048K)
 Metaspace       used 9034K, committed 9280K, reserved 1114112K
  class space    used 1080K, committed 1216K, reserved 1048576K
}
Event: 2.948 GC heap before
{Heap before GC invocations=3 (full 0):
 garbage-first heap   total 65536K, used 44130K [0x00000000c1600000, 0x0000000100000000)
  region size 1024K, 31 young (31744K), 2 survivors (2048K)
 Metaspace       used 16802K, committed 17152K, reserved 1114112K
  class space    used 2187K, committed 2368K, reserved 1048576K
}
Event: 2.956 GC heap after
{Heap after GC invocations=4 (full 0):
 garbage-first heap   total 65536K, used 16526K [0x00000000c1600000, 0x0000000100000000)
  region size 1024K, 4 young (4096K), 4 survivors (4096K)
 Metaspace       used 16802K, committed 17152K, reserved 1114112K
  class space    used 2187K, committed 2368K, reserved 1048576K
}
Event: 3.249 GC heap before
{Heap before GC invocations=4 (full 0):
 garbage-first heap   total 65536K, used 31886K [0x00000000c1600000, 0x0000000100000000)
  region size 1024K, 21 young (21504K), 4 survivors (4096K)
 Metaspace       used 21119K, committed 21504K, reserved 1114112K
  class space    used 2689K, committed 2880K, reserved 1048576K
}
Event: 3.256 GC heap after
{Heap after GC invocations=5 (full 0):
 garbage-first heap   total 65536K, used 17263K [0x00000000c1600000, 0x0000000100000000)
  region size 1024K, 3 young (3072K), 3 survivors (3072K)
 Metaspace       used 21119K, committed 21504K, reserved 1114112K
  class space    used 2689K, committed 2880K, reserved 1048576K
}
Event: 4.611 GC heap before
{Heap before GC invocations=6 (full 0):
 garbage-first heap   total 61440K, used 50031K [0x00000000c1600000, 0x0000000100000000)
  region size 1024K, 35 young (35840K), 3 survivors (3072K)
 Metaspace       used 25674K, committed 26048K, reserved 1114112K
  class space    used 3296K, committed 3456K, reserved 1048576K
}
Event: 4.623 GC heap after
{Heap after GC invocations=7 (full 0):
 garbage-first heap   total 61440K, used 20595K [0x00000000c1600000, 0x0000000100000000)
  region size 1024K, 4 young (4096K), 4 survivors (4096K)
 Metaspace       used 25674K, committed 26048K, reserved 1114112K
  class space    used 3296K, committed 3456K, reserved 1048576K
}
Event: 6.417 GC heap before
{Heap before GC invocations=7 (full 0):
 garbage-first heap   total 61440K, used 47219K [0x00000000c1600000, 0x0000000100000000)
  region size 1024K, 31 young (31744K), 4 survivors (4096K)
 Metaspace       used 29090K, committed 29568K, reserved 1114112K
  class space    used 3733K, committed 3968K, reserved 1048576K
}
Event: 6.437 GC heap after
{Heap after GC invocations=8 (full 0):
 garbage-first heap   total 61440K, used 22867K [0x00000000c1600000, 0x0000000100000000)
  region size 1024K, 3 young (3072K), 3 survivors (3072K)
 Metaspace       used 29090K, committed 29568K, reserved 1114112K
  class space    used 3733K, committed 3968K, reserved 1048576K
}
Event: 7.423 GC heap before
{Heap before GC invocations=8 (full 0):
 garbage-first heap   total 61440K, used 45395K [0x00000000c1600000, 0x0000000100000000)
  region size 1024K, 27 young (27648K), 3 survivors (3072K)
 Metaspace       used 35659K, committed 36096K, reserved 1114112K
  class space    used 4530K, committed 4736K, reserved 1048576K
}
Event: 7.437 GC heap after
{Heap after GC invocations=9 (full 0):
 garbage-first heap   total 61440K, used 25584K [0x00000000c1600000, 0x0000000100000000)
  region size 1024K, 3 young (3072K), 3 survivors (3072K)
 Metaspace       used 35659K, committed 36096K, reserved 1114112K
  class space    used 4530K, committed 4736K, reserved 1048576K
}
Event: 8.582 GC heap before
{Heap before GC invocations=10 (full 0):
 garbage-first heap   total 61440K, used 49136K [0x00000000c1600000, 0x0000000100000000)
  region size 1024K, 27 young (27648K), 3 survivors (3072K)
 Metaspace       used 41897K, committed 42368K, reserved 1114112K
  class space    used 5538K, committed 5760K, reserved 1048576K
}
Event: 8.589 GC heap after
{Heap after GC invocations=11 (full 0):
 garbage-first heap   total 61440K, used 26894K [0x00000000c1600000, 0x0000000100000000)
  region size 1024K, 2 young (2048K), 2 survivors (2048K)
 Metaspace       used 41897K, committed 42368K, reserved 1114112K
  class space    used 5538K, committed 5760K, reserved 1048576K
}
Event: 9.497 GC heap before
{Heap before GC invocations=11 (full 0):
 garbage-first heap   total 61440K, used 51470K [0x00000000c1600000, 0x0000000100000000)
  region size 1024K, 27 young (27648K), 2 survivors (2048K)
 Metaspace       used 49582K, committed 50112K, reserved 1114112K
  class space    used 6548K, committed 6784K, reserved 1048576K
}
Event: 9.507 GC heap after
{Heap after GC invocations=12 (full 0):
 garbage-first heap   total 61440K, used 28295K [0x00000000c1600000, 0x0000000100000000)
  region size 1024K, 3 young (3072K), 3 survivors (3072K)
 Metaspace       used 49582K, committed 50112K, reserved 1114112K
  class space    used 6548K, committed 6784K, reserved 1048576K
}
Event: 10.286 GC heap before
{Heap before GC invocations=12 (full 0):
 garbage-first heap   total 61440K, used 51847K [0x00000000c1600000, 0x0000000100000000)
  region size 1024K, 27 young (27648K), 3 survivors (3072K)
 Metaspace       used 57920K, committed 58496K, reserved 1114112K
  class space    used 7721K, committed 8000K, reserved 1048576K
}
Event: 10.298 GC heap after
{Heap after GC invocations=13 (full 0):
 garbage-first heap   total 73728K, used 29531K [0x00000000c1600000, 0x0000000100000000)
  region size 1024K, 3 young (3072K), 3 survivors (3072K)
 Metaspace       used 57920K, committed 58496K, reserved 1114112K
  class space    used 7721K, committed 8000K, reserved 1048576K
}
Event: 10.656 GC heap before
{Heap before GC invocations=13 (full 0):
 garbage-first heap   total 73728K, used 36699K [0x00000000c1600000, 0x0000000100000000)
  region size 1024K, 11 young (11264K), 3 survivors (3072K)
 Metaspace       used 59801K, committed 60288K, reserved 1114112K
  class space    used 8088K, committed 8320K, reserved 1048576K
}
Event: 10.666 GC heap after
{Heap after GC invocations=14 (full 0):
 garbage-first heap   total 73728K, used 29510K [0x00000000c1600000, 0x0000000100000000)
  region size 1024K, 3 young (3072K), 3 survivors (3072K)
 Metaspace       used 59801K, committed 60288K, reserved 1114112K
  class space    used 8088K, committed 8320K, reserved 1048576K
}

Dll operation events (10 events):
Event: 0.007 Loaded shared library C:\Program Files\Java\jdk-21.0.11\bin\java.dll
Event: 0.053 Loaded shared library C:\Program Files\Java\jdk-21.0.11\bin\jsvml.dll
Event: 0.097 Loaded shared library C:\Program Files\Java\jdk-21.0.11\bin\net.dll
Event: 0.099 Loaded shared library C:\Program Files\Java\jdk-21.0.11\bin\nio.dll
Event: 0.102 Loaded shared library C:\Program Files\Java\jdk-21.0.11\bin\zip.dll
Event: 0.180 Loaded shared library C:\Program Files\Java\jdk-21.0.11\bin\management.dll
Event: 0.187 Loaded shared library C:\Program Files\Java\jdk-21.0.11\bin\management_ext.dll
Event: 0.213 Loaded shared library C:\Program Files\Java\jdk-21.0.11\bin\jimage.dll
Event: 3.731 Loaded shared library C:\Program Files\Java\jdk-21.0.11\bin\sunmscapi.dll
Event: 8.151 Loaded shared library C:\Program Files\Java\jdk-21.0.11\bin\verify.dll

Deoptimization events (20 events):
Event: 8.719 Thread 0x0000018f4a8bd700 Uncommon trap: trap_request=0xffffffde fr.pc=0x0000018f5a980274 relative=0x0000000000000df4
Event: 8.719 Thread 0x0000018f4a8bd700 Uncommon trap: reason=class_check action=maybe_recompile pc=0x0000018f5a980274 method=java.util.concurrent.ConcurrentHashMap.putVal(Ljava/lang/Object;Ljava/lang/Object;Z)Ljava/lang/Object; @ 159 c2
Event: 8.719 Thread 0x0000018f4a8bd700 DEOPT PACKING pc=0x0000018f5a980274 sp=0x0000005828efb410
Event: 8.719 Thread 0x0000018f4a8bd700 DEOPT UNPACKING pc=0x0000018f5a3046a2 sp=0x0000005828efb390 mode 2
Event: 8.980 Thread 0x0000018f4a8bd700 Uncommon trap: trap_request=0xffffff45 fr.pc=0x0000018f5aa26dac relative=0x000000000000008c
Event: 8.980 Thread 0x0000018f4a8bd700 Uncommon trap: reason=unstable_if action=reinterpret pc=0x0000018f5aa26dac method=jdk.internal.misc.Unsafe.convEndian(ZI)I @ 4 c2
Event: 8.980 Thread 0x0000018f4a8bd700 DEOPT PACKING pc=0x0000018f5aa26dac sp=0x0000005828efa450
Event: 8.980 Thread 0x0000018f4a8bd700 DEOPT UNPACKING pc=0x0000018f5a3046a2 sp=0x0000005828efa358 mode 2
Event: 9.049 Thread 0x0000018f4a8bd700 Uncommon trap: trap_request=0xffffff45 fr.pc=0x0000018f5a9891d8 relative=0x00000000000000b8
Event: 9.049 Thread 0x0000018f4a8bd700 Uncommon trap: reason=unstable_if action=reinterpret pc=0x0000018f5a9891d8 method=java.lang.Integer.stringSize(I)I @ 3 c2
Event: 9.049 Thread 0x0000018f4a8bd700 DEOPT PACKING pc=0x0000018f5a9891d8 sp=0x0000005828efa950
Event: 9.049 Thread 0x0000018f4a8bd700 DEOPT UNPACKING pc=0x0000018f5a3046a2 sp=0x0000005828efa8d8 mode 2
Event: 9.921 Thread 0x0000018f4a8bd700 Uncommon trap: trap_request=0xffffff45 fr.pc=0x0000018f5a978484 relative=0x0000000000000064
Event: 9.921 Thread 0x0000018f4a8bd700 Uncommon trap: reason=unstable_if action=reinterpret pc=0x0000018f5a978484 method=java.lang.StringConcatHelper.stringOf(Ljava/lang/Object;)Ljava/lang/String; @ 1 c2
Event: 9.921 Thread 0x0000018f4a8bd700 DEOPT PACKING pc=0x0000018f5a978484 sp=0x0000005828efb400
Event: 9.921 Thread 0x0000018f4a8bd700 DEOPT UNPACKING pc=0x0000018f5a3046a2 sp=0x0000005828efb390 mode 2
Event: 11.005 Thread 0x0000018f4a8bd700 Uncommon trap: trap_request=0xffffff45 fr.pc=0x0000018f5aa57cb8 relative=0x00000000000003f8
Event: 11.005 Thread 0x0000018f4a8bd700 Uncommon trap: reason=unstable_if action=reinterpret pc=0x0000018f5aa57cb8 method=java.lang.invoke.MemberName.getMethodOrFieldType()Ljava/lang/invoke/MethodType; @ 16 c2
Event: 11.005 Thread 0x0000018f4a8bd700 DEOPT PACKING pc=0x0000018f5aa57cb8 sp=0x0000005828efa830
Event: 11.005 Thread 0x0000018f4a8bd700 DEOPT UNPACKING pc=0x0000018f5a3046a2 sp=0x0000005828efa7f8 mode 2

Classes loaded (20 events):
Event: 9.818 Loading class javax/naming/StringRefAddr
Event: 9.818 Loading class javax/naming/StringRefAddr done
Event: 9.858 Loading class java/util/concurrent/CompletableFuture$AltResult
Event: 9.859 Loading class java/util/concurrent/CompletableFuture$AltResult done
Event: 9.862 Loading class java/util/concurrent/CompletableFuture$Completion
Event: 9.862 Loading class java/util/concurrent/CompletableFuture$AsynchronousCompletionTask
Event: 9.862 Loading class java/util/concurrent/CompletableFuture$AsynchronousCompletionTask done
Event: 9.862 Loading class java/util/concurrent/CompletableFuture$Completion done
Event: 10.426 Loading class java/util/AbstractList$SubList
Event: 10.427 Loading class java/util/AbstractList$SubList done
Event: 10.552 Loading class java/lang/reflect/AnnotatedArrayType
Event: 10.552 Loading class java/lang/reflect/AnnotatedArrayType done
Event: 10.644 Loading class java/lang/foreign/ValueLayout
Event: 10.645 Loading class java/lang/foreign/MemoryLayout
Event: 10.645 Loading class java/lang/foreign/MemoryLayout done
Event: 10.645 Loading class java/lang/foreign/ValueLayout done
Event: 10.667 Loading class jdk/internal/org/objectweb/asm/ClassReader
Event: 10.669 Loading class jdk/internal/org/objectweb/asm/ClassReader done
Event: 10.914 Loading class java/lang/reflect/AnnotatedParameterizedType
Event: 10.914 Loading class java/lang/reflect/AnnotatedParameterizedType done

Classes unloaded (0 events):
No events

Classes redefined (0 events):
No events

Internal exceptions (20 events):
Event: 8.845 Thread 0x0000018f4a8bd700 Exception <a 'java/lang/NoSuchMethodError'{0x00000000c4a14798}: 'java.lang.Object java.lang.invoke.DirectMethodHandle$Holder.newInvokeSpecial(java.lang.Object, java.lang.Object, java.lang.Object, int)'> (0x00000000c4a14798) 
thrown [s\open\src\hotspot\share\interpreter\linkResolver.cpp, line 773]
Event: 8.846 Thread 0x0000018f4a8bd700 Exception <a 'java/lang/NoSuchMethodError'{0x00000000c4a18d68}: 'java.lang.Object java.lang.invoke.DirectMethodHandle$Holder.invokeSpecial(java.lang.Object, java.lang.Object, java.lang.Object, java.lang.Object, int)'> (0x00000000c4a18d68) 
thrown [s\open\src\hotspot\share\interpreter\linkResolver.cpp, line 773]
Event: 8.846 Thread 0x0000018f4a8bd700 Exception <a 'java/lang/NoSuchMethodError'{0x00000000c4a1ca10}: 'java.lang.Object java.lang.invoke.Invokers$Holder.linkToTargetMethod(java.lang.Object, java.lang.Object, int, java.lang.Object)'> (0x00000000c4a1ca10) 
thrown [s\open\src\hotspot\share\interpreter\linkResolver.cpp, line 773]
Event: 9.341 Thread 0x0000018f4a8bd700 Exception <a 'java/lang/NoSuchMethodError'{0x00000000c3cf0a38}: 'void java.lang.invoke.Invokers$Holder.invoke_MT(java.lang.Object, java.lang.Object)'> (0x00000000c3cf0a38) 
thrown [s\open\src\hotspot\share\interpreter\linkResolver.cpp, line 773]
Event: 9.620 Thread 0x0000018f4a8bd700 Exception <a 'java/lang/NoSuchMethodError'{0x00000000c4fe1e48}: 'void java.lang.invoke.DirectMethodHandle$Holder.invokeStatic(java.lang.Object, java.lang.Object, java.lang.Object, int)'> (0x00000000c4fe1e48) 
thrown [s\open\src\hotspot\share\interpreter\linkResolver.cpp, line 773]
Event: 9.621 Thread 0x0000018f4a8bd700 Exception <a 'java/lang/NoSuchMethodError'{0x00000000c4ff02f8}: 'java.lang.Object java.lang.invoke.DirectMethodHandle$Holder.newInvokeSpecial(java.lang.Object, java.lang.Object, int, java.lang.Object)'> (0x00000000c4ff02f8) 
thrown [s\open\src\hotspot\share\interpreter\linkResolver.cpp, line 773]
Event: 9.921 Thread 0x0000018f4a8bd700 Implicit null exception at 0x0000018f5a97843a to 0x0000018f5a978474
Event: 9.946 Thread 0x0000018f4a8bd700 Exception <a 'java/lang/IncompatibleClassChangeError'{0x00000000c4362558}: Found class java.lang.Object, but interface was expected> (0x00000000c4362558) 
thrown [s\open\src\hotspot\share\interpreter\linkResolver.cpp, line 840]
Event: 9.971 Thread 0x0000018f4a8bd700 Exception <a 'java/lang/NoSuchMethodError'{0x00000000c4237390}: 'java.lang.Object java.lang.invoke.DirectMethodHandle$Holder.invokeStatic(java.lang.Object, java.lang.Object, int, java.lang.Object)'> (0x00000000c4237390) 
thrown [s\open\src\hotspot\share\interpreter\linkResolver.cpp, line 773]
Event: 9.971 Thread 0x0000018f4a8bd700 Exception <a 'java/lang/NoSuchMethodError'{0x00000000c423b3a8}: 'java.lang.Object java.lang.invoke.DirectMethodHandle$Holder.invokeStaticInit(java.lang.Object, java.lang.Object, int, java.lang.Object)'> (0x00000000c423b3a8) 
thrown [s\open\src\hotspot\share\interpreter\linkResolver.cpp, line 773]
Event: 10.986 Thread 0x0000018f4a8bd700 Exception <a 'java/lang/NoSuchMethodError'{0x00000000c58d3da8}: 'void java.lang.invoke.DirectMethodHandle$Holder.invokeStaticInit(java.lang.Object, int, java.lang.Object, java.lang.Object, java.lang.Object, java.lang.Object)'> (0x00000000c58d3da8) 
thrown [s\open\src\hotspot\share\interpreter\linkResolver.cpp, line 773]
Event: 11.047 Thread 0x0000018f4a8bd700 Exception <a 'java/lang/NoSuchMethodError'{0x00000000c57e78a0}: 'int java.lang.invoke.DirectMethodHandle$Holder.invokeStatic(java.lang.Object, java.lang.Object, java.lang.Object, java.lang.Object, java.lang.Object, java.lang.Object)'> (0x00000000c57e78a0) 
thrown [s\open\src\hotspot\share\interpreter\linkResolver.cpp, line 773]
Event: 11.068 Thread 0x0000018f4a8bd700 Exception <a 'java/lang/NoSuchMethodError'{0x00000000c5651be0}: 'void java.lang.invoke.DirectMethodHandle$Holder.invokeStatic(java.lang.Object, java.lang.Object, java.lang.Object, int, java.lang.Object)'> (0x00000000c5651be0) 
thrown [s\open\src\hotspot\share\interpreter\linkResolver.cpp, line 773]
Event: 11.069 Thread 0x0000018f4a8bd700 Exception <a 'java/lang/NoSuchMethodError'{0x00000000c565e020}: 'void java.lang.invoke.DirectMethodHandle$Holder.invokeInterface(java.lang.Object, java.lang.Object, int, java.lang.Object)'> (0x00000000c565e020) 
thrown [s\open\src\hotspot\share\interpreter\linkResolver.cpp, line 773]
Event: 11.122 Thread 0x0000018f4a8bd700 Exception <a 'java/lang/NoSuchMethodError'{0x00000000c524c2e0}: 'void java.lang.invoke.DirectMethodHandle$Holder.invokeSpecial(java.lang.Object, java.lang.Object, java.lang.Object, java.lang.Object, java.lang.Object, java.lang.Object, java.lang.Object, java.lang.Object)'> (0x00000000c524c2e0) 
thrown [s\open\src\hotspot\share\interpreter\linkResolver.cpp, line 773]
Event: 11.136 Thread 0x0000018f4a8bd700 Exception <a 'java/lang/NoSuchMethodError'{0x00000000c52863f8}: 'void java.lang.invoke.DirectMethodHandle$Holder.invokeSpecial(java.lang.Object, java.lang.Object, int, java.lang.Object)'> (0x00000000c52863f8) 
thrown [s\open\src\hotspot\share\interpreter\linkResolver.cpp, line 773]
Event: 11.137 Thread 0x0000018f4a8bd700 Exception <a 'java/lang/NoSuchMethodError'{0x00000000c528eb60}: 'void java.lang.invoke.DirectMethodHandle$Holder.invokeStatic(java.lang.Object, java.lang.Object, java.lang.Object, java.lang.Object, int, java.lang.Object)'> (0x00000000c528eb60) 
thrown [s\open\src\hotspot\share\interpreter\linkResolver.cpp, line 773]
Event: 11.212 Thread 0x0000018f4a8bd700 Exception <a 'java/lang/NoSuchMethodError'{0x00000000c51e2b10}: 'int java.lang.invoke.DirectMethodHandle$Holder.invokeStatic(java.lang.Object, int, java.lang.Object)'> (0x00000000c51e2b10) 
thrown [s\open\src\hotspot\share\interpreter\linkResolver.cpp, line 773]
Event: 11.217 Thread 0x0000018f4a8bd700 Exception <a 'java/lang/NoSuchMethodError'{0x00000000c5001158}: 'java.lang.Object java.lang.invoke.DirectMethodHandle$Holder.newInvokeSpecial(java.lang.Object, java.lang.Object, java.lang.Object, java.lang.Object, java.lang.Object, int, java.lang.Object)'> (0x00000000c5001158) 
thrown [s\open\src\hotspot\share\interpreter\linkResolver.cpp, line 773]
Event: 11.224 Thread 0x0000018f4a8bd700 Exception <a 'java/lang/NoSuchMethodError'{0x00000000c50325f8}: 'java.lang.Object java.lang.invoke.Invokers$Holder.linkToTargetMethod(java.lang.Object, java.lang.Object, java.lang.Object, java.lang.Object, java.lang.Object, java.lang.Object, java.lang.Object, java.lang.Object, java.lang.Object, java.lang.Object, java.lang.Object, java.lang.Object)'> (0x00000000c50325f8) 
thrown [s\open\src\hotspot\share\interpreter\linkResolver.cpp, line 773]

ZGC Phase Switch (0 events):
No events

VM Operations (20 events):
Event: 8.290 Executing VM operation: HandshakeAllThreads (Deoptimize)
Event: 8.290 Executing VM operation: HandshakeAllThreads (Deoptimize) done
Event: 8.582 Executing VM operation: G1CollectForAllocation (G1 Evacuation Pause)
Event: 8.589 Executing VM operation: G1CollectForAllocation (G1 Evacuation Pause) done
Event: 9.497 Executing VM operation: G1CollectForAllocation (G1 Evacuation Pause)
Event: 9.507 Executing VM operation: G1CollectForAllocation (G1 Evacuation Pause) done
Event: 9.697 Executing VM operation: HandshakeAllThreads (Deoptimize)
Event: 9.697 Executing VM operation: HandshakeAllThreads (Deoptimize) done
Event: 10.286 Executing VM operation: G1CollectForAllocation (G1 Evacuation Pause)
Event: 10.298 Executing VM operation: G1CollectForAllocation (G1 Evacuation Pause) done
Event: 10.342 Executing VM operation: HandshakeAllThreads (Deoptimize)
Event: 10.342 Executing VM operation: HandshakeAllThreads (Deoptimize) done
Event: 10.399 Executing VM operation: HandshakeAllThreads (Deoptimize)
Event: 10.399 Executing VM operation: HandshakeAllThreads (Deoptimize) done
Event: 10.656 Executing VM operation: CollectForMetadataAllocation (Metadata GC Threshold)
Event: 10.666 Executing VM operation: CollectForMetadataAllocation (Metadata GC Threshold) done
Event: 10.724 Executing VM operation: G1PauseRemark
Event: 10.736 Executing VM operation: G1PauseRemark done
Event: 10.761 Executing VM operation: G1PauseCleanup
Event: 10.762 Executing VM operation: G1PauseCleanup done

Events (20 events):
Event: 10.733 Thread 0x0000018f4a975670 flushing nmethod 0x0000018f533c0310
Event: 10.733 Thread 0x0000018f4a975670 flushing nmethod 0x0000018f533c5e10
Event: 10.733 Thread 0x0000018f4a975670 flushing nmethod 0x0000018f533ca390
Event: 10.733 Thread 0x0000018f4a975670 flushing nmethod 0x0000018f533d8510
Event: 10.733 Thread 0x0000018f4a975670 flushing nmethod 0x0000018f533e2190
Event: 10.733 Thread 0x0000018f4a975670 flushing nmethod 0x0000018f533e3c10
Event: 10.733 Thread 0x0000018f4a975670 flushing nmethod 0x0000018f533f1390
Event: 10.733 Thread 0x0000018f4a975670 flushing nmethod 0x0000018f533f4010
Event: 10.733 Thread 0x0000018f4a975670 flushing nmethod 0x0000018f533f6c10
Event: 10.733 Thread 0x0000018f4a975670 flushing nmethod 0x0000018f533f8310
Event: 10.733 Thread 0x0000018f4a975670 flushing nmethod 0x0000018f53435e90
Event: 10.733 Thread 0x0000018f4a975670 flushing nmethod 0x0000018f53438090
Event: 10.733 Thread 0x0000018f4a975670 flushing nmethod 0x0000018f5343a290
Event: 10.733 Thread 0x0000018f4a975670 flushing nmethod 0x0000018f53446b90
Event: 10.733 Thread 0x0000018f4a975670 flushing nmethod 0x0000018f53505910
Event: 10.733 Thread 0x0000018f4a975670 flushing nmethod 0x0000018f5350d510
Event: 10.733 Thread 0x0000018f4a975670 flushing nmethod 0x0000018f53564610
Event: 10.733 Thread 0x0000018f4a975670 flushing nmethod 0x0000018f5356bc90
Event: 10.733 Thread 0x0000018f4a975670 flushing nmethod 0x0000018f535b6b10
Event: 10.733 Thread 0x0000018f4a975670 flushing nmethod 0x0000018f5367a610


Dynamic libraries:
0x00007ff6b4c10000 - 0x00007ff6b4c20000 	C:\Program Files\Java\jdk-21.0.11\bin\java.exe
0x00007ffa38570000 - 0x00007ffa38769000 	C:\Windows\SYSTEM32\ntdll.dll
0x00007ffa36750000 - 0x00007ffa36812000 	C:\Windows\System32\KERNEL32.DLL
0x00007ffa36010000 - 0x00007ffa36307000 	C:\Windows\System32\KERNELBASE.dll
0x00007ffa36310000 - 0x00007ffa36410000 	C:\Windows\System32\ucrtbase.dll
0x00007ffa1be70000 - 0x00007ffa1be8e000 	C:\Program Files\Java\jdk-21.0.11\bin\VCRUNTIME140.dll
0x00007ffa1be90000 - 0x00007ffa1bea9000 	C:\Program Files\Java\jdk-21.0.11\bin\jli.dll
0x00007ffa38060000 - 0x00007ffa38111000 	C:\Windows\System32\ADVAPI32.dll
0x00007ffa36570000 - 0x00007ffa3660e000 	C:\Windows\System32\msvcrt.dll
0x00007ffa37b60000 - 0x00007ffa37bff000 	C:\Windows\System32\sechost.dll
0x00007ffa37cd0000 - 0x00007ffa37df6000 	C:\Windows\System32\RPCRT4.dll
0x00007ffa35cb0000 - 0x00007ffa35cd7000 	C:\Windows\System32\bcrypt.dll
0x00007ffa37e60000 - 0x00007ffa37ffd000 	C:\Windows\System32\USER32.dll
0x00007ffa35be0000 - 0x00007ffa35c02000 	C:\Windows\System32\win32u.dll
0x00007ffa37310000 - 0x00007ffa3733b000 	C:\Windows\System32\GDI32.dll
0x00007ffa35ce0000 - 0x00007ffa35dfa000 	C:\Windows\System32\gdi32full.dll
0x00007ffa35c10000 - 0x00007ffa35cad000 	C:\Windows\System32\msvcp_win.dll
0x00007ffa256a0000 - 0x00007ffa2593b000 	C:\Windows\WinSxS\amd64_microsoft.windows.common-controls_6595b64144ccf1df_6.0.19041.6926_none_60b5a53971f8f7e6\COMCTL32.dll
0x00007ffa2bc60000 - 0x00007ffa2bc6a000 	C:\Windows\SYSTEM32\VERSION.dll
0x00007ffa36820000 - 0x00007ffa3684f000 	C:\Windows\System32\IMM32.DLL
0x00007ffa1d200000 - 0x00007ffa1d20c000 	C:\Program Files\Java\jdk-21.0.11\bin\vcruntime140_1.dll
0x00007ffa1bd40000 - 0x00007ffa1bdcd000 	C:\Program Files\Java\jdk-21.0.11\bin\msvcp140.dll
0x00007ffa1b010000 - 0x00007ffa1bd38000 	C:\Program Files\Java\jdk-21.0.11\bin\server\jvm.dll
0x00007ffa37350000 - 0x00007ffa373bb000 	C:\Windows\System32\WS2_32.dll
0x00007ffa35140000 - 0x00007ffa3518b000 	C:\Windows\SYSTEM32\POWRPROF.dll
0x00007ffa24c50000 - 0x00007ffa24c77000 	C:\Windows\SYSTEM32\WINMM.dll
0x00007ffa34fe0000 - 0x00007ffa34ff2000 	C:\Windows\SYSTEM32\UMPDC.dll
0x00007ffa33a50000 - 0x00007ffa33a62000 	C:\Windows\SYSTEM32\kernel.appcore.dll
0x00007ffa1afc0000 - 0x00007ffa1afca000 	C:\Program Files\Java\jdk-21.0.11\bin\jimage.dll
0x00007ffa24d60000 - 0x00007ffa24f61000 	C:\Windows\SYSTEM32\DBGHELP.DLL
0x00007ffa21ec0000 - 0x00007ffa21ef4000 	C:\Windows\SYSTEM32\dbgcore.DLL
0x00007ffa36460000 - 0x00007ffa364e2000 	C:\Windows\System32\bcryptPrimitives.dll
0x00007ffa1ae60000 - 0x00007ffa1ae81000 	C:\Program Files\Java\jdk-21.0.11\bin\java.dll
0x00007ffa373e0000 - 0x00007ffa37b51000 	C:\Windows\System32\SHELL32.dll
0x00007ffa33c50000 - 0x00007ffa343f6000 	C:\Windows\SYSTEM32\windows.storage.dll
0x00007ffa381d0000 - 0x00007ffa38523000 	C:\Windows\System32\combase.dll
0x00007ffa35600000 - 0x00007ffa3562b000 	C:\Windows\SYSTEM32\Wldp.dll
0x00007ffa36670000 - 0x00007ffa36746000 	C:\Windows\System32\OLEAUT32.dll
0x00007ffa38120000 - 0x00007ffa381cd000 	C:\Windows\System32\SHCORE.dll
0x00007ffa36850000 - 0x00007ffa368ab000 	C:\Windows\System32\shlwapi.dll
0x00007ffa35b00000 - 0x00007ffa35b24000 	C:\Windows\SYSTEM32\profapi.dll
0x00007ffa1acf0000 - 0x00007ffa1adc7000 	C:\Program Files\Java\jdk-21.0.11\bin\jsvml.dll
0x00007ffa1acb0000 - 0x00007ffa1acc1000 	C:\Program Files\Java\jdk-21.0.11\bin\net.dll
0x00007ffa2ccf0000 - 0x00007ffa2cdfa000 	C:\Windows\SYSTEM32\WINHTTP.dll
0x00007ffa35330000 - 0x00007ffa3539a000 	C:\Windows\system32\mswsock.dll
0x00007ffa1ac90000 - 0x00007ffa1aca6000 	C:\Program Files\Java\jdk-21.0.11\bin\nio.dll
0x00007ffa1ac70000 - 0x00007ffa1ac88000 	C:\Program Files\Java\jdk-21.0.11\bin\zip.dll
0x00007ffa1abc0000 - 0x00007ffa1abca000 	C:\Program Files\Java\jdk-21.0.11\bin\management.dll
0x00007ffa1abb0000 - 0x00007ffa1abbc000 	C:\Program Files\Java\jdk-21.0.11\bin\management_ext.dll
0x00007ffa37c00000 - 0x00007ffa37c08000 	C:\Windows\System32\PSAPI.DLL
0x00007ffa1abd0000 - 0x00007ffa1abde000 	C:\Program Files\Java\jdk-21.0.11\bin\sunmscapi.dll
0x00007ffa35eb0000 - 0x00007ffa3600d000 	C:\Windows\System32\CRYPT32.dll
0x00007ffa35670000 - 0x00007ffa35697000 	C:\Windows\SYSTEM32\ncrypt.dll
0x00007ffa35630000 - 0x00007ffa3566b000 	C:\Windows\SYSTEM32\NTASN1.dll
0x00007ffa35560000 - 0x00007ffa35578000 	C:\Windows\SYSTEM32\CRYPTSP.dll
0x00007ffa34b80000 - 0x00007ffa34bb8000 	C:\Windows\system32\rsaenh.dll
0x00007ffa35ac0000 - 0x00007ffa35aee000 	C:\Windows\SYSTEM32\USERENV.dll
0x00007ffa35550000 - 0x00007ffa3555c000 	C:\Windows\SYSTEM32\CRYPTBASE.dll
0x00007ffa34fa0000 - 0x00007ffa34fdb000 	C:\Windows\SYSTEM32\IPHLPAPI.DLL
0x00007ffa37340000 - 0x00007ffa37348000 	C:\Windows\System32\NSI.dll
0x00007ffa1abf0000 - 0x00007ffa1ac00000 	C:\Program Files\Java\jdk-21.0.11\bin\verify.dll

dbghelp: loaded successfully - version: 4.0.5 - missing functions: none
symbol engine: initialized successfully - sym options: 0x614 - pdb path: .;C:\Program Files\Java\jdk-21.0.11\bin;C:\Windows\SYSTEM32;C:\Windows\WinSxS\amd64_microsoft.windows.common-controls_6595b64144ccf1df_6.0.19041.6926_none_60b5a53971f8f7e6;C:\Program Files\Java\jdk-21.0.11\bin\server

VM Arguments:
java_command: C:\Users\4\AppData\Local\Temp\surefire8048944592950209744\surefirebooter-20260602204021741_3.jar C:\Users\4\AppData\Local\Temp\surefire8048944592950209744 2026-06-02T20-40-21_508-jvmRun1 surefire-20260602204021741_1tmp surefire_0-20260602204021741_2tmp
java_class_path (initial): C:\Users\4\AppData\Local\Temp\surefire8048944592950209744\surefirebooter-20260602204021741_3.jar
Launcher Type: SUN_STANDARD

[Global flags]
     intx CICompilerCount                          = 3                                         {product} {ergonomic}
     uint ConcGCThreads                            = 1                                         {product} {ergonomic}
     uint G1ConcRefinementThreads                  = 4                                         {product} {ergonomic}
   size_t G1HeapRegionSize                         = 1048576                                   {product} {ergonomic}
    uintx GCDrainStackTargetSize                   = 64                                        {product} {ergonomic}
   size_t InitialHeapSize                          = 67108864                                  {product} {ergonomic}
   size_t MarkStackSize                            = 4194304                                   {product} {ergonomic}
   size_t MaxHeapSize                              = 1050673152                                {product} {ergonomic}
   size_t MaxNewSize                               = 630194176                                 {product} {ergonomic}
   size_t MinHeapDeltaBytes                        = 1048576                                   {product} {ergonomic}
   size_t MinHeapSize                              = 8388608                                   {product} {ergonomic}
    uintx NonNMethodCodeHeapSize                   = 5832780                                {pd product} {ergonomic}
    uintx NonProfiledCodeHeapSize                  = 122912730                              {pd product} {ergonomic}
    uintx ProfiledCodeHeapSize                     = 122912730                              {pd product} {ergonomic}
    uintx ReservedCodeCacheSize                    = 251658240                              {pd product} {ergonomic}
     bool SegmentedCodeCache                       = true                                      {product} {ergonomic}
   size_t SoftMaxHeapSize                          = 1050673152                             {manageable} {ergonomic}
     bool UseCompressedOops                        = true                           {product lp64_product} {ergonomic}
     bool UseG1GC                                  = true                                      {product} {ergonomic}
     bool UseLargePagesIndividualAllocation        = false                                  {pd product} {ergonomic}

Logging:
Log output configuration:
 #0: stdout all=warning uptime,level,tags foldmultilines=false
 #1: stderr all=off uptime,level,tags foldmultilines=false

Environment Variables:
JAVA_HOME=C:\Program Files\Java\jdk-21.0.11
PATH=C:\Windows\System32;C:\Windows;C:\Program Files\Java\jdk-21.0.11\bin;C:\Program Files\maven\apache-maven-3.9.15\bin
USERNAME=4
LANG=en_US.UTF-8
OS=Windows_NT
PROCESSOR_IDENTIFIER=Intel64 Family 6 Model 60 Stepping 3, GenuineIntel
TMP=C:\Users\4\AppData\Local\Temp
TEMP=C:\Users\4\AppData\Local\Temp




Periodic native trim disabled

---------------  S Y S T E M  ---------------

OS:
 Windows 10 , 64 bit Build 19041 (10.0.19041.7291)
OS uptime: 0 days 2:17 hours

CPU: total 4 (initial active 4) (2 cores per cpu, 2 threads per core) family 6 model 60 stepping 3 microcode 0x27, cx8, cmov, fxsr, ht, mmx, sse, sse2, sse3, ssse3, sse4.1, sse4.2, popcnt, lzcnt, tsc, tscinvbit, avx, avx2, aes, erms, clmul, bmi1, bmi2, fma, vzeroupper, clflush, rdtscp, f16c
Processor Information for all 4 processors :
  Max Mhz: 2601, Current Mhz: 2601, Mhz Limit: 2601

Memory: 4k page, system-wide physical 4001M (100M free)
TotalPageFile size 16289M (AvailPageFile size 0M)
current process WorkingSet (physical memory assigned to process): 198M, peak: 212M
current process commit charge ("private bytes"): 266M, peak: 266M

vm_info: Java HotSpot(TM) 64-Bit Server VM (21.0.11+9-LTS-211) for windows-amd64 JRE (21.0.11+9-LTS-211), built on 2026-03-11T00:23:15Z by "mach5run" with MS VC++ 17.13 (VS2022)

END.
